{"/Users/ysadamt/tamu/spring2024/csce331/projects/project-3-full-stack-agile-web-project-3-907-30/next-env.d.ts":{"path":"/Users/ysadamt/tamu/spring2024/csce331/projects/project-3-full-stack-agile-web-project-3-907-30/next-env.d.ts","statementMap":{},"fnMap":{},"branchMap":{},"s":{},"f":{},"b":{},"all":true},"/Users/ysadamt/tamu/spring2024/csce331/projects/project-3-full-stack-agile-web-project-3-907-30/next.config.mjs":{"path":"/Users/ysadamt/tamu/spring2024/csce331/projects/project-3-full-stack-agile-web-project-3-907-30/next.config.mjs","statementMap":{"0":{"start":{"line":2,"column":19},"end":{"line":4,"column":1}}},"fnMap":{},"branchMap":{},"s":{"0":0},"f":{},"b":{},"all":true},"/Users/ysadamt/tamu/spring2024/csce331/projects/project-3-full-stack-agile-web-project-3-907-30/postcss.config.js":{"path":"/Users/ysadamt/tamu/spring2024/csce331/projects/project-3-full-stack-agile-web-project-3-907-30/postcss.config.js","statementMap":{"0":{"start":{"line":1,"column":0},"end":{"line":6,"column":2}}},"fnMap":{},"branchMap":{},"s":{"0":0},"f":{},"b":{},"all":true},"/Users/ysadamt/tamu/spring2024/csce331/projects/project-3-full-stack-agile-web-project-3-907-30/src/components/common/translate.tsx":{"path":"/Users/ysadamt/tamu/spring2024/csce331/projects/project-3-full-stack-agile-web-project-3-907-30/src/components/common/translate.tsx","statementMap":{"0":{"start":{"line":22,"column":18},"end":{"line":89,"column":1}},"1":{"start":{"line":23,"column":48},"end":{"line":23,"column":65}},"2":{"start":{"line":24,"column":34},"end":{"line":24,"column":53}},"3":{"start":{"line":26,"column":37},"end":{"line":33,"column":3}},"4":{"start":{"line":27,"column":4},"end":{"line":32,"column":34}},"5":{"start":{"line":38,"column":21},"end":{"line":48,"column":3}},"6":{"start":{"line":39,"column":4},"end":{"line":46,"column":5}},"7":{"start":{"line":40,"column":6},"end":{"line":40,"column":42}},"8":{"start":{"line":41,"column":6},"end":{"line":41,"column":20}},"9":{"start":{"line":44,"column":6},"end":{"line":44,"column":31}},"10":{"start":{"line":45,"column":6},"end":{"line":45,"column":20}},"11":{"start":{"line":47,"column":4},"end":{"line":47,"column":28}},"12":{"start":{"line":50,"column":2},"end":{"line":64,"column":9}},"13":{"start":{"line":51,"column":4},"end":{"line":51,"column":25}},"14":{"start":{"line":53,"column":20},"end":{"line":53,"column":52}},"15":{"start":{"line":54,"column":4},"end":{"line":54,"column":113}},"16":{"start":{"line":55,"column":4},"end":{"line":55,"column":41}},"17":{"start":{"line":56,"column":4},"end":{"line":56,"column":67}},"18":{"start":{"line":58,"column":4},"end":{"line":63,"column":5}},"19":{"start":{"line":59,"column":6},"end":{"line":59,"column":41}},"20":{"start":{"line":62,"column":6},"end":{"line":62,"column":29}},"21":{"start":{"line":69,"column":29},"end":{"line":73,"column":3}},"22":{"start":{"line":70,"column":21},"end":{"line":70,"column":58}},"23":{"start":{"line":71,"column":17},"end":{"line":71,"column":38}},"24":{"start":{"line":72,"column":4},"end":{"line":72,"column":48}},"25":{"start":{"line":75,"column":2},"end":{"line":88,"column":4}},"26":{"start":{"line":85,"column":33},"end":{"line":85,"column":54}}},"fnMap":{"0":{"name":"(anonymous_0)","decl":{"start":{"line":22,"column":18},"end":{"line":22,"column":19}},"loc":{"start":{"line":22,"column":24},"end":{"line":89,"column":1}},"line":22},"1":{"name":"(anonymous_1)","decl":{"start":{"line":26,"column":37},"end":{"line":26,"column":38}},"loc":{"start":{"line":26,"column":43},"end":{"line":33,"column":3}},"line":26},"2":{"name":"(anonymous_2)","decl":{"start":{"line":38,"column":21},"end":{"line":38,"column":22}},"loc":{"start":{"line":38,"column":51},"end":{"line":48,"column":3}},"line":38},"3":{"name":"(anonymous_3)","decl":{"start":{"line":50,"column":12},"end":{"line":50,"column":13}},"loc":{"start":{"line":50,"column":18},"end":{"line":64,"column":3}},"line":50},"4":{"name":"(anonymous_4)","decl":{"start":{"line":69,"column":29},"end":{"line":69,"column":30}},"loc":{"start":{"line":69,"column":41},"end":{"line":73,"column":3}},"line":69},"5":{"name":"(anonymous_5)","decl":{"start":{"line":85,"column":18},"end":{"line":85,"column":19}},"loc":{"start":{"line":85,"column":33},"end":{"line":85,"column":54}},"line":85}},"branchMap":{"0":{"loc":{"start":{"line":39,"column":4},"end":{"line":46,"column":5}},"type":"if","locations":[{"start":{"line":39,"column":4},"end":{"line":46,"column":5}},{"start":{"line":39,"column":4},"end":{"line":46,"column":5}}],"line":39},"1":{"loc":{"start":{"line":58,"column":4},"end":{"line":63,"column":5}},"type":"if","locations":[{"start":{"line":58,"column":4},"end":{"line":63,"column":5}},{"start":{"line":58,"column":4},"end":{"line":63,"column":5}}],"line":58}},"s":{"0":0,"1":0,"2":0,"3":0,"4":0,"5":0,"6":0,"7":0,"8":0,"9":0,"10":0,"11":0,"12":0,"13":0,"14":0,"15":0,"16":0,"17":0,"18":0,"19":0,"20":0,"21":0,"22":0,"23":0,"24":0,"25":0,"26":0},"f":{"0":0,"1":0,"2":0,"3":0,"4":0,"5":0},"b":{"0":[0,0],"1":[0,0]},"all":true},"/Users/ysadamt/tamu/spring2024/csce331/projects/project-3-full-stack-agile-web-project-3-907-30/src/components/customer/customer-info.tsx":{"path":"/Users/ysadamt/tamu/spring2024/csce331/projects/project-3-full-stack-agile-web-project-3-907-30/src/components/customer/customer-info.tsx","statementMap":{"0":{"start":{"line":16,"column":38},"end":{"line":68,"column":1}},"1":{"start":{"line":17,"column":57},"end":{"line":17,"column":72}},"2":{"start":{"line":20,"column":2},"end":{"line":24,"column":3}},"3":{"start":{"line":21,"column":4},"end":{"line":21,"column":76}},"4":{"start":{"line":22,"column":4},"end":{"line":22,"column":80}},"5":{"start":{"line":23,"column":4},"end":{"line":23,"column":72}},"6":{"start":{"line":27,"column":2},"end":{"line":65,"column":9}},"7":{"start":{"line":28,"column":27},"end":{"line":58,"column":5}},"8":{"start":{"line":35,"column":6},"end":{"line":50,"column":7}},"9":{"start":{"line":36,"column":8},"end":{"line":36,"column":59}},"10":{"start":{"line":37,"column":8},"end":{"line":37,"column":63}},"11":{"start":{"line":38,"column":8},"end":{"line":38,"column":55}},"12":{"start":{"line":39,"column":8},"end":{"line":39,"column":52}},"13":{"start":{"line":40,"column":8},"end":{"line":40,"column":56}},"14":{"start":{"line":41,"column":8},"end":{"line":41,"column":48}},"15":{"start":{"line":44,"column":8},"end":{"line":44,"column":27}},"16":{"start":{"line":45,"column":8},"end":{"line":45,"column":29}},"17":{"start":{"line":46,"column":8},"end":{"line":46,"column":25}},"18":{"start":{"line":47,"column":8},"end":{"line":47,"column":24}},"19":{"start":{"line":48,"column":8},"end":{"line":48,"column":26}},"20":{"start":{"line":49,"column":8},"end":{"line":49,"column":22}},"21":{"start":{"line":51,"column":6},"end":{"line":57,"column":7}},"22":{"start":{"line":52,"column":8},"end":{"line":52,"column":58}},"23":{"start":{"line":52,"column":46},"end":{"line":52,"column":56}},"24":{"start":{"line":54,"column":8},"end":{"line":54,"column":55}},"25":{"start":{"line":55,"column":8},"end":{"line":55,"column":59}},"26":{"start":{"line":56,"column":8},"end":{"line":56,"column":51}},"27":{"start":{"line":61,"column":23},"end":{"line":61,"column":55}},"28":{"start":{"line":63,"column":4},"end":{"line":63,"column":43}},"29":{"start":{"line":63,"column":17},"end":{"line":63,"column":42}},"30":{"start":{"line":67,"column":2},"end":{"line":67,"column":28}},"31":{"start":{"line":88,"column":21},"end":{"line":139,"column":1}},"32":{"start":{"line":89,"column":29},"end":{"line":89,"column":60}},"33":{"start":{"line":96,"column":34},"end":{"line":96,"column":49}},"34":{"start":{"line":97,"column":2},"end":{"line":100,"column":8}},"35":{"start":{"line":99,"column":4},"end":{"line":99,"column":22}},"36":{"start":{"line":102,"column":2},"end":{"line":105,"column":3}},"37":{"start":{"line":104,"column":4},"end":{"line":104,"column":16}},"38":{"start":{"line":107,"column":2},"end":{"line":116,"column":3}},"39":{"start":{"line":108,"column":4},"end":{"line":108,"column":57}},"40":{"start":{"line":109,"column":4},"end":{"line":109,"column":61}},"41":{"start":{"line":110,"column":4},"end":{"line":110,"column":53}},"42":{"start":{"line":113,"column":4},"end":{"line":113,"column":24}},"43":{"start":{"line":114,"column":4},"end":{"line":114,"column":26}},"44":{"start":{"line":115,"column":4},"end":{"line":115,"column":22}},"45":{"start":{"line":118,"column":2},"end":{"line":138,"column":4}}},"fnMap":{"0":{"name":"(anonymous_0)","decl":{"start":{"line":16,"column":38},"end":{"line":16,"column":39}},"loc":{"start":{"line":16,"column":44},"end":{"line":68,"column":1}},"line":16},"1":{"name":"(anonymous_1)","decl":{"start":{"line":27,"column":12},"end":{"line":27,"column":13}},"loc":{"start":{"line":27,"column":18},"end":{"line":65,"column":3}},"line":27},"2":{"name":"(anonymous_2)","decl":{"start":{"line":28,"column":27},"end":{"line":28,"column":28}},"loc":{"start":{"line":28,"column":33},"end":{"line":58,"column":5}},"line":28},"3":{"name":"(anonymous_3)","decl":{"start":{"line":52,"column":33},"end":{"line":52,"column":34}},"loc":{"start":{"line":52,"column":46},"end":{"line":52,"column":56}},"line":52},"4":{"name":"(anonymous_4)","decl":{"start":{"line":63,"column":11},"end":{"line":63,"column":12}},"loc":{"start":{"line":63,"column":17},"end":{"line":63,"column":42}},"line":63},"5":{"name":"(anonymous_5)","decl":{"start":{"line":88,"column":21},"end":{"line":88,"column":22}},"loc":{"start":{"line":88,"column":128},"end":{"line":139,"column":1}},"line":88},"6":{"name":"(anonymous_6)","decl":{"start":{"line":97,"column":12},"end":{"line":97,"column":13}},"loc":{"start":{"line":97,"column":18},"end":{"line":100,"column":3}},"line":97}},"branchMap":{"0":{"loc":{"start":{"line":20,"column":2},"end":{"line":24,"column":3}},"type":"if","locations":[{"start":{"line":20,"column":2},"end":{"line":24,"column":3}},{"start":{"line":20,"column":2},"end":{"line":24,"column":3}}],"line":20},"1":{"loc":{"start":{"line":35,"column":6},"end":{"line":50,"column":7}},"type":"if","locations":[{"start":{"line":35,"column":6},"end":{"line":50,"column":7}},{"start":{"line":35,"column":6},"end":{"line":50,"column":7}}],"line":35},"2":{"loc":{"start":{"line":51,"column":6},"end":{"line":57,"column":7}},"type":"if","locations":[{"start":{"line":51,"column":6},"end":{"line":57,"column":7}},{"start":{"line":51,"column":6},"end":{"line":57,"column":7}}],"line":51},"3":{"loc":{"start":{"line":51,"column":10},"end":{"line":51,"column":66}},"type":"binary-expr","locations":[{"start":{"line":51,"column":10},"end":{"line":51,"column":34}},{"start":{"line":51,"column":38},"end":{"line":51,"column":66}}],"line":51},"4":{"loc":{"start":{"line":88,"column":24},"end":{"line":88,"column":92}},"type":"default-arg","locations":[{"start":{"line":88,"column":34},"end":{"line":88,"column":92}}],"line":88},"5":{"loc":{"start":{"line":102,"column":2},"end":{"line":105,"column":3}},"type":"if","locations":[{"start":{"line":102,"column":2},"end":{"line":105,"column":3}},{"start":{"line":102,"column":2},"end":{"line":105,"column":3}}],"line":102},"6":{"loc":{"start":{"line":107,"column":2},"end":{"line":116,"column":3}},"type":"if","locations":[{"start":{"line":107,"column":2},"end":{"line":116,"column":3}},{"start":{"line":107,"column":2},"end":{"line":116,"column":3}}],"line":107},"7":{"loc":{"start":{"line":123,"column":9},"end":{"line":126,"column":9}},"type":"binary-expr","locations":[{"start":{"line":123,"column":9},"end":{"line":123,"column":30}},{"start":{"line":124,"column":10},"end":{"line":124,"column":56}}],"line":123},"8":{"loc":{"start":{"line":127,"column":9},"end":{"line":130,"column":9}},"type":"binary-expr","locations":[{"start":{"line":127,"column":9},"end":{"line":127,"column":39}},{"start":{"line":128,"column":10},"end":{"line":128,"column":37}}],"line":127},"9":{"loc":{"start":{"line":131,"column":9},"end":{"line":134,"column":9}},"type":"binary-expr","locations":[{"start":{"line":131,"column":9},"end":{"line":131,"column":30}},{"start":{"line":131,"column":34},"end":{"line":131,"column":64}},{"start":{"line":132,"column":10},"end":{"line":132,"column":72}}],"line":131}},"s":{"0":0,"1":0,"2":0,"3":0,"4":0,"5":0,"6":0,"7":0,"8":0,"9":0,"10":0,"11":0,"12":0,"13":0,"14":0,"15":0,"16":0,"17":0,"18":0,"19":0,"20":0,"21":0,"22":0,"23":0,"24":0,"25":0,"26":0,"27":0,"28":0,"29":0,"30":0,"31":0,"32":0,"33":0,"34":0,"35":0,"36":0,"37":0,"38":0,"39":0,"40":0,"41":0,"42":0,"43":0,"44":0,"45":0},"f":{"0":0,"1":0,"2":0,"3":0,"4":0,"5":0,"6":0},"b":{"0":[0,0],"1":[0,0],"2":[0,0],"3":[0,0],"4":[0],"5":[0,0],"6":[0,0],"7":[0,0],"8":[0,0],"9":[0,0,0]},"all":true},"/Users/ysadamt/tamu/spring2024/csce331/projects/project-3-full-stack-agile-web-project-3-907-30/src/components/customer/customer-orders.tsx":{"path":"/Users/ysadamt/tamu/spring2024/csce331/projects/project-3-full-stack-agile-web-project-3-907-30/src/components/customer/customer-orders.tsx","statementMap":{"0":{"start":{"line":25,"column":23},"end":{"line":86,"column":1}},"1":{"start":{"line":26,"column":30},"end":{"line":26,"column":59}},"2":{"start":{"line":32,"column":34},"end":{"line":49,"column":3}},"3":{"start":{"line":33,"column":17},"end":{"line":41,"column":6}},"4":{"start":{"line":34,"column":6},"end":{"line":40,"column":8}},"5":{"start":{"line":35,"column":8},"end":{"line":39,"column":9}},"6":{"start":{"line":36,"column":10},"end":{"line":36,"column":22}},"7":{"start":{"line":38,"column":10},"end":{"line":38,"column":22}},"8":{"start":{"line":43,"column":4},"end":{"line":43,"column":22}},"9":{"start":{"line":44,"column":4},"end":{"line":48,"column":5}},"10":{"start":{"line":45,"column":6},"end":{"line":45,"column":20}},"11":{"start":{"line":47,"column":6},"end":{"line":47,"column":22}},"12":{"start":{"line":51,"column":2},"end":{"line":53,"column":4}},"13":{"start":{"line":52,"column":4},"end":{"line":52,"column":30}},"14":{"start":{"line":55,"column":2},"end":{"line":85,"column":3}},"15":{"start":{"line":72,"column":16},"end":{"line":78,"column":17}}},"fnMap":{"0":{"name":"(anonymous_0)","decl":{"start":{"line":25,"column":23},"end":{"line":25,"column":24}},"loc":{"start":{"line":25,"column":56},"end":{"line":86,"column":1}},"line":25},"1":{"name":"(anonymous_1)","decl":{"start":{"line":32,"column":34},"end":{"line":32,"column":35}},"loc":{"start":{"line":32,"column":61},"end":{"line":49,"column":3}},"line":32},"2":{"name":"(anonymous_2)","decl":{"start":{"line":33,"column":78},"end":{"line":33,"column":79}},"loc":{"start":{"line":33,"column":93},"end":{"line":41,"column":5}},"line":33},"3":{"name":"(anonymous_3)","decl":{"start":{"line":34,"column":35},"end":{"line":34,"column":36}},"loc":{"start":{"line":34,"column":45},"end":{"line":40,"column":7}},"line":34},"4":{"name":"(anonymous_4)","decl":{"start":{"line":51,"column":12},"end":{"line":51,"column":13}},"loc":{"start":{"line":51,"column":18},"end":{"line":53,"column":3}},"line":51},"5":{"name":"(anonymous_5)","decl":{"start":{"line":71,"column":26},"end":{"line":71,"column":27}},"loc":{"start":{"line":71,"column":37},"end":{"line":79,"column":15}},"line":71}},"branchMap":{"0":{"loc":{"start":{"line":35,"column":8},"end":{"line":39,"column":9}},"type":"if","locations":[{"start":{"line":35,"column":8},"end":{"line":39,"column":9}},{"start":{"line":35,"column":8},"end":{"line":39,"column":9}}],"line":35},"1":{"loc":{"start":{"line":44,"column":4},"end":{"line":48,"column":5}},"type":"if","locations":[{"start":{"line":44,"column":4},"end":{"line":48,"column":5}},{"start":{"line":44,"column":4},"end":{"line":48,"column":5}}],"line":44},"2":{"loc":{"start":{"line":58,"column":9},"end":{"line":60,"column":9}},"type":"binary-expr","locations":[{"start":{"line":58,"column":9},"end":{"line":58,"column":28}},{"start":{"line":59,"column":10},"end":{"line":59,"column":56}}],"line":58},"3":{"loc":{"start":{"line":61,"column":9},"end":{"line":82,"column":9}},"type":"binary-expr","locations":[{"start":{"line":61,"column":9},"end":{"line":61,"column":28}},{"start":{"line":62,"column":10},"end":{"line":81,"column":18}}],"line":61},"4":{"loc":{"start":{"line":76,"column":32},"end":{"line":76,"column":61}},"type":"cond-expr","locations":[{"start":{"line":76,"column":52},"end":{"line":76,"column":55}},{"start":{"line":76,"column":58},"end":{"line":76,"column":61}}],"line":76}},"s":{"0":0,"1":0,"2":0,"3":0,"4":0,"5":0,"6":0,"7":0,"8":0,"9":0,"10":0,"11":0,"12":0,"13":0,"14":0,"15":0},"f":{"0":0,"1":0,"2":0,"3":0,"4":0,"5":0},"b":{"0":[0,0],"1":[0,0],"2":[0,0],"3":[0,0],"4":[0,0]},"all":true},"/Users/ysadamt/tamu/spring2024/csce331/projects/project-3-full-stack-agile-web-project-3-907-30/src/components/customer/customer-sign-up.tsx":{"path":"/Users/ysadamt/tamu/spring2024/csce331/projects/project-3-full-stack-agile-web-project-3-907-30/src/components/customer/customer-sign-up.tsx","statementMap":{"0":{"start":{"line":22,"column":19},"end":{"line":32,"column":2}},"1":{"start":{"line":49,"column":23},"end":{"line":169,"column":1}},"2":{"start":{"line":50,"column":37},"end":{"line":50,"column":52}},"3":{"start":{"line":52,"column":14},"end":{"line":59,"column":3}},"4":{"start":{"line":62,"column":19},"end":{"line":62,"column":55}},"5":{"start":{"line":64,"column":18},"end":{"line":64,"column":57}},"6":{"start":{"line":66,"column":2},"end":{"line":81,"column":3}},"7":{"start":{"line":67,"column":3},"end":{"line":71,"column":6}},"8":{"start":{"line":74,"column":3},"end":{"line":77,"column":6}},"9":{"start":{"line":79,"column":3},"end":{"line":79,"column":16}},"10":{"start":{"line":80,"column":3},"end":{"line":80,"column":24}},"11":{"start":{"line":84,"column":1},"end":{"line":168,"column":2}},"12":{"start":{"line":103,"column":9},"end":{"line":109,"column":20}},"13":{"start":{"line":116,"column":9},"end":{"line":122,"column":20}},"14":{"start":{"line":129,"column":9},"end":{"line":157,"column":20}}},"fnMap":{"0":{"name":"(anonymous_0)","decl":{"start":{"line":49,"column":23},"end":{"line":49,"column":24}},"loc":{"start":{"line":49,"column":29},"end":{"line":169,"column":1}},"line":49},"1":{"name":"onSubmit","decl":{"start":{"line":61,"column":16},"end":{"line":61,"column":24}},"loc":{"start":{"line":61,"column":59},"end":{"line":82,"column":2}},"line":61},"2":{"name":"(anonymous_2)","decl":{"start":{"line":102,"column":16},"end":{"line":102,"column":17}},"loc":{"start":{"line":103,"column":9},"end":{"line":109,"column":20}},"line":103},"3":{"name":"(anonymous_3)","decl":{"start":{"line":115,"column":16},"end":{"line":115,"column":17}},"loc":{"start":{"line":116,"column":9},"end":{"line":122,"column":20}},"line":116},"4":{"name":"(anonymous_4)","decl":{"start":{"line":128,"column":16},"end":{"line":128,"column":17}},"loc":{"start":{"line":129,"column":9},"end":{"line":157,"column":20}},"line":129}},"branchMap":{"0":{"loc":{"start":{"line":66,"column":2},"end":{"line":81,"column":3}},"type":"if","locations":[{"start":{"line":66,"column":2},"end":{"line":81,"column":3}},{"start":{"line":66,"column":2},"end":{"line":81,"column":3}}],"line":66}},"s":{"0":0,"1":0,"2":0,"3":0,"4":0,"5":0,"6":0,"7":0,"8":0,"9":0,"10":0,"11":0,"12":0,"13":0,"14":0},"f":{"0":0,"1":0,"2":0,"3":0,"4":0},"b":{"0":[0,0]},"all":true},"/Users/ysadamt/tamu/spring2024/csce331/projects/project-3-full-stack-agile-web-project-3-907-30/src/components/customer/customer-view.tsx":{"path":"/Users/ysadamt/tamu/spring2024/csce331/projects/project-3-full-stack-agile-web-project-3-907-30/src/components/customer/customer-view.tsx","statementMap":{"0":{"start":{"line":84,"column":21},"end":{"line":791,"column":1}},"1":{"start":{"line":85,"column":36},"end":{"line":85,"column":55}},"2":{"start":{"line":86,"column":40},"end":{"line":86,"column":59}},"3":{"start":{"line":87,"column":42},"end":{"line":87,"column":61}},"4":{"start":{"line":88,"column":40},"end":{"line":88,"column":54}},"5":{"start":{"line":89,"column":38},"end":{"line":89,"column":67}},"6":{"start":{"line":90,"column":43},"end":{"line":90,"column":64}},"7":{"start":{"line":91,"column":26},"end":{"line":91,"column":66}},"8":{"start":{"line":92,"column":38},"end":{"line":92,"column":63}},"9":{"start":{"line":93,"column":39},"end":{"line":93,"column":58}},"10":{"start":{"line":95,"column":34},"end":{"line":95,"column":45}},"11":{"start":{"line":96,"column":24},"end":{"line":96,"column":35}},"12":{"start":{"line":97,"column":28},"end":{"line":97,"column":39}},"13":{"start":{"line":98,"column":40},"end":{"line":98,"column":69}},"14":{"start":{"line":99,"column":46},"end":{"line":99,"column":75}},"15":{"start":{"line":100,"column":42},"end":{"line":100,"column":71}},"16":{"start":{"line":101,"column":38},"end":{"line":101,"column":67}},"17":{"start":{"line":102,"column":42},"end":{"line":102,"column":61}},"18":{"start":{"line":104,"column":48},"end":{"line":104,"column":63}},"19":{"start":{"line":105,"column":40},"end":{"line":105,"column":51}},"20":{"start":{"line":106,"column":20},"end":{"line":106,"column":30}},"21":{"start":{"line":108,"column":52},"end":{"line":108,"column":84}},"22":{"start":{"line":109,"column":58},"end":{"line":111,"column":8}},"23":{"start":{"line":118,"column":22},"end":{"line":121,"column":3}},"24":{"start":{"line":119,"column":4},"end":{"line":119,"column":26}},"25":{"start":{"line":120,"column":4},"end":{"line":120,"column":41}},"26":{"start":{"line":130,"column":36},"end":{"line":135,"column":3}},"27":{"start":{"line":131,"column":16},"end":{"line":131,"column":62}},"28":{"start":{"line":132,"column":17},"end":{"line":132,"column":33}},"29":{"start":{"line":133,"column":28},"end":{"line":133,"column":74}},"30":{"start":{"line":133,"column":58},"end":{"line":133,"column":73}},"31":{"start":{"line":134,"column":4},"end":{"line":134,"column":27}},"32":{"start":{"line":142,"column":2},"end":{"line":168,"column":9}},"33":{"start":{"line":143,"column":4},"end":{"line":164,"column":9}},"34":{"start":{"line":144,"column":21},"end":{"line":144,"column":31}},"35":{"start":{"line":147,"column":35},"end":{"line":156,"column":10}},"36":{"start":{"line":148,"column":30},"end":{"line":148,"column":70}},"37":{"start":{"line":150,"column":10},"end":{"line":155,"column":12}},"38":{"start":{"line":158,"column":22},"end":{"line":158,"column":59}},"39":{"start":{"line":159,"column":28},"end":{"line":162,"column":11}},"40":{"start":{"line":159,"column":56},"end":{"line":162,"column":9}},"41":{"start":{"line":163,"column":8},"end":{"line":163,"column":34}},"42":{"start":{"line":165,"column":4},"end":{"line":167,"column":6}},"43":{"start":{"line":166,"column":6},"end":{"line":166,"column":26}},"44":{"start":{"line":177,"column":30},"end":{"line":179,"column":3}},"45":{"start":{"line":178,"column":4},"end":{"line":178,"column":44}},"46":{"start":{"line":186,"column":30},"end":{"line":199,"column":3}},"47":{"start":{"line":187,"column":4},"end":{"line":198,"column":5}},"48":{"start":{"line":188,"column":18},"end":{"line":188,"column":60}},"49":{"start":{"line":190,"column":6},"end":{"line":192,"column":7}},"50":{"start":{"line":191,"column":8},"end":{"line":191,"column":42}},"51":{"start":{"line":194,"column":19},"end":{"line":194,"column":50}},"52":{"start":{"line":195,"column":6},"end":{"line":195,"column":25}},"53":{"start":{"line":197,"column":6},"end":{"line":197,"column":54}},"54":{"start":{"line":201,"column":25},"end":{"line":206,"column":3}},"55":{"start":{"line":202,"column":4},"end":{"line":205,"column":7}},"56":{"start":{"line":202,"column":38},"end":{"line":205,"column":5}},"57":{"start":{"line":208,"column":21},"end":{"line":213,"column":3}},"58":{"start":{"line":209,"column":4},"end":{"line":209,"column":22}},"59":{"start":{"line":212,"column":4},"end":{"line":212,"column":32}},"60":{"start":{"line":217,"column":2},"end":{"line":241,"column":49}},"61":{"start":{"line":218,"column":28},"end":{"line":238,"column":5}},"62":{"start":{"line":219,"column":33},"end":{"line":222,"column":7}},"63":{"start":{"line":220,"column":25},"end":{"line":220,"column":59}},"64":{"start":{"line":223,"column":28},"end":{"line":223,"column":53}},"65":{"start":{"line":225,"column":8},"end":{"line":227,"column":43}},"66":{"start":{"line":229,"column":6},"end":{"line":233,"column":7}},"67":{"start":{"line":230,"column":8},"end":{"line":230,"column":28}},"68":{"start":{"line":231,"column":13},"end":{"line":233,"column":7}},"69":{"start":{"line":232,"column":8},"end":{"line":232,"column":39}},"70":{"start":{"line":235,"column":6},"end":{"line":235,"column":38}},"71":{"start":{"line":236,"column":6},"end":{"line":236,"column":28}},"72":{"start":{"line":237,"column":6},"end":{"line":237,"column":32}},"73":{"start":{"line":240,"column":4},"end":{"line":240,"column":22}},"74":{"start":{"line":256,"column":30},"end":{"line":352,"column":3}},"75":{"start":{"line":257,"column":4},"end":{"line":351,"column":5}},"76":{"start":{"line":258,"column":23},"end":{"line":258,"column":24}},"77":{"start":{"line":259,"column":26},"end":{"line":259,"column":48}},"78":{"start":{"line":261,"column":6},"end":{"line":264,"column":9}},"79":{"start":{"line":266,"column":26},"end":{"line":266,"column":61}},"80":{"start":{"line":266,"column":51},"end":{"line":266,"column":60}},"81":{"start":{"line":267,"column":25},"end":{"line":267,"column":64}},"82":{"start":{"line":267,"column":50},"end":{"line":267,"column":63}},"83":{"start":{"line":268,"column":18},"end":{"line":268,"column":70}},"84":{"start":{"line":270,"column":6},"end":{"line":274,"column":7}},"85":{"start":{"line":271,"column":8},"end":{"line":271,"column":18}},"86":{"start":{"line":272,"column":13},"end":{"line":274,"column":7}},"87":{"start":{"line":273,"column":8},"end":{"line":273,"column":29}},"88":{"start":{"line":276,"column":18},"end":{"line":284,"column":7}},"89":{"start":{"line":286,"column":22},"end":{"line":286,"column":23}},"90":{"start":{"line":288,"column":6},"end":{"line":312,"column":7}},"91":{"start":{"line":289,"column":28},"end":{"line":289,"column":85}},"92":{"start":{"line":291,"column":26},"end":{"line":293,"column":17}},"93":{"start":{"line":292,"column":25},"end":{"line":292,"column":61}},"94":{"start":{"line":297,"column":8},"end":{"line":303,"column":9}},"95":{"start":{"line":298,"column":27},"end":{"line":300,"column":11}},"96":{"start":{"line":301,"column":23},"end":{"line":301,"column":44}},"97":{"start":{"line":302,"column":10},"end":{"line":302,"column":49}},"98":{"start":{"line":305,"column":8},"end":{"line":305,"column":35}},"99":{"start":{"line":307,"column":8},"end":{"line":307,"column":50}},"100":{"start":{"line":308,"column":8},"end":{"line":311,"column":9}},"101":{"start":{"line":309,"column":10},"end":{"line":309,"column":78}},"102":{"start":{"line":310,"column":10},"end":{"line":310,"column":75}},"103":{"start":{"line":314,"column":6},"end":{"line":336,"column":7}},"104":{"start":{"line":315,"column":8},"end":{"line":318,"column":11}},"105":{"start":{"line":321,"column":8},"end":{"line":330,"column":11}},"106":{"start":{"line":332,"column":8},"end":{"line":332,"column":52}},"107":{"start":{"line":335,"column":8},"end":{"line":335,"column":66}},"108":{"start":{"line":339,"column":6},"end":{"line":339,"column":19}},"109":{"start":{"line":342,"column":25},"end":{"line":342,"column":47}},"110":{"start":{"line":343,"column":6},"end":{"line":343,"column":33}},"111":{"start":{"line":345,"column":6},"end":{"line":345,"column":54}},"112":{"start":{"line":346,"column":6},"end":{"line":350,"column":9}},"113":{"start":{"line":358,"column":25},"end":{"line":362,"column":3}},"114":{"start":{"line":359,"column":21},"end":{"line":359,"column":64}},"115":{"start":{"line":360,"column":17},"end":{"line":360,"column":38}},"116":{"start":{"line":361,"column":4},"end":{"line":361,"column":28}},"117":{"start":{"line":376,"column":31},"end":{"line":389,"column":3}},"118":{"start":{"line":377,"column":21},"end":{"line":386,"column":6}},"119":{"start":{"line":387,"column":17},"end":{"line":387,"column":38}},"120":{"start":{"line":388,"column":4},"end":{"line":388,"column":16}},"121":{"start":{"line":403,"column":38},"end":{"line":432,"column":3}},"122":{"start":{"line":405,"column":22},"end":{"line":407,"column":13}},"123":{"start":{"line":406,"column":21},"end":{"line":406,"column":57}},"124":{"start":{"line":410,"column":22},"end":{"line":410,"column":23}},"125":{"start":{"line":411,"column":4},"end":{"line":417,"column":5}},"126":{"start":{"line":412,"column":23},"end":{"line":414,"column":7}},"127":{"start":{"line":415,"column":19},"end":{"line":415,"column":40}},"128":{"start":{"line":416,"column":6},"end":{"line":416,"column":47}},"129":{"start":{"line":421,"column":28},"end":{"line":421,"column":66}},"130":{"start":{"line":422,"column":4},"end":{"line":431,"column":5}},"131":{"start":{"line":423,"column":6},"end":{"line":423,"column":34}},"132":{"start":{"line":425,"column":6},"end":{"line":425,"column":24}},"133":{"start":{"line":426,"column":6},"end":{"line":430,"column":9}},"134":{"start":{"line":434,"column":30},"end":{"line":451,"column":3}},"135":{"start":{"line":435,"column":4},"end":{"line":439,"column":7}},"136":{"start":{"line":436,"column":32},"end":{"line":436,"column":51}},"137":{"start":{"line":437,"column":6},"end":{"line":437,"column":45}},"138":{"start":{"line":438,"column":6},"end":{"line":438,"column":31}},"139":{"start":{"line":441,"column":4},"end":{"line":441,"column":34}},"140":{"start":{"line":442,"column":4},"end":{"line":442,"column":31}},"141":{"start":{"line":445,"column":40},"end":{"line":445,"column":67}},"142":{"start":{"line":446,"column":24},"end":{"line":446,"column":45}},"143":{"start":{"line":447,"column":4},"end":{"line":449,"column":5}},"144":{"start":{"line":448,"column":6},"end":{"line":448,"column":59}},"145":{"start":{"line":450,"column":4},"end":{"line":450,"column":57}},"146":{"start":{"line":454,"column":2},"end":{"line":461,"column":9}},"147":{"start":{"line":455,"column":29},"end":{"line":458,"column":5}},"148":{"start":{"line":456,"column":26},"end":{"line":456,"column":48}},"149":{"start":{"line":457,"column":6},"end":{"line":457,"column":34}},"150":{"start":{"line":460,"column":4},"end":{"line":460,"column":23}},"151":{"start":{"line":463,"column":2},"end":{"line":472,"column":9}},"152":{"start":{"line":464,"column":19},"end":{"line":464,"column":57}},"153":{"start":{"line":465,"column":17},"end":{"line":465,"column":53}},"154":{"start":{"line":466,"column":15},"end":{"line":466,"column":49}},"155":{"start":{"line":467,"column":4},"end":{"line":471,"column":5}},"156":{"start":{"line":468,"column":6},"end":{"line":468,"column":32}},"157":{"start":{"line":469,"column":6},"end":{"line":469,"column":28}},"158":{"start":{"line":470,"column":6},"end":{"line":470,"column":24}},"159":{"start":{"line":475,"column":2},"end":{"line":790,"column":4}},"160":{"start":{"line":524,"column":24},"end":{"line":524,"column":54}},"161":{"start":{"line":525,"column":24},"end":{"line":525,"column":54}},"162":{"start":{"line":536,"column":22},"end":{"line":596,"column":27}},"163":{"start":{"line":546,"column":47},"end":{"line":546,"column":73}},"164":{"start":{"line":554,"column":47},"end":{"line":554,"column":73}},"165":{"start":{"line":563,"column":30},"end":{"line":563,"column":94}},"166":{"start":{"line":570,"column":54},"end":{"line":570,"column":81}},"167":{"start":{"line":572,"column":36},"end":{"line":591,"column":42}},"168":{"start":{"line":581,"column":42},"end":{"line":587,"column":44}},"169":{"start":{"line":617,"column":22},"end":{"line":617,"column":44}},"170":{"start":{"line":640,"column":34},"end":{"line":640,"column":50}},"171":{"start":{"line":641,"column":34},"end":{"line":641,"column":53}},"172":{"start":{"line":651,"column":14},"end":{"line":664,"column":28}},"173":{"start":{"line":655,"column":36},"end":{"line":655,"column":56}},"174":{"start":{"line":656,"column":36},"end":{"line":656,"column":55}},"175":{"start":{"line":669,"column":34},"end":{"line":669,"column":50}},"176":{"start":{"line":670,"column":34},"end":{"line":670,"column":53}},"177":{"start":{"line":684,"column":10},"end":{"line":768,"column":24}},"178":{"start":{"line":688,"column":36},"end":{"line":688,"column":86}},"179":{"start":{"line":690,"column":20},"end":{"line":764,"column":29}},"180":{"start":{"line":693,"column":44},"end":{"line":693,"column":69}},"181":{"start":{"line":694,"column":44},"end":{"line":694,"column":64}},"182":{"start":{"line":697,"column":143},"end":{"line":697,"column":160}},"183":{"start":{"line":746,"column":51},"end":{"line":746,"column":96}},"184":{"start":{"line":753,"column":36},"end":{"line":753,"column":71}},"185":{"start":{"line":754,"column":36},"end":{"line":754,"column":55}}},"fnMap":{"0":{"name":"(anonymous_0)","decl":{"start":{"line":84,"column":21},"end":{"line":84,"column":22}},"loc":{"start":{"line":84,"column":27},"end":{"line":791,"column":1}},"line":84},"1":{"name":"(anonymous_1)","decl":{"start":{"line":118,"column":22},"end":{"line":118,"column":23}},"loc":{"start":{"line":118,"column":43},"end":{"line":121,"column":3}},"line":118},"2":{"name":"(anonymous_2)","decl":{"start":{"line":130,"column":36},"end":{"line":130,"column":37}},"loc":{"start":{"line":130,"column":62},"end":{"line":135,"column":3}},"line":130},"3":{"name":"(anonymous_3)","decl":{"start":{"line":133,"column":37},"end":{"line":133,"column":38}},"loc":{"start":{"line":133,"column":58},"end":{"line":133,"column":73}},"line":133},"4":{"name":"(anonymous_4)","decl":{"start":{"line":142,"column":12},"end":{"line":142,"column":13}},"loc":{"start":{"line":142,"column":18},"end":{"line":168,"column":3}},"line":142},"5":{"name":"(anonymous_5)","decl":{"start":{"line":144,"column":12},"end":{"line":144,"column":13}},"loc":{"start":{"line":144,"column":21},"end":{"line":144,"column":31}},"line":144},"6":{"name":"(anonymous_6)","decl":{"start":{"line":145,"column":12},"end":{"line":145,"column":13}},"loc":{"start":{"line":145,"column":28},"end":{"line":164,"column":7}},"line":145},"7":{"name":"(anonymous_7)","decl":{"start":{"line":147,"column":44},"end":{"line":147,"column":45}},"loc":{"start":{"line":147,"column":65},"end":{"line":156,"column":9}},"line":147},"8":{"name":"(anonymous_8)","decl":{"start":{"line":159,"column":38},"end":{"line":159,"column":39}},"loc":{"start":{"line":159,"column":56},"end":{"line":162,"column":9}},"line":159},"9":{"name":"(anonymous_9)","decl":{"start":{"line":165,"column":29},"end":{"line":165,"column":30}},"loc":{"start":{"line":165,"column":42},"end":{"line":167,"column":5}},"line":165},"10":{"name":"(anonymous_10)","decl":{"start":{"line":177,"column":30},"end":{"line":177,"column":31}},"loc":{"start":{"line":177,"column":50},"end":{"line":179,"column":3}},"line":177},"11":{"name":"(anonymous_11)","decl":{"start":{"line":186,"column":30},"end":{"line":186,"column":31}},"loc":{"start":{"line":186,"column":54},"end":{"line":199,"column":3}},"line":186},"12":{"name":"(anonymous_12)","decl":{"start":{"line":201,"column":25},"end":{"line":201,"column":26}},"loc":{"start":{"line":201,"column":58},"end":{"line":206,"column":3}},"line":201},"13":{"name":"(anonymous_13)","decl":{"start":{"line":202,"column":18},"end":{"line":202,"column":19}},"loc":{"start":{"line":202,"column":38},"end":{"line":205,"column":5}},"line":202},"14":{"name":"(anonymous_14)","decl":{"start":{"line":208,"column":21},"end":{"line":208,"column":22}},"loc":{"start":{"line":208,"column":27},"end":{"line":213,"column":3}},"line":208},"15":{"name":"(anonymous_15)","decl":{"start":{"line":217,"column":12},"end":{"line":217,"column":13}},"loc":{"start":{"line":217,"column":18},"end":{"line":241,"column":3}},"line":217},"16":{"name":"(anonymous_16)","decl":{"start":{"line":218,"column":28},"end":{"line":218,"column":29}},"loc":{"start":{"line":218,"column":34},"end":{"line":238,"column":5}},"line":218},"17":{"name":"(anonymous_17)","decl":{"start":{"line":220,"column":8},"end":{"line":220,"column":9}},"loc":{"start":{"line":220,"column":25},"end":{"line":220,"column":59}},"line":220},"18":{"name":"(anonymous_18)","decl":{"start":{"line":256,"column":30},"end":{"line":256,"column":31}},"loc":{"start":{"line":256,"column":42},"end":{"line":352,"column":3}},"line":256},"19":{"name":"(anonymous_19)","decl":{"start":{"line":266,"column":41},"end":{"line":266,"column":42}},"loc":{"start":{"line":266,"column":51},"end":{"line":266,"column":60}},"line":266},"20":{"name":"(anonymous_20)","decl":{"start":{"line":267,"column":40},"end":{"line":267,"column":41}},"loc":{"start":{"line":267,"column":50},"end":{"line":267,"column":63}},"line":267},"21":{"name":"(anonymous_21)","decl":{"start":{"line":292,"column":15},"end":{"line":292,"column":16}},"loc":{"start":{"line":292,"column":25},"end":{"line":292,"column":61}},"line":292},"22":{"name":"(anonymous_22)","decl":{"start":{"line":358,"column":25},"end":{"line":358,"column":26}},"loc":{"start":{"line":358,"column":37},"end":{"line":362,"column":3}},"line":358},"23":{"name":"(anonymous_23)","decl":{"start":{"line":376,"column":31},"end":{"line":376,"column":32}},"loc":{"start":{"line":376,"column":77},"end":{"line":389,"column":3}},"line":376},"24":{"name":"(anonymous_24)","decl":{"start":{"line":403,"column":38},"end":{"line":403,"column":39}},"loc":{"start":{"line":403,"column":50},"end":{"line":432,"column":3}},"line":403},"25":{"name":"(anonymous_25)","decl":{"start":{"line":406,"column":11},"end":{"line":406,"column":12}},"loc":{"start":{"line":406,"column":21},"end":{"line":406,"column":57}},"line":406},"26":{"name":"(anonymous_26)","decl":{"start":{"line":434,"column":30},"end":{"line":434,"column":31}},"loc":{"start":{"line":434,"column":53},"end":{"line":451,"column":3}},"line":434},"27":{"name":"(anonymous_27)","decl":{"start":{"line":435,"column":18},"end":{"line":435,"column":19}},"loc":{"start":{"line":435,"column":38},"end":{"line":439,"column":5}},"line":435},"28":{"name":"(anonymous_28)","decl":{"start":{"line":454,"column":12},"end":{"line":454,"column":13}},"loc":{"start":{"line":454,"column":18},"end":{"line":461,"column":3}},"line":454},"29":{"name":"(anonymous_29)","decl":{"start":{"line":455,"column":29},"end":{"line":455,"column":30}},"loc":{"start":{"line":455,"column":41},"end":{"line":458,"column":5}},"line":455},"30":{"name":"(anonymous_30)","decl":{"start":{"line":463,"column":12},"end":{"line":463,"column":13}},"loc":{"start":{"line":463,"column":18},"end":{"line":472,"column":3}},"line":463},"31":{"name":"(anonymous_31)","decl":{"start":{"line":523,"column":39},"end":{"line":523,"column":40}},"loc":{"start":{"line":523,"column":54},"end":{"line":526,"column":23}},"line":523},"32":{"name":"(anonymous_32)","decl":{"start":{"line":535,"column":36},"end":{"line":535,"column":37}},"loc":{"start":{"line":536,"column":22},"end":{"line":596,"column":27}},"line":536},"33":{"name":"(anonymous_33)","decl":{"start":{"line":546,"column":41},"end":{"line":546,"column":42}},"loc":{"start":{"line":546,"column":47},"end":{"line":546,"column":73}},"line":546},"34":{"name":"(anonymous_34)","decl":{"start":{"line":554,"column":41},"end":{"line":554,"column":42}},"loc":{"start":{"line":554,"column":47},"end":{"line":554,"column":73}},"line":554},"35":{"name":"(anonymous_35)","decl":{"start":{"line":562,"column":38},"end":{"line":562,"column":39}},"loc":{"start":{"line":563,"column":30},"end":{"line":563,"column":94}},"line":563},"36":{"name":"(anonymous_36)","decl":{"start":{"line":570,"column":40},"end":{"line":570,"column":41}},"loc":{"start":{"line":570,"column":54},"end":{"line":570,"column":81}},"line":570},"37":{"name":"(anonymous_37)","decl":{"start":{"line":571,"column":52},"end":{"line":571,"column":53}},"loc":{"start":{"line":572,"column":36},"end":{"line":591,"column":42}},"line":572},"38":{"name":"(anonymous_38)","decl":{"start":{"line":580,"column":50},"end":{"line":580,"column":51}},"loc":{"start":{"line":581,"column":42},"end":{"line":587,"column":44}},"line":581},"39":{"name":"(anonymous_39)","decl":{"start":{"line":616,"column":29},"end":{"line":616,"column":30}},"loc":{"start":{"line":616,"column":41},"end":{"line":618,"column":21}},"line":616},"40":{"name":"(anonymous_40)","decl":{"start":{"line":640,"column":28},"end":{"line":640,"column":29}},"loc":{"start":{"line":640,"column":34},"end":{"line":640,"column":50}},"line":640},"41":{"name":"(anonymous_41)","decl":{"start":{"line":641,"column":28},"end":{"line":641,"column":29}},"loc":{"start":{"line":641,"column":34},"end":{"line":641,"column":53}},"line":641},"42":{"name":"(anonymous_42)","decl":{"start":{"line":650,"column":28},"end":{"line":650,"column":29}},"loc":{"start":{"line":651,"column":14},"end":{"line":664,"column":28}},"line":651},"43":{"name":"(anonymous_43)","decl":{"start":{"line":655,"column":30},"end":{"line":655,"column":31}},"loc":{"start":{"line":655,"column":36},"end":{"line":655,"column":56}},"line":655},"44":{"name":"(anonymous_44)","decl":{"start":{"line":656,"column":30},"end":{"line":656,"column":31}},"loc":{"start":{"line":656,"column":36},"end":{"line":656,"column":55}},"line":656},"45":{"name":"(anonymous_45)","decl":{"start":{"line":669,"column":28},"end":{"line":669,"column":29}},"loc":{"start":{"line":669,"column":34},"end":{"line":669,"column":50}},"line":669},"46":{"name":"(anonymous_46)","decl":{"start":{"line":670,"column":28},"end":{"line":670,"column":29}},"loc":{"start":{"line":670,"column":34},"end":{"line":670,"column":53}},"line":670},"47":{"name":"(anonymous_47)","decl":{"start":{"line":683,"column":24},"end":{"line":683,"column":25}},"loc":{"start":{"line":684,"column":10},"end":{"line":768,"column":24}},"line":684},"48":{"name":"(anonymous_48)","decl":{"start":{"line":688,"column":26},"end":{"line":688,"column":27}},"loc":{"start":{"line":688,"column":36},"end":{"line":688,"column":86}},"line":688},"49":{"name":"(anonymous_49)","decl":{"start":{"line":689,"column":23},"end":{"line":689,"column":24}},"loc":{"start":{"line":689,"column":38},"end":{"line":765,"column":19}},"line":689},"50":{"name":"(anonymous_50)","decl":{"start":{"line":693,"column":38},"end":{"line":693,"column":39}},"loc":{"start":{"line":693,"column":44},"end":{"line":693,"column":69}},"line":693},"51":{"name":"(anonymous_51)","decl":{"start":{"line":694,"column":38},"end":{"line":694,"column":39}},"loc":{"start":{"line":694,"column":44},"end":{"line":694,"column":64}},"line":694},"52":{"name":"(anonymous_52)","decl":{"start":{"line":697,"column":137},"end":{"line":697,"column":138}},"loc":{"start":{"line":697,"column":143},"end":{"line":697,"column":160}},"line":697},"53":{"name":"(anonymous_53)","decl":{"start":{"line":746,"column":44},"end":{"line":746,"column":45}},"loc":{"start":{"line":746,"column":51},"end":{"line":746,"column":96}},"line":746},"54":{"name":"(anonymous_54)","decl":{"start":{"line":752,"column":43},"end":{"line":752,"column":44}},"loc":{"start":{"line":752,"column":49},"end":{"line":755,"column":35}},"line":752}},"branchMap":{"0":{"loc":{"start":{"line":190,"column":6},"end":{"line":192,"column":7}},"type":"if","locations":[{"start":{"line":190,"column":6},"end":{"line":192,"column":7}},{"start":{"line":190,"column":6},"end":{"line":192,"column":7}}],"line":190},"1":{"loc":{"start":{"line":227,"column":9},"end":{"line":227,"column":42}},"type":"cond-expr","locations":[{"start":{"line":227,"column":27},"end":{"line":227,"column":38}},{"start":{"line":227,"column":41},"end":{"line":227,"column":42}}],"line":227},"2":{"loc":{"start":{"line":229,"column":6},"end":{"line":233,"column":7}},"type":"if","locations":[{"start":{"line":229,"column":6},"end":{"line":233,"column":7}},{"start":{"line":229,"column":6},"end":{"line":233,"column":7}}],"line":229},"3":{"loc":{"start":{"line":229,"column":10},"end":{"line":229,"column":58}},"type":"binary-expr","locations":[{"start":{"line":229,"column":10},"end":{"line":229,"column":25}},{"start":{"line":229,"column":29},"end":{"line":229,"column":58}}],"line":229},"4":{"loc":{"start":{"line":231,"column":13},"end":{"line":233,"column":7}},"type":"if","locations":[{"start":{"line":231,"column":13},"end":{"line":233,"column":7}},{"start":{"line":231,"column":13},"end":{"line":233,"column":7}}],"line":231},"5":{"loc":{"start":{"line":231,"column":17},"end":{"line":231,"column":65}},"type":"binary-expr","locations":[{"start":{"line":231,"column":17},"end":{"line":231,"column":32}},{"start":{"line":231,"column":36},"end":{"line":231,"column":65}}],"line":231},"6":{"loc":{"start":{"line":268,"column":36},"end":{"line":268,"column":69}},"type":"cond-expr","locations":[{"start":{"line":268,"column":54},"end":{"line":268,"column":65}},{"start":{"line":268,"column":68},"end":{"line":268,"column":69}}],"line":268},"7":{"loc":{"start":{"line":270,"column":6},"end":{"line":274,"column":7}},"type":"if","locations":[{"start":{"line":270,"column":6},"end":{"line":274,"column":7}},{"start":{"line":270,"column":6},"end":{"line":274,"column":7}}],"line":270},"8":{"loc":{"start":{"line":270,"column":10},"end":{"line":270,"column":48}},"type":"binary-expr","locations":[{"start":{"line":270,"column":10},"end":{"line":270,"column":25}},{"start":{"line":270,"column":29},"end":{"line":270,"column":48}}],"line":270},"9":{"loc":{"start":{"line":272,"column":13},"end":{"line":274,"column":7}},"type":"if","locations":[{"start":{"line":272,"column":13},"end":{"line":274,"column":7}},{"start":{"line":272,"column":13},"end":{"line":274,"column":7}}],"line":272},"10":{"loc":{"start":{"line":272,"column":17},"end":{"line":272,"column":55}},"type":"binary-expr","locations":[{"start":{"line":272,"column":17},"end":{"line":272,"column":32}},{"start":{"line":272,"column":36},"end":{"line":272,"column":55}}],"line":272},"11":{"loc":{"start":{"line":288,"column":6},"end":{"line":312,"column":7}},"type":"if","locations":[{"start":{"line":288,"column":6},"end":{"line":312,"column":7}},{"start":{"line":288,"column":6},"end":{"line":312,"column":7}}],"line":288},"12":{"loc":{"start":{"line":288,"column":10},"end":{"line":288,"column":55}},"type":"binary-expr","locations":[{"start":{"line":288,"column":10},"end":{"line":288,"column":26}},{"start":{"line":288,"column":30},"end":{"line":288,"column":33}},{"start":{"line":288,"column":37},"end":{"line":288,"column":55}}],"line":288},"13":{"loc":{"start":{"line":289,"column":28},"end":{"line":289,"column":85}},"type":"cond-expr","locations":[{"start":{"line":289,"column":45},"end":{"line":289,"column":81}},{"start":{"line":289,"column":84},"end":{"line":289,"column":85}}],"line":289},"14":{"loc":{"start":{"line":308,"column":8},"end":{"line":311,"column":9}},"type":"if","locations":[{"start":{"line":308,"column":8},"end":{"line":311,"column":9}},{"start":{"line":308,"column":8},"end":{"line":311,"column":9}}],"line":308},"15":{"loc":{"start":{"line":308,"column":12},"end":{"line":308,"column":44}},"type":"binary-expr","locations":[{"start":{"line":308,"column":12},"end":{"line":308,"column":22}},{"start":{"line":308,"column":26},"end":{"line":308,"column":44}}],"line":308},"16":{"loc":{"start":{"line":314,"column":6},"end":{"line":336,"column":7}},"type":"if","locations":[{"start":{"line":314,"column":6},"end":{"line":336,"column":7}},{"start":{"line":314,"column":6},"end":{"line":336,"column":7}}],"line":314},"17":{"loc":{"start":{"line":314,"column":10},"end":{"line":314,"column":35}},"type":"binary-expr","locations":[{"start":{"line":314,"column":10},"end":{"line":314,"column":13}},{"start":{"line":314,"column":17},"end":{"line":314,"column":35}}],"line":314},"18":{"loc":{"start":{"line":328,"column":25},"end":{"line":328,"column":55}},"type":"cond-expr","locations":[{"start":{"line":328,"column":43},"end":{"line":328,"column":47}},{"start":{"line":328,"column":50},"end":{"line":328,"column":55}}],"line":328},"19":{"loc":{"start":{"line":422,"column":4},"end":{"line":431,"column":5}},"type":"if","locations":[{"start":{"line":422,"column":4},"end":{"line":431,"column":5}},{"start":{"line":422,"column":4},"end":{"line":431,"column":5}}],"line":422},"20":{"loc":{"start":{"line":422,"column":8},"end":{"line":422,"column":71}},"type":"binary-expr","locations":[{"start":{"line":422,"column":8},"end":{"line":422,"column":23}},{"start":{"line":422,"column":27},"end":{"line":422,"column":71}}],"line":422},"21":{"loc":{"start":{"line":447,"column":4},"end":{"line":449,"column":5}},"type":"if","locations":[{"start":{"line":447,"column":4},"end":{"line":449,"column":5}},{"start":{"line":447,"column":4},"end":{"line":449,"column":5}}],"line":447},"22":{"loc":{"start":{"line":467,"column":4},"end":{"line":471,"column":5}},"type":"if","locations":[{"start":{"line":467,"column":4},"end":{"line":471,"column":5}},{"start":{"line":467,"column":4},"end":{"line":471,"column":5}}],"line":467},"23":{"loc":{"start":{"line":563,"column":30},"end":{"line":563,"column":94}},"type":"cond-expr","locations":[{"start":{"line":563,"column":39},"end":{"line":563,"column":65}},{"start":{"line":563,"column":68},"end":{"line":563,"column":94}}],"line":563},"24":{"loc":{"start":{"line":568,"column":31},"end":{"line":592,"column":36}},"type":"binary-expr","locations":[{"start":{"line":568,"column":31},"end":{"line":568,"column":40}},{"start":{"line":569,"column":32},"end":{"line":592,"column":36}}],"line":568},"25":{"loc":{"start":{"line":578,"column":42},"end":{"line":578,"column":98}},"type":"binary-expr","locations":[{"start":{"line":578,"column":42},"end":{"line":578,"column":93}},{"start":{"line":578,"column":97},"end":{"line":578,"column":98}}],"line":578},"26":{"loc":{"start":{"line":578,"column":43},"end":{"line":578,"column":80}},"type":"binary-expr","locations":[{"start":{"line":578,"column":43},"end":{"line":578,"column":74}},{"start":{"line":578,"column":78},"end":{"line":578,"column":80}}],"line":578},"27":{"loc":{"start":{"line":584,"column":50},"end":{"line":584,"column":87}},"type":"binary-expr","locations":[{"start":{"line":584,"column":50},"end":{"line":584,"column":81}},{"start":{"line":584,"column":85},"end":{"line":584,"column":87}}],"line":584},"28":{"loc":{"start":{"line":585,"column":60},"end":{"line":585,"column":93}},"type":"binary-expr","locations":[{"start":{"line":585,"column":60},"end":{"line":585,"column":88}},{"start":{"line":585,"column":92},"end":{"line":585,"column":93}}],"line":585},"29":{"loc":{"start":{"line":646,"column":15},"end":{"line":648,"column":15}},"type":"binary-expr","locations":[{"start":{"line":646,"column":15},"end":{"line":646,"column":31}},{"start":{"line":647,"column":16},"end":{"line":647,"column":137}}],"line":646},"30":{"loc":{"start":{"line":661,"column":17},"end":{"line":663,"column":17}},"type":"binary-expr","locations":[{"start":{"line":661,"column":17},"end":{"line":661,"column":37}},{"start":{"line":662,"column":18},"end":{"line":662,"column":139}}],"line":661},"31":{"loc":{"start":{"line":675,"column":15},"end":{"line":677,"column":15}},"type":"binary-expr","locations":[{"start":{"line":675,"column":15},"end":{"line":675,"column":31}},{"start":{"line":676,"column":16},"end":{"line":676,"column":137}}],"line":675},"32":{"loc":{"start":{"line":692,"column":118},"end":{"line":692,"column":193}},"type":"cond-expr","locations":[{"start":{"line":692,"column":146},"end":{"line":692,"column":188}},{"start":{"line":692,"column":191},"end":{"line":692,"column":193}}],"line":692},"33":{"loc":{"start":{"line":709,"column":31},"end":{"line":710,"column":156}},"type":"binary-expr","locations":[{"start":{"line":709,"column":31},"end":{"line":709,"column":43}},{"start":{"line":710,"column":32},"end":{"line":710,"column":156}}],"line":709},"34":{"loc":{"start":{"line":729,"column":33},"end":{"line":729,"column":101}},"type":"binary-expr","locations":[{"start":{"line":729,"column":33},"end":{"line":729,"column":60}},{"start":{"line":729,"column":64},"end":{"line":729,"column":101}}],"line":729},"35":{"loc":{"start":{"line":730,"column":33},"end":{"line":730,"column":99}},"type":"binary-expr","locations":[{"start":{"line":730,"column":33},"end":{"line":730,"column":59}},{"start":{"line":730,"column":63},"end":{"line":730,"column":99}}],"line":730},"36":{"loc":{"start":{"line":731,"column":33},"end":{"line":731,"column":99}},"type":"binary-expr","locations":[{"start":{"line":731,"column":33},"end":{"line":731,"column":59}},{"start":{"line":731,"column":63},"end":{"line":731,"column":99}}],"line":731},"37":{"loc":{"start":{"line":732,"column":33},"end":{"line":732,"column":100}},"type":"binary-expr","locations":[{"start":{"line":732,"column":33},"end":{"line":732,"column":59}},{"start":{"line":732,"column":63},"end":{"line":732,"column":100}}],"line":732},"38":{"loc":{"start":{"line":733,"column":33},"end":{"line":733,"column":100}},"type":"binary-expr","locations":[{"start":{"line":733,"column":33},"end":{"line":733,"column":59}},{"start":{"line":733,"column":63},"end":{"line":733,"column":100}}],"line":733},"39":{"loc":{"start":{"line":775,"column":16},"end":{"line":777,"column":17}},"type":"binary-expr","locations":[{"start":{"line":775,"column":16},"end":{"line":775,"column":45}},{"start":{"line":775,"column":49},"end":{"line":775,"column":92}},{"start":{"line":776,"column":18},"end":{"line":776,"column":92}}],"line":775}},"s":{"0":0,"1":0,"2":0,"3":0,"4":0,"5":0,"6":0,"7":0,"8":0,"9":0,"10":0,"11":0,"12":0,"13":0,"14":0,"15":0,"16":0,"17":0,"18":0,"19":0,"20":0,"21":0,"22":0,"23":0,"24":0,"25":0,"26":0,"27":0,"28":0,"29":0,"30":0,"31":0,"32":0,"33":0,"34":0,"35":0,"36":0,"37":0,"38":0,"39":0,"40":0,"41":0,"42":0,"43":0,"44":0,"45":0,"46":0,"47":0,"48":0,"49":0,"50":0,"51":0,"52":0,"53":0,"54":0,"55":0,"56":0,"57":0,"58":0,"59":0,"60":0,"61":0,"62":0,"63":0,"64":0,"65":0,"66":0,"67":0,"68":0,"69":0,"70":0,"71":0,"72":0,"73":0,"74":0,"75":0,"76":0,"77":0,"78":0,"79":0,"80":0,"81":0,"82":0,"83":0,"84":0,"85":0,"86":0,"87":0,"88":0,"89":0,"90":0,"91":0,"92":0,"93":0,"94":0,"95":0,"96":0,"97":0,"98":0,"99":0,"100":0,"101":0,"102":0,"103":0,"104":0,"105":0,"106":0,"107":0,"108":0,"109":0,"110":0,"111":0,"112":0,"113":0,"114":0,"115":0,"116":0,"117":0,"118":0,"119":0,"120":0,"121":0,"122":0,"123":0,"124":0,"125":0,"126":0,"127":0,"128":0,"129":0,"130":0,"131":0,"132":0,"133":0,"134":0,"135":0,"136":0,"137":0,"138":0,"139":0,"140":0,"141":0,"142":0,"143":0,"144":0,"145":0,"146":0,"147":0,"148":0,"149":0,"150":0,"151":0,"152":0,"153":0,"154":0,"155":0,"156":0,"157":0,"158":0,"159":0,"160":0,"161":0,"162":0,"163":0,"164":0,"165":0,"166":0,"167":0,"168":0,"169":0,"170":0,"171":0,"172":0,"173":0,"174":0,"175":0,"176":0,"177":0,"178":0,"179":0,"180":0,"181":0,"182":0,"183":0,"184":0,"185":0},"f":{"0":0,"1":0,"2":0,"3":0,"4":0,"5":0,"6":0,"7":0,"8":0,"9":0,"10":0,"11":0,"12":0,"13":0,"14":0,"15":0,"16":0,"17":0,"18":0,"19":0,"20":0,"21":0,"22":0,"23":0,"24":0,"25":0,"26":0,"27":0,"28":0,"29":0,"30":0,"31":0,"32":0,"33":0,"34":0,"35":0,"36":0,"37":0,"38":0,"39":0,"40":0,"41":0,"42":0,"43":0,"44":0,"45":0,"46":0,"47":0,"48":0,"49":0,"50":0,"51":0,"52":0,"53":0,"54":0},"b":{"0":[0,0],"1":[0,0],"2":[0,0],"3":[0,0],"4":[0,0],"5":[0,0],"6":[0,0],"7":[0,0],"8":[0,0],"9":[0,0],"10":[0,0],"11":[0,0],"12":[0,0,0],"13":[0,0],"14":[0,0],"15":[0,0],"16":[0,0],"17":[0,0],"18":[0,0],"19":[0,0],"20":[0,0],"21":[0,0],"22":[0,0],"23":[0,0],"24":[0,0],"25":[0,0],"26":[0,0],"27":[0,0],"28":[0,0],"29":[0,0],"30":[0,0],"31":[0,0],"32":[0,0],"33":[0,0],"34":[0,0],"35":[0,0],"36":[0,0],"37":[0,0],"38":[0,0],"39":[0,0,0]},"all":true},"/Users/ysadamt/tamu/spring2024/csce331/projects/project-3-full-stack-agile-web-project-3-907-30/src/components/customer/customer-weather.tsx":{"path":"/Users/ysadamt/tamu/spring2024/csce331/projects/project-3-full-stack-agile-web-project-3-907-30/src/components/customer/customer-weather.tsx","statementMap":{"0":{"start":{"line":12,"column":33},"end":{"line":20,"column":1}},"1":{"start":{"line":13,"column":18},"end":{"line":13,"column":53}},"2":{"start":{"line":14,"column":1},"end":{"line":16,"column":2}},"3":{"start":{"line":15,"column":2},"end":{"line":15,"column":44}},"4":{"start":{"line":18,"column":23},"end":{"line":18,"column":44}},"5":{"start":{"line":19,"column":1},"end":{"line":19,"column":13}},"6":{"start":{"line":34,"column":16},"end":{"line":60,"column":1}},"7":{"start":{"line":36,"column":1},"end":{"line":58,"column":2}},"8":{"start":{"line":38,"column":3},"end":{"line":38,"column":15}},"9":{"start":{"line":39,"column":3},"end":{"line":39,"column":9}},"10":{"start":{"line":41,"column":3},"end":{"line":41,"column":16}},"11":{"start":{"line":42,"column":3},"end":{"line":42,"column":9}},"12":{"start":{"line":44,"column":3},"end":{"line":44,"column":15}},"13":{"start":{"line":45,"column":3},"end":{"line":45,"column":9}},"14":{"start":{"line":47,"column":3},"end":{"line":47,"column":14}},"15":{"start":{"line":48,"column":3},"end":{"line":48,"column":9}},"16":{"start":{"line":50,"column":3},"end":{"line":50,"column":14}},"17":{"start":{"line":51,"column":3},"end":{"line":51,"column":9}},"18":{"start":{"line":53,"column":3},"end":{"line":53,"column":14}},"19":{"start":{"line":54,"column":3},"end":{"line":54,"column":9}},"20":{"start":{"line":56,"column":3},"end":{"line":56,"column":35}},"21":{"start":{"line":57,"column":3},"end":{"line":57,"column":9}},"22":{"start":{"line":59,"column":1},"end":{"line":59,"column":13}},"23":{"start":{"line":68,"column":24},"end":{"line":77,"column":1}},"24":{"start":{"line":70,"column":23},"end":{"line":70,"column":71}},"25":{"start":{"line":72,"column":1},"end":{"line":76,"column":3}}},"fnMap":{"0":{"name":"(anonymous_0)","decl":{"start":{"line":12,"column":33},"end":{"line":12,"column":34}},"loc":{"start":{"line":12,"column":45},"end":{"line":20,"column":1}},"line":12},"1":{"name":"(anonymous_1)","decl":{"start":{"line":34,"column":16},"end":{"line":34,"column":17}},"loc":{"start":{"line":34,"column":43},"end":{"line":60,"column":1}},"line":34},"2":{"name":"(anonymous_2)","decl":{"start":{"line":68,"column":24},"end":{"line":68,"column":25}},"loc":{"start":{"line":68,"column":57},"end":{"line":77,"column":1}},"line":68}},"branchMap":{"0":{"loc":{"start":{"line":14,"column":1},"end":{"line":16,"column":2}},"type":"if","locations":[{"start":{"line":14,"column":1},"end":{"line":16,"column":2}},{"start":{"line":14,"column":1},"end":{"line":16,"column":2}}],"line":14},"1":{"loc":{"start":{"line":36,"column":1},"end":{"line":58,"column":2}},"type":"switch","locations":[{"start":{"line":37,"column":2},"end":{"line":39,"column":9}},{"start":{"line":40,"column":2},"end":{"line":42,"column":9}},{"start":{"line":43,"column":2},"end":{"line":45,"column":9}},{"start":{"line":46,"column":2},"end":{"line":48,"column":9}},{"start":{"line":49,"column":2},"end":{"line":51,"column":9}},{"start":{"line":52,"column":2},"end":{"line":54,"column":9}},{"start":{"line":55,"column":2},"end":{"line":57,"column":9}}],"line":36},"2":{"loc":{"start":{"line":56,"column":10},"end":{"line":56,"column":34}},"type":"cond-expr","locations":[{"start":{"line":56,"column":25},"end":{"line":56,"column":28}},{"start":{"line":56,"column":31},"end":{"line":56,"column":34}}],"line":56},"3":{"loc":{"start":{"line":70,"column":23},"end":{"line":70,"column":71}},"type":"cond-expr","locations":[{"start":{"line":70,"column":38},"end":{"line":70,"column":53}},{"start":{"line":70,"column":56},"end":{"line":70,"column":71}}],"line":70}},"s":{"0":0,"1":0,"2":0,"3":0,"4":0,"5":0,"6":0,"7":0,"8":0,"9":0,"10":0,"11":0,"12":0,"13":0,"14":0,"15":0,"16":0,"17":0,"18":0,"19":0,"20":0,"21":0,"22":0,"23":0,"24":0,"25":0},"f":{"0":0,"1":0,"2":0},"b":{"0":[0,0],"1":[0,0,0,0,0,0,0],"2":[0,0],"3":[0,0]},"all":true},"/Users/ysadamt/tamu/spring2024/csce331/projects/project-3-full-stack-agile-web-project-3-907-30/src/components/customer/rewards-button.tsx":{"path":"/Users/ysadamt/tamu/spring2024/csce331/projects/project-3-full-stack-agile-web-project-3-907-30/src/components/customer/rewards-button.tsx","statementMap":{"0":{"start":{"line":28,"column":19},"end":{"line":32,"column":2}},"1":{"start":{"line":41,"column":22},"end":{"line":144,"column":1}},"2":{"start":{"line":42,"column":37},"end":{"line":42,"column":52}},"3":{"start":{"line":44,"column":14},"end":{"line":49,"column":3}},"4":{"start":{"line":53,"column":19},"end":{"line":53,"column":60}},"5":{"start":{"line":55,"column":2},"end":{"line":55,"column":45}},"6":{"start":{"line":57,"column":29},"end":{"line":57,"column":66}},"7":{"start":{"line":58,"column":2},"end":{"line":74,"column":3}},"8":{"start":{"line":59,"column":3},"end":{"line":62,"column":6}},"9":{"start":{"line":65,"column":3},"end":{"line":65,"column":16}},"10":{"start":{"line":66,"column":3},"end":{"line":66,"column":25}},"11":{"start":{"line":67,"column":3},"end":{"line":67,"column":24}},"12":{"start":{"line":69,"column":3},"end":{"line":73,"column":6}},"13":{"start":{"line":77,"column":1},"end":{"line":143,"column":3}},"14":{"start":{"line":103,"column":9},"end":{"line":131,"column":20}}},"fnMap":{"0":{"name":"(anonymous_0)","decl":{"start":{"line":41,"column":22},"end":{"line":41,"column":23}},"loc":{"start":{"line":41,"column":63},"end":{"line":144,"column":1}},"line":41},"1":{"name":"onSubmit","decl":{"start":{"line":51,"column":16},"end":{"line":51,"column":24}},"loc":{"start":{"line":51,"column":59},"end":{"line":75,"column":2}},"line":51},"2":{"name":"(anonymous_2)","decl":{"start":{"line":102,"column":16},"end":{"line":102,"column":17}},"loc":{"start":{"line":103,"column":9},"end":{"line":131,"column":20}},"line":103}},"branchMap":{"0":{"loc":{"start":{"line":58,"column":2},"end":{"line":74,"column":3}},"type":"if","locations":[{"start":{"line":58,"column":2},"end":{"line":74,"column":3}},{"start":{"line":58,"column":2},"end":{"line":74,"column":3}}],"line":58}},"s":{"0":0,"1":0,"2":0,"3":0,"4":0,"5":0,"6":0,"7":0,"8":0,"9":0,"10":0,"11":0,"12":0,"13":0,"14":0},"f":{"0":0,"1":0,"2":0},"b":{"0":[0,0]},"all":true},"/Users/ysadamt/tamu/spring2024/csce331/projects/project-3-full-stack-agile-web-project-3-907-30/src/components/customer/weather-recc.tsx":{"path":"/Users/ysadamt/tamu/spring2024/csce331/projects/project-3-full-stack-agile-web-project-3-907-30/src/components/customer/weather-recc.tsx","statementMap":{"0":{"start":{"line":14,"column":29},"end":{"line":176,"column":1}},"1":{"start":{"line":15,"column":28},"end":{"line":15,"column":47}},"2":{"start":{"line":16,"column":42},"end":{"line":16,"column":61}},"3":{"start":{"line":17,"column":40},"end":{"line":17,"column":54}},"4":{"start":{"line":18,"column":43},"end":{"line":18,"column":64}},"5":{"start":{"line":24,"column":22},"end":{"line":27,"column":3}},"6":{"start":{"line":25,"column":4},"end":{"line":25,"column":26}},"7":{"start":{"line":26,"column":4},"end":{"line":26,"column":41}},"8":{"start":{"line":33,"column":30},"end":{"line":46,"column":3}},"9":{"start":{"line":34,"column":4},"end":{"line":45,"column":5}},"10":{"start":{"line":35,"column":18},"end":{"line":35,"column":60}},"11":{"start":{"line":37,"column":6},"end":{"line":39,"column":7}},"12":{"start":{"line":38,"column":8},"end":{"line":38,"column":42}},"13":{"start":{"line":41,"column":19},"end":{"line":41,"column":50}},"14":{"start":{"line":42,"column":6},"end":{"line":42,"column":25}},"15":{"start":{"line":44,"column":6},"end":{"line":44,"column":54}},"16":{"start":{"line":54,"column":30},"end":{"line":56,"column":3}},"17":{"start":{"line":55,"column":4},"end":{"line":55,"column":44}},"18":{"start":{"line":58,"column":2},"end":{"line":113,"column":22}},"19":{"start":{"line":59,"column":36},"end":{"line":59,"column":38}},"20":{"start":{"line":61,"column":4},"end":{"line":61,"column":25}},"21":{"start":{"line":64,"column":4},"end":{"line":83,"column":5}},"22":{"start":{"line":65,"column":6},"end":{"line":72,"column":8}},"23":{"start":{"line":66,"column":21},"end":{"line":66,"column":39}},"24":{"start":{"line":67,"column":8},"end":{"line":69,"column":66}},"25":{"start":{"line":71,"column":8},"end":{"line":71,"column":33}},"26":{"start":{"line":76,"column":9},"end":{"line":83,"column":5}},"27":{"start":{"line":77,"column":6},"end":{"line":82,"column":8}},"28":{"start":{"line":78,"column":21},"end":{"line":78,"column":39}},"29":{"start":{"line":79,"column":8},"end":{"line":79,"column":63}},"30":{"start":{"line":81,"column":8},"end":{"line":81,"column":33}},"31":{"start":{"line":86,"column":4},"end":{"line":110,"column":5}},"32":{"start":{"line":87,"column":6},"end":{"line":92,"column":8}},"33":{"start":{"line":88,"column":21},"end":{"line":88,"column":39}},"34":{"start":{"line":89,"column":8},"end":{"line":89,"column":89}},"35":{"start":{"line":91,"column":8},"end":{"line":91,"column":33}},"36":{"start":{"line":93,"column":11},"end":{"line":110,"column":5}},"37":{"start":{"line":94,"column":6},"end":{"line":99,"column":8}},"38":{"start":{"line":95,"column":21},"end":{"line":95,"column":39}},"39":{"start":{"line":96,"column":8},"end":{"line":96,"column":37}},"40":{"start":{"line":98,"column":8},"end":{"line":98,"column":33}},"41":{"start":{"line":103,"column":9},"end":{"line":110,"column":5}},"42":{"start":{"line":104,"column":6},"end":{"line":109,"column":8}},"43":{"start":{"line":105,"column":29},"end":{"line":105,"column":47}},"44":{"start":{"line":106,"column":8},"end":{"line":106,"column":88}},"45":{"start":{"line":108,"column":8},"end":{"line":108,"column":33}},"46":{"start":{"line":111,"column":4},"end":{"line":111,"column":28}},"47":{"start":{"line":115,"column":2},"end":{"line":174,"column":3}},"48":{"start":{"line":119,"column":10},"end":{"line":168,"column":16}},"49":{"start":{"line":121,"column":32},"end":{"line":121,"column":57}},"50":{"start":{"line":122,"column":32},"end":{"line":122,"column":52}},"51":{"start":{"line":125,"column":131},"end":{"line":125,"column":148}},"52":{"start":{"line":149,"column":24},"end":{"line":149,"column":82}}},"fnMap":{"0":{"name":"(anonymous_0)","decl":{"start":{"line":14,"column":29},"end":{"line":14,"column":30}},"loc":{"start":{"line":14,"column":80},"end":{"line":176,"column":1}},"line":14},"1":{"name":"(anonymous_1)","decl":{"start":{"line":24,"column":22},"end":{"line":24,"column":23}},"loc":{"start":{"line":24,"column":43},"end":{"line":27,"column":3}},"line":24},"2":{"name":"(anonymous_2)","decl":{"start":{"line":33,"column":30},"end":{"line":33,"column":31}},"loc":{"start":{"line":33,"column":54},"end":{"line":46,"column":3}},"line":33},"3":{"name":"(anonymous_3)","decl":{"start":{"line":54,"column":30},"end":{"line":54,"column":31}},"loc":{"start":{"line":54,"column":50},"end":{"line":56,"column":3}},"line":54},"4":{"name":"(anonymous_4)","decl":{"start":{"line":58,"column":12},"end":{"line":58,"column":13}},"loc":{"start":{"line":58,"column":18},"end":{"line":113,"column":3}},"line":58},"5":{"name":"(anonymous_5)","decl":{"start":{"line":65,"column":19},"end":{"line":65,"column":20}},"loc":{"start":{"line":65,"column":30},"end":{"line":70,"column":7}},"line":65},"6":{"name":"(anonymous_6)","decl":{"start":{"line":70,"column":13},"end":{"line":70,"column":14}},"loc":{"start":{"line":70,"column":23},"end":{"line":72,"column":7}},"line":70},"7":{"name":"(anonymous_7)","decl":{"start":{"line":77,"column":19},"end":{"line":77,"column":20}},"loc":{"start":{"line":77,"column":30},"end":{"line":80,"column":7}},"line":77},"8":{"name":"(anonymous_8)","decl":{"start":{"line":80,"column":13},"end":{"line":80,"column":14}},"loc":{"start":{"line":80,"column":23},"end":{"line":82,"column":7}},"line":80},"9":{"name":"(anonymous_9)","decl":{"start":{"line":87,"column":19},"end":{"line":87,"column":20}},"loc":{"start":{"line":87,"column":30},"end":{"line":90,"column":7}},"line":87},"10":{"name":"(anonymous_10)","decl":{"start":{"line":90,"column":13},"end":{"line":90,"column":14}},"loc":{"start":{"line":90,"column":23},"end":{"line":92,"column":7}},"line":90},"11":{"name":"(anonymous_11)","decl":{"start":{"line":94,"column":19},"end":{"line":94,"column":20}},"loc":{"start":{"line":94,"column":30},"end":{"line":97,"column":7}},"line":94},"12":{"name":"(anonymous_12)","decl":{"start":{"line":97,"column":13},"end":{"line":97,"column":14}},"loc":{"start":{"line":97,"column":23},"end":{"line":99,"column":7}},"line":97},"13":{"name":"(anonymous_13)","decl":{"start":{"line":104,"column":19},"end":{"line":104,"column":20}},"loc":{"start":{"line":104,"column":30},"end":{"line":107,"column":7}},"line":104},"14":{"name":"(anonymous_14)","decl":{"start":{"line":107,"column":13},"end":{"line":107,"column":14}},"loc":{"start":{"line":107,"column":23},"end":{"line":109,"column":7}},"line":107},"15":{"name":"(anonymous_15)","decl":{"start":{"line":118,"column":18},"end":{"line":118,"column":19}},"loc":{"start":{"line":119,"column":10},"end":{"line":168,"column":16}},"line":119},"16":{"name":"(anonymous_16)","decl":{"start":{"line":121,"column":26},"end":{"line":121,"column":27}},"loc":{"start":{"line":121,"column":32},"end":{"line":121,"column":57}},"line":121},"17":{"name":"(anonymous_17)","decl":{"start":{"line":122,"column":26},"end":{"line":122,"column":27}},"loc":{"start":{"line":122,"column":32},"end":{"line":122,"column":52}},"line":122},"18":{"name":"(anonymous_18)","decl":{"start":{"line":125,"column":125},"end":{"line":125,"column":126}},"loc":{"start":{"line":125,"column":131},"end":{"line":125,"column":148}},"line":125},"19":{"name":"(anonymous_19)","decl":{"start":{"line":148,"column":44},"end":{"line":148,"column":45}},"loc":{"start":{"line":149,"column":24},"end":{"line":149,"column":82}},"line":149}},"branchMap":{"0":{"loc":{"start":{"line":37,"column":6},"end":{"line":39,"column":7}},"type":"if","locations":[{"start":{"line":37,"column":6},"end":{"line":39,"column":7}},{"start":{"line":37,"column":6},"end":{"line":39,"column":7}}],"line":37},"1":{"loc":{"start":{"line":64,"column":4},"end":{"line":83,"column":5}},"type":"if","locations":[{"start":{"line":64,"column":4},"end":{"line":83,"column":5}},{"start":{"line":64,"column":4},"end":{"line":83,"column":5}}],"line":64},"2":{"loc":{"start":{"line":67,"column":15},"end":{"line":69,"column":65}},"type":"binary-expr","locations":[{"start":{"line":67,"column":15},"end":{"line":67,"column":37}},{"start":{"line":67,"column":41},"end":{"line":67,"column":63}},{"start":{"line":68,"column":13},"end":{"line":68,"column":35}},{"start":{"line":68,"column":39},"end":{"line":68,"column":62}},{"start":{"line":69,"column":13},"end":{"line":69,"column":35}},{"start":{"line":69,"column":39},"end":{"line":69,"column":65}}],"line":67},"3":{"loc":{"start":{"line":76,"column":9},"end":{"line":83,"column":5}},"type":"if","locations":[{"start":{"line":76,"column":9},"end":{"line":83,"column":5}},{"start":{"line":76,"column":9},"end":{"line":83,"column":5}}],"line":76},"4":{"loc":{"start":{"line":79,"column":15},"end":{"line":79,"column":62}},"type":"binary-expr","locations":[{"start":{"line":79,"column":15},"end":{"line":79,"column":37}},{"start":{"line":79,"column":41},"end":{"line":79,"column":62}}],"line":79},"5":{"loc":{"start":{"line":86,"column":4},"end":{"line":110,"column":5}},"type":"if","locations":[{"start":{"line":86,"column":4},"end":{"line":110,"column":5}},{"start":{"line":86,"column":4},"end":{"line":110,"column":5}}],"line":86},"6":{"loc":{"start":{"line":86,"column":8},"end":{"line":86,"column":43}},"type":"binary-expr","locations":[{"start":{"line":86,"column":8},"end":{"line":86,"column":21}},{"start":{"line":86,"column":25},"end":{"line":86,"column":43}}],"line":86},"7":{"loc":{"start":{"line":89,"column":15},"end":{"line":89,"column":88}},"type":"binary-expr","locations":[{"start":{"line":89,"column":15},"end":{"line":89,"column":37}},{"start":{"line":89,"column":41},"end":{"line":89,"column":63}},{"start":{"line":89,"column":67},"end":{"line":89,"column":88}}],"line":89},"8":{"loc":{"start":{"line":93,"column":11},"end":{"line":110,"column":5}},"type":"if","locations":[{"start":{"line":93,"column":11},"end":{"line":110,"column":5}},{"start":{"line":93,"column":11},"end":{"line":110,"column":5}}],"line":93},"9":{"loc":{"start":{"line":103,"column":9},"end":{"line":110,"column":5}},"type":"if","locations":[{"start":{"line":103,"column":9},"end":{"line":110,"column":5}},{"start":{"line":103,"column":9},"end":{"line":110,"column":5}}],"line":103},"10":{"loc":{"start":{"line":103,"column":13},"end":{"line":103,"column":49}},"type":"binary-expr","locations":[{"start":{"line":103,"column":13},"end":{"line":103,"column":27}},{"start":{"line":103,"column":31},"end":{"line":103,"column":49}}],"line":103},"11":{"loc":{"start":{"line":106,"column":15},"end":{"line":106,"column":87}},"type":"binary-expr","locations":[{"start":{"line":106,"column":15},"end":{"line":106,"column":36}},{"start":{"line":106,"column":40},"end":{"line":106,"column":62}},{"start":{"line":106,"column":66},"end":{"line":106,"column":87}}],"line":106},"12":{"loc":{"start":{"line":117,"column":7},"end":{"line":172,"column":7}},"type":"cond-expr","locations":[{"start":{"line":118,"column":8},"end":{"line":169,"column":10}},{"start":{"line":171,"column":8},"end":{"line":171,"column":68}}],"line":117},"13":{"loc":{"start":{"line":120,"column":106},"end":{"line":120,"column":181}},"type":"cond-expr","locations":[{"start":{"line":120,"column":134},"end":{"line":120,"column":176}},{"start":{"line":120,"column":179},"end":{"line":120,"column":181}}],"line":120},"14":{"loc":{"start":{"line":137,"column":19},"end":{"line":138,"column":144}},"type":"binary-expr","locations":[{"start":{"line":137,"column":19},"end":{"line":137,"column":31}},{"start":{"line":138,"column":20},"end":{"line":138,"column":144}}],"line":137},"15":{"loc":{"start":{"line":159,"column":21},"end":{"line":159,"column":89}},"type":"binary-expr","locations":[{"start":{"line":159,"column":21},"end":{"line":159,"column":48}},{"start":{"line":159,"column":52},"end":{"line":159,"column":89}}],"line":159},"16":{"loc":{"start":{"line":160,"column":21},"end":{"line":160,"column":87}},"type":"binary-expr","locations":[{"start":{"line":160,"column":21},"end":{"line":160,"column":47}},{"start":{"line":160,"column":51},"end":{"line":160,"column":87}}],"line":160},"17":{"loc":{"start":{"line":161,"column":21},"end":{"line":161,"column":87}},"type":"binary-expr","locations":[{"start":{"line":161,"column":21},"end":{"line":161,"column":47}},{"start":{"line":161,"column":51},"end":{"line":161,"column":87}}],"line":161},"18":{"loc":{"start":{"line":162,"column":21},"end":{"line":162,"column":88}},"type":"binary-expr","locations":[{"start":{"line":162,"column":21},"end":{"line":162,"column":47}},{"start":{"line":162,"column":51},"end":{"line":162,"column":88}}],"line":162},"19":{"loc":{"start":{"line":163,"column":21},"end":{"line":163,"column":88}},"type":"binary-expr","locations":[{"start":{"line":163,"column":21},"end":{"line":163,"column":47}},{"start":{"line":163,"column":51},"end":{"line":163,"column":88}}],"line":163}},"s":{"0":0,"1":0,"2":0,"3":0,"4":0,"5":0,"6":0,"7":0,"8":0,"9":0,"10":0,"11":0,"12":0,"13":0,"14":0,"15":0,"16":0,"17":0,"18":0,"19":0,"20":0,"21":0,"22":0,"23":0,"24":0,"25":0,"26":0,"27":0,"28":0,"29":0,"30":0,"31":0,"32":0,"33":0,"34":0,"35":0,"36":0,"37":0,"38":0,"39":0,"40":0,"41":0,"42":0,"43":0,"44":0,"45":0,"46":0,"47":0,"48":0,"49":0,"50":0,"51":0,"52":0},"f":{"0":0,"1":0,"2":0,"3":0,"4":0,"5":0,"6":0,"7":0,"8":0,"9":0,"10":0,"11":0,"12":0,"13":0,"14":0,"15":0,"16":0,"17":0,"18":0,"19":0},"b":{"0":[0,0],"1":[0,0],"2":[0,0,0,0,0,0],"3":[0,0],"4":[0,0],"5":[0,0],"6":[0,0],"7":[0,0,0],"8":[0,0],"9":[0,0],"10":[0,0],"11":[0,0,0],"12":[0,0],"13":[0,0],"14":[0,0],"15":[0,0],"16":[0,0],"17":[0,0],"18":[0,0],"19":[0,0]},"all":true},"/Users/ysadamt/tamu/spring2024/csce331/projects/project-3-full-stack-agile-web-project-3-907-30/src/components/employee/kitchen/columns.tsx":{"path":"/Users/ysadamt/tamu/spring2024/csce331/projects/project-3-full-stack-agile-web-project-3-907-30/src/components/employee/kitchen/columns.tsx","statementMap":{"0":{"start":{"line":4,"column":50},"end":{"line":48,"column":1}},"1":{"start":{"line":9,"column":27},"end":{"line":9,"column":53}},"2":{"start":{"line":10,"column":24},"end":{"line":10,"column":70}},"3":{"start":{"line":11,"column":6},"end":{"line":11,"column":23}},"4":{"start":{"line":17,"column":18},"end":{"line":17,"column":57}},"5":{"start":{"line":18,"column":24},"end":{"line":21,"column":20}},"6":{"start":{"line":22,"column":6},"end":{"line":22,"column":23}},"7":{"start":{"line":31,"column":29},"end":{"line":31,"column":51}},"8":{"start":{"line":33,"column":6},"end":{"line":45,"column":7}},"9":{"start":{"line":35,"column":10},"end":{"line":35,"column":65}},"10":{"start":{"line":38,"column":10},"end":{"line":38,"column":64}},"11":{"start":{"line":41,"column":10},"end":{"line":41,"column":62}},"12":{"start":{"line":44,"column":10},"end":{"line":44,"column":24}}},"fnMap":{"0":{"name":"(anonymous_0)","decl":{"start":{"line":8,"column":10},"end":{"line":8,"column":11}},"loc":{"start":{"line":8,"column":23},"end":{"line":12,"column":5}},"line":8},"1":{"name":"(anonymous_1)","decl":{"start":{"line":16,"column":10},"end":{"line":16,"column":11}},"loc":{"start":{"line":16,"column":23},"end":{"line":23,"column":5}},"line":16},"2":{"name":"(anonymous_2)","decl":{"start":{"line":30,"column":10},"end":{"line":30,"column":11}},"loc":{"start":{"line":30,"column":23},"end":{"line":46,"column":5}},"line":30}},"branchMap":{"0":{"loc":{"start":{"line":33,"column":6},"end":{"line":45,"column":7}},"type":"switch","locations":[{"start":{"line":34,"column":8},"end":{"line":35,"column":65}},{"start":{"line":37,"column":8},"end":{"line":38,"column":64}},{"start":{"line":40,"column":8},"end":{"line":41,"column":62}},{"start":{"line":43,"column":8},"end":{"line":44,"column":24}}],"line":33}},"s":{"0":0,"1":0,"2":0,"3":0,"4":0,"5":0,"6":0,"7":0,"8":0,"9":0,"10":0,"11":0,"12":0},"f":{"0":0,"1":0,"2":0},"b":{"0":[0,0,0,0]},"all":true},"/Users/ysadamt/tamu/spring2024/csce331/projects/project-3-full-stack-agile-web-project-3-907-30/src/components/employee/kitchen/data-table.tsx":{"path":"/Users/ysadamt/tamu/spring2024/csce331/projects/project-3-full-stack-agile-web-project-3-907-30/src/components/employee/kitchen/data-table.tsx","statementMap":{"0":{"start":{"line":15,"column":26},"end":{"line":15,"column":66}},"1":{"start":{"line":16,"column":36},"end":{"line":16,"column":57}},"2":{"start":{"line":18,"column":2},"end":{"line":20,"column":12}},"3":{"start":{"line":19,"column":4},"end":{"line":19,"column":23}},"4":{"start":{"line":22,"column":16},"end":{"line":26,"column":4}},"5":{"start":{"line":28,"column":29},"end":{"line":52,"column":3}},"6":{"start":{"line":29,"column":26},"end":{"line":33,"column":6}},"7":{"start":{"line":30,"column":20},"end":{"line":30,"column":47}},"8":{"start":{"line":31,"column":6},"end":{"line":31,"column":38}},"9":{"start":{"line":31,"column":31},"end":{"line":31,"column":38}},"10":{"start":{"line":32,"column":6},"end":{"line":32,"column":40}},"11":{"start":{"line":35,"column":4},"end":{"line":41,"column":5}},"12":{"start":{"line":36,"column":6},"end":{"line":40,"column":7}},"13":{"start":{"line":43,"column":4},"end":{"line":51,"column":5}},"14":{"start":{"line":46,"column":10},"end":{"line":48,"column":11}},"15":{"start":{"line":54,"column":20},"end":{"line":67,"column":3}},"16":{"start":{"line":55,"column":18},"end":{"line":55,"column":45}},"17":{"start":{"line":56,"column":4},"end":{"line":56,"column":26}},"18":{"start":{"line":57,"column":26},"end":{"line":60,"column":6}},"19":{"start":{"line":58,"column":6},"end":{"line":58,"column":54}},"20":{"start":{"line":58,"column":32},"end":{"line":58,"column":54}},"21":{"start":{"line":59,"column":6},"end":{"line":59,"column":19}},"22":{"start":{"line":62,"column":4},"end":{"line":64,"column":7}},"23":{"start":{"line":66,"column":4},"end":{"line":66,"column":32}},"24":{"start":{"line":69,"column":2},"end":{"line":158,"column":3}},"25":{"start":{"line":74,"column":12},"end":{"line":90,"column":23}},"26":{"start":{"line":76,"column":16},"end":{"line":85,"column":18}},"27":{"start":{"line":97,"colu
[...]
tart":{"line":28,"column":30},"end":{"line":28,"column":31}},"loc":{"start":{"line":28,"column":50},"end":{"line":30,"column":3}},"line":28},"2":{"name":"(anonymous_2)","decl":{"start":{"line":32,"column":25},"end":{"line":32,"column":26}},"loc":{"start":{"line":32,"column":37},"end":{"line":48,"column":3}},"line":32},"3":{"name":"(anonymous_3)","decl":{"start":{"line":37,"column":60},"end":{"line":37,"column":61}},"loc":{"start":{"line":37,"column":81},"end":{"line":39,"column":9}},"line":37},"4":{"name":"(anonymous_4)","decl":{"start":{"line":50,"column":12},"end":{"line":50,"column":13}},"loc":{"start":{"line":50,"column":18},"end":{"line":52,"column":3}},"line":50},"5":{"name":"(anonymous_5)","decl":{"start":{"line":54,"column":12},"end":{"line":54,"column":13}},"loc":{"start":{"line":54,"column":18},"end":{"line":62,"column":3}},"line":54},"6":{"name":"(anonymous_6)","decl":{"start":{"line":57,"column":50},"end":{"line":57,"column":51}},"loc":{"start":{"line":57,"column":60},"end":{"line":60,"column":7}},"line":57},"7":{"name":"(anonymous_7)","decl":{"start":{"line":68,"column":57},"end":{"line":68,"column":58}},"loc":{"start":{"line":69,"column":12},"end":{"line":94,"column":19}},"line":69},"8":{"name":"(anonymous_8)","decl":{"start":{"line":76,"column":48},"end":{"line":76,"column":49}},"loc":{"start":{"line":77,"column":20},"end":{"line":81,"column":26}},"line":77},"9":{"name":"(anonymous_9)","decl":{"start":{"line":84,"column":35},"end":{"line":84,"column":36}},"loc":{"start":{"line":84,"column":43},"end":{"line":84,"column":85}},"line":84},"10":{"name":"(anonymous_10)","decl":{"start":{"line":84,"column":91},"end":{"line":84,"column":92}},"loc":{"start":{"line":85,"column":20},"end":{"line":89,"column":26}},"line":85}},"branchMap":{"0":{"loc":{"start":{"line":35,"column":6},"end":{"line":44,"column":7}},"type":"if","locations":[{"start":{"line":35,"column":6},"end":{"line":44,"column":7}},{"start":{"line":35,"column":6},"end":{"line":44,"column":7}}],"line":35},"1":{"loc":{"start":{"line":55,"column":4},"end":{"line":61,"column":5}},"type":"if","locations":[{"start":{"line":55,"column":4},"end":{"line":61,"column":5}},{"start":{"line":55,"column":4},"end":{"line":61,"column":5}}],"line":55},"2":{"loc":{"start":{"line":66,"column":7},"end":{"line":102,"column":10}},"type":"cond-expr","locations":[{"start":{"line":67,"column":8},"end":{"line":96,"column":14}},{"start":{"line":96,"column":19},"end":{"line":102,"column":9}}],"line":66},"3":{"loc":{"start":{"line":75,"column":17},"end":{"line":91,"column":17}},"type":"cond-expr","locations":[{"start":{"line":76,"column":18},"end":{"line":82,"column":20}},{"start":{"line":84,"column":18},"end":{"line":90,"column":20}}],"line":75},"4":{"loc":{"start":{"line":96,"column":19},"end":{"line":102,"column":9}},"type":"cond-expr","locations":[{"start":{"line":97,"column":10},"end":{"line":97,"column":49}},{"start":{"line":99,"column":10},"end":{"line":101,"column":15}}],"line":96}},"s":{"0":0,"1":0,"2":0,"3":0,"4":0,"5":0,"6":0,"7":0,"8":0,"9":0,"10":0,"11":0,"12":0,"13":0,"14":0,"15":0,"16":0,"17":0,"18":0,"19":0,"20":0,"21":0,"22":0,"23":0,"24":0,"25":0,"26":0,"27":0,"28":0,"29":0,"30":0},"f":{"0":0,"1":0,"2":0,"3":0,"4":0,"5":0,"6":0,"7":0,"8":0,"9":0,"10":0},"b":{"0":[0,0],"1":[0,0],"2":[0,0],"3":[0,0],"4":[0,0]},"all":true},"/Users/ysadamt/tamu/spring2024/csce331/projects/project-3-full-stack-agile-web-project-3-907-30/src/pages/employee/order.tsx":{"path":"/Users/ysadamt/tamu/spring2024/csce331/projects/project-3-full-stack-agile-web-project-3-907-30/src/pages/employee/order.tsx","statementMap":{"0":{"start":{"line":22,"column":26},"end":{"line":68,"column":1}},"1":{"start":{"line":23,"column":22},"end":{"line":23,"column":47}},"2":{"start":{"line":25,"column":34},"end":{"line":25,"column":54}},"3":{"start":{"line":26,"column":32},"end":{"line":26,"column":47}},"4":{"start":{"line":27,"column":38},"end":{"line":27,"column":63}},"5":{"start":{"line":28,"column":38},"end":{"line":28,"column":69}},"6":{"start":{"line":30,"column":2},"end":{"line":38,"column":16}},"7":{"start":{"line":31,"column":4},"end":{"line":37,"column":5}},"8":{"start":{"line":32,"column":6},"end":{"line":32,"column":23}},"9":{"start":{"line":33,"column":6},"end":{"line":36,"column":9}},"10":{"start":{"line":34,"column":8},"end":{"line":34,"column":26}},"11":{"start":{"line":35,"column":8},"end":{"line":35,"column":26}},"12":{"start":{"line":40,"column":2},"end":{"line":42,"column":9}},"13":{"start":{"line":41,"column":4},"end":{"line":41,"column":44}},"14":{"start":{"line":41,"column":24},"end":{"line":41,"column":42}},"15":{"start":{"line":44,"column":29},"end":{"line":46,"column":3}},"16":{"start":{"line":45,"column":4},"end":{"line":45,"column":22}},"17":{"start":{"line":48,"column":2},"end":{"line":67,"column":4}}},"fnMap":{"0":{"name":"(anonymous_0)","decl":{"start":{"line":22,"column":26},"end":{"line":22,"column":27}},"loc":{"start":{"line":22,"column":32},"end":{"line":68,"column":1}},"line":22},"1":{"name":"(anonymous_1)","decl":{"start":{"line":28,"column":59},"end":{"line":28,"column":60}},"loc":{"start":{"line":28,"column":65},"end":{"line":28,"column":68}},"line":28},"2":{"name":"(anonymous_2)","decl":{"start":{"line":30,"column":12},"end":{"line":30,"column":13}},"loc":{"start":{"line":30,"column":18},"end":{"line":38,"column":3}},"line":30},"3":{"name":"(anonymous_3)","decl":{"start":{"line":33,"column":50},"end":{"line":33,"column":51}},"loc":{"start":{"line":33,"column":60},"end":{"line":36,"column":7}},"line":33},"4":{"name":"(anonymous_4)","decl":{"start":{"line":40,"column":12},"end":{"line":40,"column":13}},"loc":{"start":{"line":40,"column":18},"end":{"line":42,"column":3}},"line":40},"5":{"name":"(anonymous_5)","decl":{"start":{"line":41,"column":18},"end":{"line":41,"column":19}},"loc":{"start":{"line":41,"column":24},"end":{"line":41,"column":42}},"line":41},"6":{"name":"(anonymous_6)","decl":{"start":{"line":44,"column":29},"end":{"line":44,"column":30}},"loc":{"start":{"line":44,"column":35},"end":{"line":46,"column":3}},"line":44}},"branchMap":{"0":{"loc":{"start":{"line":31,"column":4},"end":{"line":37,"column":5}},"type":"if","locations":[{"start":{"line":31,"column":4},"end":{"line":37,"column":5}},{"start":{"line":31,"column":4},"end":{"line":37,"column":5}}],"line":31},"1":{"loc":{"start":{"line":50,"column":7},"end":{"line":65,"column":8}},"type":"cond-expr","locations":[{"start":{"line":51,"column":8},"end":{"line":58,"column":14}},{"start":{"line":59,"column":11},"end":{"line":65,"column":7}}],"line":50},"2":{"loc":{"start":{"line":59,"column":11},"end":{"line":65,"column":7}},"type":"cond-expr","locations":[{"start":{"line":60,"column":8},"end":{"line":60,"column":47}},{"start":{"line":62,"column":8},"end":{"line":64,"column":13}}],"line":59}},"s":{"0":0,"1":0,"2":0,"3":0,"4":0,"5":0,"6":0,"7":0,"8":0,"9":0,"10":0,"11":0,"12":0,"13":0,"14":0,"15":0,"16":0,"17":0},"f":{"0":0,"1":0,"2":0,"3":0,"4":0,"5":0,"6":0},"b":{"0":[0,0],"1":[0,0],"2":[0,0]},"all":true},"/Users/ysadamt/tamu/spring2024/csce331/projects/project-3-full-stack-agile-web-project-3-907-30/src/pages/index.tsx":{"path":"/Users/ysadamt/tamu/spring2024/csce331/projects/project-3-full-stack-agile-web-project-3-907-30/src/pages/index.tsx","statementMap":{"0":{"start":{"line":10,"column":2},"end":{"line":16,"column":3}},"1":{"start":{"line":11,"column":4},"end":{"line":15,"column":6}},"2":{"start":{"line":18,"column":2},"end":{"line":20,"column":4}},"3":{"start":{"line":30,"column":2},"end":{"line":34,"column":4}}},"fnMap":{"0":{"name":"getServerSideProps","decl":{"start":{"line":9,"column":22},"end":{"line":9,"column":40}},"loc":{"start":{"line":9,"column":55},"end":{"line":21,"column":1}},"line":9},"1":{"name":"Home","decl":{"start":{"line":29,"column":24},"end":{"line":29,"column":28}},"loc":{"start":{"line":29,"column":31},"end":{"line":35,"column":1}},"line":29}},"branchMap":{"0":{"loc":{"start":{"line":10,"column":2},"end":{"line":16,"column":3}},"type":"if","locations":[{"start":{"line":10,"column":2},"end":{"line":16,"column":3}},{"start":{"line":10,"column":2},"end":{"line":16,"column":3}}],"line":10}},"s":{"0":0,"1":0,"2":0,"3":0},"f":{"0":0,"1":0},"b":{"0":[0,0]},"all":true},"/Users/ysadamt/tamu/spring2024/csce331/projects/project-3-full-stack-agile-web-project-3-907-30/src/pages/layout.tsx":{"path":"/Users/ysadamt/tamu/spring2024/csce331/projects/project-3-full-stack-agile-web-project-3-907-30/src/pages/layout.tsx","statementMap":{"0":{"start":{"line":37,"column":15},"end":{"line":243,"column":1}},"1":{"start":{"line":38,"column":17},"end":{"line":38,"column":28}},"2":{"start":{"line":39,"column":37},"end":{"line":39,"column":62}},"3":{"start":{"line":41,"column":34},"end":{"line":41,"column":54}},"4":{"start":{"line":42,"column":32},"end":{"line":42,"column":47}},"5":{"start":{"line":43,"column":34},"end":{"line":43,"column":54}},"6":{"start":{"line":44,"column":32},"end":{"line":44,"column":98}},"7":{"start":{"line":45,"column":58},"end":{"line":45,"column":80}},"8":{"start":{"line":46,"column":36},"end":{"line":46,"column":55}},"9":{"start":{"line":47,"column":52},"end":{"line":47,"column":71}},"10":{"start":{"line":54,"column":2},"end":{"line":67,"column":31}},"11":{"start":{"line":55,"column":4},"end":{"line":61,"column":5}},"12":{"start":{"line":56,"column":6},"end":{"line":56,"column":23}},"13":{"start":{"line":57,"column":6},"end":{"line":60,"column":9}},"14":{"start":{"line":58,"column":8},"end":{"line":58,"column":26}},"15":{"start":{"line":59,"column":8},"end":{"line":59,"column":26}},"16":{"start":{"line":62,"column":4},"end":{"line":66,"column":5}},"17":{"start":{"line":63,"column":6},"end":{"line":65,"column":8}},"18":{"start":{"line":64,"column":8},"end":{"line":64,"column":25}},"19":{"start":{"line":71,"column":2},"end":{"line":242,"column":3}},"20":{"start":{"line":220,"column":59},"end":{"line":220,"column":73}},"21":{"start":{"line":229,"column":63},"end":{"line":229,"column":82}}},"fnMap":{"0":{"name":"(anonymous_0)","decl":{"start":{"line":37,"column":15},"end":{"line":37,"column":16}},"loc":{"start":{"line":37,"column":46},"end":{"line":243,"column":1}},"line":37},"1":{"name":"(anonymous_1)","decl":{"start":{"line":54,"column":12},"end":{"line":54,"column":13}},"loc":{"start":{"line":54,"column":18},"end":{"line":67,"column":3}},"line":54},"2":{"name":"(anonymous_2)","decl":{"start":{"line":57,"column":50},"end":{"line":57,"column":51}},"loc":{"start":{"line":57,"column":60},"end":{"line":60,"column":7}},"line":57},"3":{"name":"(anonymous_3)","decl":{"start":{"line":63,"column":31},"end":{"line":63,"column":32}},"loc":{"start":{"line":63,"column":41},"end":{"line":65,"column":7}},"line":63},"4":{"name":"(anonymous_4)","decl":{"start":{"line":220,"column":47},"end":{"line":220,"column":48}},"loc":{"start":{"line":220,"column":59},"end":{"line":220,"column":73}},"line":220},"5":{"name":"(anonymous_5)","decl":{"start":{"line":229,"column":51},"end":{"line":229,"column":52}},"loc":{"start":{"line":229,"column":63},"end":{"line":229,"column":82}},"line":229}},"branchMap":{"0":{"loc":{"start":{"line":55,"column":4},"end":{"line":61,"column":5}},"type":"if","locations":[{"start":{"line":55,"column":4},"end":{"line":61,"column":5}},{"start":{"line":55,"column":4},"end":{"line":61,"column":5}}],"line":55},"1":{"loc":{"start":{"line":62,"column":4},"end":{"line":66,"column":5}},"type":"if","locations":[{"start":{"line":62,"column":4},"end":{"line":66,"column":5}},{"start":{"line":62,"column":4},"end":{"line":66,"column":5}}],"line":62},"2":{"loc":{"start":{"line":76,"column":7},"end":{"line":240,"column":7}},"type":"cond-expr","locations":[{"start":{"line":77,"column":8},"end":{"line":133,"column":16}},{"start":{"line":134,"column":10},"end":{"line":240,"column":7}}],"line":76},"3":{"loc":{"start":{"line":134,"column":10},"end":{"line":240,"column":7}},"type":"cond-expr","locations":[{"start":{"line":135,"column":8},"end":{"line":138,"column":11}},{"start":{"line":140,"column":8},"end":{"line":239,"column":16}}],"line":134},"4":{"loc":{"start":{"line":134,"column":10},"end":{"line":134,"column":91}},"type":"binary-expr","locations":[{"start":{"line":134,"column":10},"end":{"line":134,"column":45}},{"start":{"line":134,"column":49},"end":{"line":134,"column":91}}],"line":134},"5":{"loc":{"start":{"line":155,"column":21},"end":{"line":194,"column":21}},"type":"binary-expr","locations":[{"start":{"line":155,"column":21},"end":{"line":155,"column":29}},{"start":{"line":156,"column":22},"end":{"line":193,"column":25}}],"line":155},"6":{"loc":{"start":{"line":195,"column":21},"end":{"line":203,"column":21}},"type":"binary-expr","locations":[{"start":{"line":195,"column":21},"end":{"line":195,"column":29}},{"start":{"line":195,"column":33},"end":{"line":195,"column":51}},{"start":{"line":196,"column":22},"end":{"line":202,"column":43}}],"line":195},"7":{"loc":{"start":{"line":207,"column":15},"end":{"line":234,"column":15}},"type":"cond-expr","locations":[{"start":{"line":208,"column":16},"end":{"line":225,"column":31}},{"start":{"line":226,"column":19},"end":{"line":233,"column":15}}],"line":207},"8":{"loc":{"start":{"line":226,"column":19},"end":{"line":233,"column":15}},"type":"cond-expr","locations":[{"start":{"line":227,"column":16},"end":{"line":227,"column":63}},{"start":{"line":229,"column":16},"end":{"line":232,"column":25}}],"line":226}},"s":{"0":0,"1":0,"2":0,"3":0,"4":0,"5":0,"6":0,"7":0,"8":0,"9":0,"10":0,"11":0,"12":0,"13":0,"14":0,"15":0,"16":0,"17":0,"18":0,"19":0,"20":0,"21":0},"f":{"0":0,"1":0,"2":0,"3":0,"4":0,"5":0},"b":{"0":[0,0],"1":[0,0],"2":[0,0],"3":[0,0],"4":[0,0],"5":[0,0],"6":[0,0,0],"7":[0,0],"8":[0,0]},"all":true},"/Users/ysadamt/tamu/spring2024/csce331/projects/project-3-full-stack-agile-web-project-3-907-30/tailwind.config.ts":{"path":"/Users/ysadamt/tamu/spring2024/csce331/projects/project-3-full-stack-agile-web-project-3-907-30/tailwind.config.ts","statementMap":{"0":{"start":{"line":3,"column":15},"end":{"line":84,"column":18}}},"fnMap":{},"branchMap":{},"s":{"0":0},"f":{},"b":{},"all":true},"/Users/ysadamt/tamu/spring2024/csce331/projects/project-3-full-stack-agile-web-project-3-907-30/tests/checkStock.spec.ts":{"path":"/Users/ysadamt/tamu/spring2024/csce331/projects/project-3-full-stack-agile-web-project-3-907-30/tests/checkStock.spec.ts","statementMap":{"0":{"start":{"line":3,"column":0},"end":{"line":8,"column":2}},"1":{"start":{"line":4,"column":16},"end":{"line":4,"column":127}},"2":{"start":{"line":5,"column":4},"end":{"line":5,"column":32}},"3":{"start":{"line":6,"column":17},"end":{"line":6,"column":33}},"4":{"start":{"line":7,"column":4},"end":{"line":7,"column":256}},"5":{"start":{"line":10,"column":0},"end":{"line":13,"column":2}},"6":{"start":{"line":11,"column":16},"end":{"line":11,"column":128}},"7":{"start":{"line":12,"column":4},"end":{"line":12,"column":33}}},"fnMap":{"0":{"name":"(anonymous_0)","decl":{"start":{"line":3,"column":59},"end":{"line":3,"column":60}},"loc":{"start":{"line":3,"column":80},"end":{"line":8,"column":1}},"line":3},"1":{"name":"(anonymous_1)","decl":{"start":{"line":10,"column":52},"end":{"line":10,"column":53}},"loc":{"start":{"line":10,"column":73},"end":{"line":13,"column":1}},"line":10}},"branchMap":{},"s":{"0":0,"1":0,"2":0,"3":0,"4":0,"5":0,"6":0,"7":0},"f":{"0":0,"1":0},"b":{},"all":true},"/Users/ysadamt/tamu/spring2024/csce331/projects/project-3-full-stack-agile-web-project-3-907-30/tests/customer_view.spec.ts":{"path":"/Users/ysadamt/tamu/spring2024/csce331/projects/project-3-full-stack-agile-web-project-3-907-30/tests/customer_view.spec.ts","statementMap":{"0":{"start":{"line":3,"column":0},"end":{"line":15,"column":3}},"1":{"start":{"line":4,"column":2},"end":{"line":6,"column":4}},"2":{"start":{"line":8,"column":2},"end":{"line":9,"column":17}},"3":{"start":{"line":10,"column":2},"end":{"line":10,"column":73}},"4":{"start":{"line":11,"column":2},"end":{"line":11,"column":75}},"5":{"start":{"line":12,"column":2},"end":{"line":12,"column":73}},"6":{"start":{"line":13,"column":2},"end":{"line":13,"column":74}},"7":{"start":{"line":14,"column":2},"end":{"line":14,"column":76}},"8":{"start":{"line":17,"column":0},"end":{"line":23,"column":3}},"9":{"start":{"line":18,"column":2},"end":{"line":20,"column":4}},"10":{"start":{"line":21,"column":2},"end":{"line":22,"column":17}},"11":{"start":{"line":25,"column":0},"end":{"line":31,"column":3}},"12":{"start":{"line":26,"column":2},"end":{"line":28,"column":4}},"13":{"start":{"line":29,"column":2},"end":{"line":29,"column":68}},"14":{"start":{"line":30,"column":2},"end":{"line":30,"column":74}}},"fnMap":{"0":{"name":"(anonymous_0)","decl":{"start":{"line":3,"column":49},"end":{"line":3,"column":50}},"loc":{"start":{"line":3,"column":69},"end":{"line":15,"column":1}},"line":3},"1":{"name":"(anonymous_1)","decl":{"start":{"line":17,"column":44},"end":{"line":17,"column":45}},"loc":{"start":{"line":17,"column":64},"end":{"line":23,"column":1}},"line":17},"2":{"name":"(anonymous_2)","decl":{"start":{"line":25,"column":35},"end":{"line":25,"column":36}},"loc":{"start":{"line":25,"column":55},"end":{"line":31,"column":1}},"line":25}},"branchMap":{},"s":{"0":0,"1":0,"2":0,"3":0,"4":0,"5":0,"6":0,"7":0,"8":0,"9":0,"10":0,"11":0,"12":0,"13":0,"14":0},"f":{"0":0,"1":0,"2":0},"b":{},"all":true},"/Users/ysadamt/tamu/spring2024/csce331/projects/project-3-full-stack-agile-web-project-3-907-30/tests/employee_view.spec.ts":{"path":"/Users/ysadamt/tamu/spring2024/csce331/projects/project-3-full-stack-agile-web-project-3-907-30/tests/employee_view.spec.ts","statementMap":{"0":{"start":{"line":3,"column":0},"end":{"line":9,"column":3}},"1":{"start":{"line":4,"column":4},"end":{"line":4,"column":91}},"2":{"start":{"line":5,"column":4},"end":{"line":5,"column":105}},"3":{"start":{"line":6,"column":4},"end":{"line":6,"column":105}},"4":{"start":{"line":7,"column":4},"end":{"line":7,"column":78}},"5":{"start":{"line":8,"column":4},"end":{"line":8,"column":80}}},"fnMap":{"0":{"name":"(anonymous_0)","decl":{"start":{"line":3,"column":56},"end":{"line":3,"column":57}},"loc":{"start":{"line":3,"column":76},"end":{"line":9,"column":1}},"line":3}},"branchMap":{},"s":{"0":0,"1":0,"2":0,"3":0,"4":0,"5":0},"f":{"0":0},"b":{},"all":true},"/Users/ysadamt/tamu/spring2024/csce331/projects/project-3-full-stack-agile-web-project-3-907-30/tests/getMenuItemIngredients.spec.ts":{"path":"/Users/ysadamt/tamu/spring2024/csce331/projects/project-3-full-stack-agile-web-project-3-907-30/tests/getMenuItemIngredients.spec.ts","statementMap":{"0":{"start":{"line":3,"column":0},"end":{"line":6,"column":2}},"1":{"start":{"line":4,"column":16},"end":{"line":4,"column":128}},"2":{"start":{"line":5,"column":4},"end":{"line":5,"column":33}}},"fnMap":{"0":{"name":"(anonymous_0)","decl":{"start":{"line":3,"column":45},"end":{"line":3,"column":46}},"loc":{"start":{"line":3,"column":66},"end":{"line":6,"column":1}},"line":3}},"branchMap":{},"s":{"0":0,"1":0,"2":0},"f":{"0":0},"b":{},"all":true},"/Users/ysadamt/tamu/spring2024/csce331/projects/project-3-full-stack-agile-web-project-3-907-30/tests/manager_view.spec.ts":{"path":"/Users/ysadamt/tamu/spring2024/csce331/projects/project-3-full-stack-agile-web-project-3-907-30/tests/manager_view.spec.ts","statementMap":{"0":{"start":{"line":3,"column":0},"end":{"line":9,"column":3}},"1":{"start":{"line":4,"column":2},"end":{"line":4,"column":105}},"2":{"start":{"line":5,"column":2},"end":{"line":5,"column":99}},"3":{"start":{"line":6,"column":2},"end":{"line":6,"column":76}},"4":{"start":{"line":7,"column":2},"end":{"line":7,"column":78}},"5":{"start":{"line":8,"column":2},"end":{"line":8,"column":72}}},"fnMap":{"0":{"name":"(anonymous_0)","decl":{"start":{"line":3,"column":51},"end":{"line":3,"column":52}},"loc":{"start":{"line":3,"column":71},"end":{"line":9,"column":1}},"line":3}},"branchMap":{},"s":{"0":0,"1":0,"2":0,"3":0,"4":0,"5":0},"f":{"0":0},"b":{},"all":true}}