{"/Users/ysadamt/tamu/spring2024/csce331/projects/project-3-full-stack-agile-web-project-3-907-30/src/lib/session.ts":{"path":"/Users/ysadamt/tamu/spring2024/csce331/projects/project-3-full-stack-agile-web-project-3-907-30/src/lib/session.ts","statementMap":{"0":{"start":{"line":4,"column":47},"end":{"line":10,"column":1}}},"fnMap":{},"branchMap":{},"s":{"0":1},"f":{},"b":{},"_coverageSchema":"1a1c01bbd47fc00a2c39e90264f33305004495a9","hash":"9d1be32b8cad72949b392218a70c8887550ca9ab"},"/Users/ysadamt/tamu/spring2024/csce331/projects/project-3-full-stack-agile-web-project-3-907-30/src/context/authContext.tsx":{"path":"/Users/ysadamt/tamu/spring2024/csce331/projects/project-3-full-stack-agile-web-project-3-907-30/src/context/authContext.tsx","statementMap":{"0":{"start":{"line":12,"column":27},"end":{"line":12,"column":50}},"1":{"start":{"line":20,"column":43},"end":{"line":27,"column":15}},"2":{"start":{"line":21,"column":2},"end":{"line":26,"column":3}},"3":{"start":{"line":22,"column":4},"end":{"line":22,"column":16}},"4":{"start":{"line":24,"column":20},"end":{"line":24,"column":39}},"5":{"start":{"line":25,"column":4},"end":{"line":25,"column":19}},"6":{"start":{"line":38,"column":20},"end":{"line":38,"column":46}},"7":{"start":{"line":41,"column":16},"end":{"line":41,"column":47}},"8":{"start":{"line":42,"column":17},"end":{"line":42,"column":33}},"9":{"start":{"line":43,"column":4},"end":{"line":43,"column":31}},"10":{"start":{"line":47,"column":16},"end":{"line":47,"column":47}},"11":{"start":{"line":48,"column":17},"end":{"line":48,"column":33}},"12":{"start":{"line":49,"column":4},"end":{"line":51,"column":5}},"13":{"start":{"line":50,"column":6},"end":{"line":50,"column":47}},"14":{"start":{"line":54,"column":29},"end":{"line":59,"column":3}},"15":{"start":{"line":61,"column":2},"end":{"line":61,"column":78}}},"fnMap":{"0":{"name":"(anonymous_0)","decl":{"start":{"line":20,"column":62},"end":{"line":20,"column":63}},"loc":{"start":{"line":20,"column":86},"end":{"line":27,"column":1}},"line":20},"1":{"name":"AuthProvider","decl":{"start":{"line":37,"column":16},"end":{"line":37,"column":28}},"loc":{"start":{"line":37,"column":84},"end":{"line":62,"column":1}},"line":37},"2":{"name":"login","decl":{"start":{"line":40,"column":17},"end":{"line":40,"column":22}},"loc":{"start":{"line":40,"column":43},"end":{"line":44,"column":3}},"line":40},"3":{"name":"logout","decl":{"start":{"line":46,"column":17},"end":{"line":46,"column":23}},"loc":{"start":{"line":46,"column":26},"end":{"line":52,"column":3}},"line":46}},"branchMap":{"0":{"loc":{"start":{"line":21,"column":2},"end":{"line":26,"column":3}},"type":"if","locations":[{"start":{"line":21,"column":2},"end":{"line":26,"column":3}},{"start":{"line":23,"column":9},"end":{"line":26,"column":3}}],"line":21},"1":{"loc":{"start":{"line":49,"column":4},"end":{"line":51,"column":5}},"type":"if","locations":[{"start":{"line":49,"column":4},"end":{"line":51,"column":5}},{"start":{},"end":{}}],"line":49}},"s":{"0":1,"1":1,"2":0,"3":0,"4":0,"5":0,"6":2,"7":0,"8":0,"9":0,"10":0,"11":0,"12":0,"13":0,"14":2,"15":2},"f":{"0":0,"1":2,"2":0,"3":0},"b":{"0":[0,0],"1":[0,0]},"_coverageSchema":"1a1c01bbd47fc00a2c39e90264f33305004495a9","hash":"2e75b59ba37d8e001896ecc2bdaf657a5a07b660"},"/Users/ysadamt/tamu/spring2024/csce331/projects/project-3-full-stack-agile-web-project-3-907-30/src/hooks/useAuth.ts":{"path":"/Users/ysadamt/tamu/spring2024/csce331/projects/project-3-full-stack-agile-web-project-3-907-30/src/hooks/useAuth.ts","statementMap":{"0":{"start":{"line":8,"column":2},"end":{"line":8,"column":33}}},"fnMap":{"0":{"name":"useAuth","decl":{"start":{"line":7,"column":24},"end":{"line":7,"column":31}},"loc":{"start":{"line":7,"column":34},"end":{"line":9,"column":1}},"line":7}},"branchMap":{},"s":{"0":2},"f":{"0":2},"b":{},"_coverageSchema":"1a1c01bbd47fc00a2c39e90264f33305004495a9","hash":"bc765f1f27696423eb4eaa225489e2c4f67b28a9"},"/Users/ysadamt/tamu/spring2024/csce331/projects/project-3-full-stack-agile-web-project-3-907-30/src/lib/utils.ts":{"path":"/Users/ysadamt/tamu/spring2024/csce331/projects/project-3-full-stack-agile-web-project-3-907-30/src/lib/utils.ts","statementMap":{"0":{"start":{"line":27,"column":2},"end":{"line":32,"column":16}},"1":{"start":{"line":42,"column":2},"end":{"line":55,"column":4}},"2":{"start":{"line":59,"column":2},"end":{"line":65,"column":4}},"3":{"start":{"line":83,"column":20},"end":{"line":83,"column":69}},"4":{"start":{"line":84,"column":14},"end":{"line":84,"column":77}},"5":{"start":{"line":85,"column":2},"end":{"line":85,"column":26}},"6":{"start":{"line":86,"column":2},"end":{"line":86,"column":13}},"7":{"start":{"line":91,"column":2},"end":{"line":91,"column":31}},"8":{"start":{"line":101,"column":14},"end":{"line":107,"column":4}},"9":{"start":{"line":109,"column":25},"end":{"line":109,"column":41}},"10":{"start":{"line":110,"column":2},"end":{"line":110,"column":14}},"11":{"start":{"line":119,"column":14},"end":{"line":119,"column":50}},"12":{"start":{"line":120,"column":27},"end":{"line":120,"column":43}},"13":{"start":{"line":121,"column":2},"end":{"line":121,"column":14}},"14":{"start":{"line":130,"column":14},"end":{"line":130,"column":56}},"15":{"start":{"line":132,"column":2},"end":{"line":134,"column":3}},"16":{"start":{"line":133,"column":4},"end":{"line":133,"column":14}},"17":{"start":{"line":135,"column":27},"end":{"line":135,"column":43}},"18":{"start":{"line":136,"column":2},"end":{"line":136,"column":14}},"19":{"start":{"line":146,"column":2},"end":{"line":154,"column":3}},"20":{"start":{"line":147,"column":4},"end":{"line":147,"column":19}},"21":{"start":{"line":148,"column":9},"end":{"line":154,"column":3}},"22":{"start":{"line":149,"column":4},"end":{"line":149,"column":21}},"23":{"start":{"line":150,"column":9},"end":{"line":154,"column":3}},"24":{"start":{"line":151,"column":4},"end":{"line":151,"column":22}},"25":{"start":{"line":153,"column":4},"end":{"line":153,"column":24}},"26":{"start":{"line":164,"column":14},"end":{"line":170,"column":4}},"27":{"start":{"line":172,"column":2},"end":{"line":177,"column":3}},"28":{"start":{"line":173,"column":4},"end":{"line":173,"column":16}},"29":{"start":{"line":175,"column":27},"end":{"line":175,"column":43}},"30":{"start":{"line":176,"column":4},"end":{"line":176,"column":16}},"31":{"start":{"line":198,"column":2},"end":{"line":205,"column":3}},"32":{"start":{"line":199,"column":4},"end":{"line":203,"column":7}},"33":{"start":{"line":204,"column":4},"end":{"line":204,"column":11}},"34":{"start":{"line":207,"column":14},"end":{"line":220,"column":4}},"35":{"start":{"line":221,"column":2},"end":{"line":221,"column":13}},"36":{"start":{"line":230,"column":14},"end":{"line":230,"column":57}},"37":{"start":{"line":231,"column":23},"end":{"line":231,"column":39}},"38":{"start":{"line":232,"column":22},"end":{"line":232,"column":60}},"39":{"start":{"line":233,"column":2},"end":{"line":233,"column":21}},"40":{"start":{"line":244,"column":14},"end":{"line":254,"column":3}},"41":{"start":{"line":255,"column":37},"end":{"line":255,"column":53}},"42":{"start":{"line":256,"column":2},"end":{"line":256,"column":14}},"43":{"start":{"line":267,"column":14},"end":{"line":277,"column":3}},"44":{"start":{"line":278,"column":34},"end":{"line":278,"column":50}},"45":{"start":{"line":279,"column":2},"end":{"line":279,"column":14}},"46":{"start":{"line":290,"column":14},"end":{"line":300,"column":3}},"47":{"start":{"line":301,"column":31},"end":{"line":301,"column":47}},"48":{"start":{"line":302,"column":2},"end":{"line":302,"column":14}},"49":{"start":{"line":313,"column":14},"end":{"line":322,"column":4}},"50":{"start":{"line":324,"column":23},"end":{"line":324,"column":39}},"51":{"start":{"line":325,"column":2},"end":{"line":325,"column":14}},"52":{"start":{"line":335,"column":37},"end":{"line":371,"column":1}},"53":{"start":{"line":339,"column":2},"end":{"line":370,"column":3}},"54":{"start":{"line":341,"column":6},"end":{"line":349,"column":8}},"55":{"start":{"line":351,"column":6},"end":{"line":351,"column":35}},"56":{"start":{"line":353,"column":6},"end":{"line":353,"column":37}},"57":{"start":{"line":355,"column":6},"end":{"line":355,"column":37}},"58":{"start":{"line":357,"column":6},"end":{"line":361,"column":8}},"59":{"start":{"line":363,"column":6},"end":{"line":367,"column":8}},"60":{"start":{"line":369,"column":6},"end":{"line":369,"column":19}},"61":{"start":{"line":386,"column":2},"end":{"line":403,"column":3}},"62":{"start":{"line":387,"column":4},"end":{"line":387,"column":69}},"63":{"start":{"line":388,"column":4},"end":{"line":388,"column":62}},"64":{"start":{"line":389,"column":4},"end":{"line":389,"column":72}},"65":{"start":{"line":390,"column":4},"end":{"line":390,"column":79}},"66":{"start":{"line":391,"column":4},"end":{"line":394,"column":6}},"67":{"start":{"line":395,"column":4},"end":{"line":395,"column":72}},"68":{"start":{"line":397,"column":4},"end":{"line":397,"column":57}},"69":{"start":{"line":398,"column":4},"end":{"line":398,"column":56}},"70":{"start":{"line":399,"column":4},"end":{"line":399,"column":76}},"71":{"start":{"line":400,"column":4},"end":{"line":400,"column":68}},"72":{"start":{"line":401,"column":4},"end":{"line":401,"column":74}},"73":{"start":{"line":402,"column":4},"end":{"line":402,"column":65}},"74":{"start":{"line":406,"column":26},"end":{"line":413,"column":1}},"75":{"start":{"line":415,"column":36},"end":{"line":421,"column":1}},"76":{"start":{"line":416,"column":2},"end":{"line":420,"column":23}},"77":{"start":{"line":423,"column":37},"end":{"line":429,"column":1}},"78":{"start":{"line":424,"column":2},"end":{"line":428,"column":24}},"79":{"start":{"line":437,"column":14},"end":{"line":437,"column":59}},"80":{"start":{"line":439,"column":2},"end":{"line":441,"column":3}},"81":{"start":{"line":440,"column":4},"end":{"line":440,"column":14}},"82":{"start":{"line":442,"column":27},"end":{"line":442,"column":43}},"83":{"start":{"line":444,"column":2},"end":{"line":444,"column":14}},"84":{"start":{"line":453,"column":14},"end":{"line":453,"column":64}},"85":{"start":{"line":455,"column":2},"end":{"line":457,"column":3}},"86":{"start":{"line":456,"column":4},"end":{"line":456,"column":14}},"87":{"start":{"line":458,"column":36},"end":{"line":458,"column":52}},"88":{"start":{"line":460,"column":2},"end":{"line":460,"column":14}},"89":{"start":{"line":469,"column":14},"end":{"line":477,"column":4}},"90":{"start":{"line":479,"column":2},"end":{"line":481,"column":3}},"91":{"start":{"line":480,"column":4},"end":{"line":480,"column":14}},"92":{"start":{"line":482,"column":35},"end":{"line":482,"column":51}},"93":{"start":{"line":484,"column":2},"end":{"line":484,"column":14}},"94":{"start":{"line":493,"column":14},"end":{"line":493,"column":60}},"95":{"start":{"line":495,"column":2},"end":{"line":497,"column":3}},"96":{"start":{"line":496,"column":4},"end":{"line":496,"column":14}},"97":{"start":{"line":498,"column":36},"end":{"line":498,"column":52}},"98":{"start":{"line":500,"column":2},"end":{"line":500,"column":14}},"99":{"start":{"line":509,"column":47},"end":{"line":515,"column":1}},"100":{"start":{"line":510,"column":2},"end":{"line":514,"column":34}},"101":{"start":{"line":524,"column":14},"end":{"line":533,"column":4}},"102":{"start":{"line":534,"column":2},"end":{"line":534,"column":13}},"103":{"start":{"line":548,"column":14},"end":{"line":557,"column":4}},"104":{"start":{"line":559,"column":2},"end":{"line":561,"column":3}},"105":{"start":{"line":560,"column":4},"end":{"line":560,"column":14}},"106":{"start":{"line":562,"column":45},"end":{"line":562,"column":61}},"107":{"start":{"line":563,"column":2},"end":{"line":563,"column":14}},"108":{"start":{"line":577,"column":14},"end":{"line":586,"column":4}},"109":{"start":{"line":588,"column":2},"end":{"line":590,"column":3}},"110":{"start":{"line":589,"column":4},"end":{"line":589,"column":14}},"111":{"start":{"line":591,"column":35},"end":{"line":591,"column":51}},"112":{"start":{"line":592,"column":2},"end":{"line":592,"column":14}},"113":{"start":{"line":606,"column":14},"end":{"line":615,"column":4}},"114":{"start":{"line":617,"column":2},"end":{"line":619,"column":3}},"115":{"start":{"line":618,"column":4},"end":{"line":618,"column":14}},"116":{"start":{"line":620,"column":34},"end":{"line":620,"column":50}},"117":{"start":{"line":621,"column":2},"end":{"line":621,"column":14}},"118":{"start":{"line":630,"column":14},"end":{"line":630,"column":51}},"119":{"start":{"line":631,"column":32},"end":{"line":631,"column":48}},"120":{"start":{"line":632,"column":2},"end":{"line":632,"column":14}},"121":{"start":{"line":642,"column":14},"end":{"line":648,"column":4}},"122":{"start":{"line":650,"column":30},"end":{"line":650,"column":46}},"123":{"start":{"line":651,"column":2},"end":{"line":651,"column":14}},"124":{"start":{"line":661,"column":14},"end":{"line":667,"column":4}},"125":{"start":{"line":669,"column":2},"end":{"line":669,"column":13}},"126":{"start":{"line":679,"column":14},"end":{"line":685,"column":4}},"127":{"start":{"line":687,"column":2},"end":{"line":687,"column":13}},"128":{"start":{"line":697,"column":14},"end":{"line":703,"column":4}},"129":{"start":{"line":705,"column":2},"end":{"line":705,"column":13}},"130":{"start":{"line":715,"column":17},"end":{"line":715,"column":31}},"131":{"start":{"line":717,"column":14},"end":{"line":723,"column":4}},"132":{"start":{"line":724,"column":15},"end":{"line":724,"column":31}},"133":{"start":{"line":725,"column":2},"end":{"line":725,"column":14}},"134":{"start":{"line":734,"column":14},"end":{"line":734,"column":54}},"135":{"start":{"line":735,"column":15},"end":{"line":735,"column":31}},"136":{"start":{"line":736,"column":2},"end":{"line":736,"column":14}},"137":{"start":{"line":746,"column":14},"end":{"line":752,"column":4}},"138":{"start":{"line":754,"column":2},"end":{"line":754,"column":13}},"139":{"start":{"line":765,"column":14},"end":{"line":771,"column":4}},"140":{"start":{"line":773,"column":2},"end":{"line":773,"column":13}}},"fnMap":{"0":{"name":"rowToMenuItem","decl":{"start":{"line":26,"column":16},"end":{"line":26,"column":29}},"loc":{"start":{"line":26,"column":54},"end":{"line":33,"column":1}},"line":26},"1":{"name":"rowToInventoryItem","decl":{"start":{"line":41,"column":16},"end":{"line":41,"column":34}},"loc":{"start":{"line":41,"column":64},"end":{"line":56,"column":1}},"line":41},"2":{"name":"rowToAllergens","decl":{"start":{"line":58,"column":16},"end":{"line":58,"column":30}},"loc":{"start":{"line":58,"column":56},"end":{"line":66,"column":1}},"line":58},"3":{"name":"executeStatement","decl":{"start":{"line":77,"column":22},"end":{"line":77,"column":38}},"loc":{"start":{"line":82,"column":24},"end":{"line":87,"column":1}},"line":82},"4":{"name":"cn","decl":{"start":{"line":90,"column":16},"end":{"line":90,"column":18}},"loc":{"start":{"line":90,"column":44},"end":{"line":92,"column":1}},"line":90},"5":{"name":"getEmployeeFromDatabase","decl":{"start":{"line":100,"column":22},"end":{"line":100,"column":45}},"loc":{"start":{"line":100,"column":61},"end":{"line":111,"column":1}},"line":100},"6":{"name":"getAllEmployeesFromDatabase","decl":{"start":{"line":118,"column":22},"end":{"line":118,"column":49}},"loc":{"start":{"line":118,"column":52},"end":{"line":122,"column":1}},"line":118},"7":{"name":"getVerifiedEmployeesFromDatabase","decl":{"start":{"line":129,"column":22},"end":{"line":129,"column":54}},"loc":{"start":{"line":129,"column":57},"end":{"line":137,"column":1}},"line":129},"8":{"name":"getRole","decl":{"start":{"line":145,"column":16},"end":{"line":145,"column":23}},"loc":{"start":{"line":145,"column":44},"end":{"line":155,"column":1}},"line":145},"9":{"name":"getCustomerFromDatabase","decl":{"start":{"line":163,"column":22},"end":{"line":163,"column":45}},"loc":{"start":{"line":163,"column":61},"end":{"line":178,"column":1}},"line":163},"10":{"name":"submitOrder","decl":{"start":{"line":189,"column":22},"end":{"line":189,"column":33}},"loc":{"start":{"line":197,"column":2},"end":{"line":222,"column":1}},"line":197},"11":{"name":"getNextOrderId","decl":{"start":{"line":229,"column":22},"end":{"line":229,"column":36}},"loc":{"start":{"line":229,"column":39},"end":{"line":234,"column":1}},"line":229},"12":{"name":"whatSellsTogether","decl":{"start":{"line":243,"column":22},"end":{"line":243,"column":39}},"loc":{"start":{"line":243,"column":76},"end":{"line":257,"column":1}},"line":243},"13":{"name":"menuItemsPopularity","decl":{"start":{"line":266,"column":22},"end":{"line":266,"column":41}},"loc":{"start":{"line":266,"column":78},"end":{"line":280,"column":1}},"line":266},"14":{"name":"daysWithMostSales","decl":{"start":{"line":289,"column":22},"end":{"line":289,"column":39}},"loc":{"start":{"line":289,"column":69},"end":{"line":303,"column":1}},"line":289},"15":{"name":"newCustomer","decl":{"start":{"line":312,"column":22},"end":{"line":312,"column":33}},"loc":{"start":{"line":312,"column":73},"end":{"line":326,"column":1}},"line":312},"16":{"name":"(anonymous_16)","decl":{"start":{"line":335,"column":37},"end":{"line":335,"column":38}},"loc":{"start":{"line":338,"column":5},"end":{"line":371,"column":1}},"line":338},"17":{"name":"putCustomerInLocalStorage","decl":{"start":{"line":385,"column":22},"end":{"line":385,"column":47}},"loc":{"start":{"line":385,"column":68},"end":{"line":404,"column":1}},"line":385},"18":{"name":"(anonymous_18)","decl":{"start":{"line":415,"column":36},"end":{"line":415,"column":37}},"loc":{"start":{"line":415,"column":54},"end":{"line":421,"column":1}},"line":415},"19":{"name":"(anonymous_19)","decl":{"start":{"line":423,"column":37},"end":{"line":423,"column":38}},"loc":{"start":{"line":423,"column":55},"end":{"line":429,"column":1}},"line":423},"20":{"name":"getLeastSelling","decl":{"start":{"line":436,"column":22},"end":{"line":436,"column":37}},"loc":{"start":{"line":436,"column":40},"end":{"line":445,"column":1}},"line":436},"21":{"name":"getLeastContributing","decl":{"start":{"line":452,"column":22},"end":{"line":452,"column":42}},"loc":{"start":{"line":452,"column":45},"end":{"line":461,"column":1}},"line":452},"22":{"name":"getExcessReport","decl":{"start":{"line":468,"column":22},"end":{"line":468,"column":37}},"loc":{"start":{"line":468,"column":57},"end":{"line":485,"column":1}},"line":468},"23":{"name":"getRestockReport","decl":{"start":{"line":492,"column":22},"end":{"line":492,"column":38}},"loc":{"start":{"line":492,"column":41},"end":{"line":501,"column":1}},"line":492},"24":{"name":"(anonymous_24)","decl":{"start":{"line":509,"column":47},"end":{"line":509,"column":48}},"loc":{"start":{"line":509,"column":65},"end":{"line":515,"column":1}},"line":509},"25":{"name":"updateMenuItemPrice","decl":{"start":{"line":523,"column":22},"end":{"line":523,"column":41}},"loc":{"start":{"line":523,"column":78},"end":{"line":535,"column":1}},"line":523},"26":{"name":"getMostProductiveEmployeesInRange","decl":{"start":{"line":544,"column":22},"end":{"line":544,"column":55}},"loc":{"start":{"line":547,"column":2},"end":{"line":564,"column":1}},"line":547},"27":{"name":"getProductUsageReportInRange","decl":{"start":{"line":573,"column":22},"end":{"line":573,"column":50}},"loc":{"start":{"line":576,"column":2},"end":{"line":593,"column":1}},"line":576},"28":{"name":"getSalesReportInRange","decl":{"start":{"line":602,"column":22},"end":{"line":602,"column":43}},"loc":{"start":{"line":605,"column":2},"end":{"line":622,"column":1}},"line":605},"29":{"name":"getAllInventoryItems","decl":{"start":{"line":629,"column":22},"end":{"line":629,"column":42}},"loc":{"start":{"line":629,"column":45},"end":{"line":633,"column":1}},"line":629},"30":{"name":"getInventoryItem","decl":{"start":{"line":641,"column":22},"end":{"line":641,"column":38}},"loc":{"start":{"line":641,"column":51},"end":{"line":652,"column":1}},"line":641},"31":{"name":"addInventoryItem","decl":{"start":{"line":660,"column":22},"end":{"line":660,"column":38}},"loc":{"start":{"line":660,"column":60},"end":{"line":670,"column":1}},"line":660},"32":{"name":"updateInventoryItem","decl":{"start":{"line":678,"column":22},"end":{"line":678,"column":41}},"loc":{"start":{"line":678,"column":63},"end":{"line":688,"column":1}},"line":678},"33":{"name":"deleteInventoryItem","decl":{"start":{"line":696,"column":22},"end":{"line":696,"column":41}},"loc":{"start":{"line":696,"column":54},"end":{"line":706,"column":1}},"line":696},"34":{"name":"getAllOrders","decl":{"start":{"line":714,"column":22},"end":{"line":714,"column":34}},"loc":{"start":{"line":714,"column":49},"end":{"line":726,"column":1}},"line":714},"35":{"name":"getNumOrders","decl":{"start":{"line":733,"column":22},"end":{"line":733,"column":34}},"loc":{"start":{"line":733,"column":37},"end":{"line":737,"column":1}},"line":733},"36":{"name":"deleteOrder","decl":{"start":{"line":745,"column":22},"end":{"line":745,"column":33}},"loc":{"start":{"line":745,"column":51},"end":{"line":755,"column":1}},"line":745},"37":{"name":"updateOrderItemStatus","decl":{"start":{"line":764,"column":22},"end":{"line":764,"column":43}},"loc":{"start":{"line":764,"column":77},"end":{"line":774,"column":1}},"line":764}},"branchMap":{"0":{"loc":{"start":{"line":132,"column":2},"end":{"line":134,"column":3}},"type":"if","locations":[{"start":{"line":132,"column":2},"end":{"line":134,"column":3}},{"start":{},"end":{}}],"line":132},"1":{"loc":{"start":{"line":146,"column":2},"end":{"line":154,"column":3}},"type":"if","locations":[{"start":{"line":146,"column":2},"end":{"line":154,"column":3}},{"start":{"line":148,"column":9},"end":{"line":154,"column":3}}],"line":146},"2":{"loc":{"start":{"line":148,"column":9},"end":{"line":154,"column":3}},"type":"if","locations":[{"start":{"line":148,"column":9},"end":{"line":154,"column":3}},{"start":{"line":150,"column":9},"end":{"line":154,"column":3}}],"line":148},"3":{"loc":{"start":{"line":150,"column":9},"end":{"line":154,"column":3}},"type":"if","locations":[{"start":{"line":150,"column":9},"end":{"line":154,"column":3}},{"start":{"line":152,"column":9},"end":{"line":154,"column":3}}],"line":150},"4":{"loc":{"start":{"line":172,"column":2},"end":{"line":177,"column":3}},"type":"if","locations":[{"start":{"line":172,"column":2},"end":{"line":177,"column":3}},{"start":{"line":174,"column":9},"end":{"line":177,"column":3}}],"line":172},"5":{"loc":{"start":{"line":198,"column":2},"end":{"line":205,"column":3}},"type":"if","locations":[{"start":{"line":198,"column":2},"end":{"line":205,"column":3}},{"start":{},"end":{}}],"line":198},"6":{"loc":{"start":{"line":339,"column":2},"end":{"line":370,"column":3}},"type":"switch","locations":[{"start":{"line":340,"column":4},"end":{"line":349,"column":8}},{"start":{"line":350,"column":4},"end":{"line":351,"column":35}},{"start":{"line":352,"column":4},"end":{"line":353,"column":37}},{"start":{"line":354,"column":4},"end":{"line":355,"column":37}},{"start":{"line":356,"column":4},"end":{"line":361,"column":8}},{"start":{"line":362,"column":4},"end":{"line":367,"column":8}},{"start":{"line":368,"column":4},"end":{"line":369,"column":19}}],"line":339},"7":{"loc":{"start":{"line":342,"column":8},"end":{"line":348,"column":29}},"type":"binary-expr","locations":[{"start":{"line":342,"column":8},"end":{"line":342,"column":31}},{"start":{"line":343,"column":8},"end":{"line":343,"column":33}},{"start":{"line":344,"column":8},"end":{"line":344,"column":37}},{"start":{"line":345,"column":8},"end":{"line":345,"column":34}},{"start":{"line":346,"column":8},"end":{"line":346,"column":29}},{"start":{"line":347,"column":8},"end":{"line":347,"column":29}},{"start":{"line":348,"column":8},"end":{"line":348,"column":29}}],"line":342},"8":{"loc":{"start":{"line":358,"column":8},"end":{"line":360,"column":30}},"type":"binary-expr","locations":[{"start":{"line":358,"column":8},"end":{"line":358,"column":30}},{"start":{"line":359,"column":8},"end":{"line":359,"column":30}},{"start":{"line":360,"column":8},"end":{"line":360,"column":30}}],"line":358},"9":{"loc":{"start":{"line":364,"column":8},"end":{"line":366,"column":30}},"type":"binary-expr","locations":[{"start":{"line":364,"column":8},"end":{"line":364,"column":31}},{"start":{"line":365,"column":8},"end":{"line":365,"column":34}},{"start":{"line":366,"column":8},"end":{"line":366,"column":30}}],"line":364},"10":{"loc":{"start":{"line":386,"column":2},"end":{"line":403,"column":3}},"type":"if","locations":[{"start":{"line":386,"column":2},"end":{"line":403,"column":3}},{"start":{"line":396,"column":9},"end":{"line":403,"column":3}}],"line":386},"11":{"loc":{"start":{"line":439,"column":2},"end":{"line":441,"column":3}},"type":"if","locations":[{"start":{"line":439,"column":2},"end":{"line":441,"column":3}},{"start":{},"end":{}}],"line":439},"12":{"loc":{"start":{"line":455,"column":2},"end":{"line":457,"column":3}},"type":"if","locations":[{"start":{"line":455,"column":2},"end":{"line":457,"column":3}},{"start":{},"end":{}}],"line":455},"13":{"loc":{"start":{"line":479,"column":2},"end":{"line":481,"column":3}},"type":"if","locations":[{"start":{"line":479,"column":2},"end":{"line":481,"column":3}},{"start":{},"end":{}}],"line":479},"14":{"loc":{"start":{"line":495,"column":2},"end":{"line":497,"column":3}},"type":"if","locations":[{"start":{"line":495,"column":2},"end":{"line":497,"column":3}},{"start":{},"end":{}}],"line":495},"15":{"loc":{"start":{"line":559,"column":2},"end":{"line":561,"column":3}},"type":"if","locations":[{"start":{"line":559,"column":2},"end":{"line":561,"column":3}},{"start":{},"end":{}}],"line":559},"16":{"loc":{"start":{"line":588,"column":2},"end":{"line":590,"column":3}},"type":"if","locations":[{"start":{"line":588,"column":2},"end":{"line":590,"column":3}},{"start":{},"end":{}}],"line":588},"17":{"loc":{"start":{"line":617,"column":2},"end":{"line":619,"column":3}},"type":"if","locations":[{"start":{"line":617,"column":2},"end":{"line":619,"column":3}},{"start":{},"end":{}}],"line":617}},"s":{"0":0,"1":0,"2":0,"3":0,"4":0,"5":0,"6":0,"7":64,"8":0,"9":0,"10":0,"11":0,"12":0,"13":0,"14":0,"15":0,"16":0,"17":0,"18":0,"19":0,"20":0,"21":0,"22":0,"23":0,"24":0,"25":0,"26":0,"27":0,"28":0,"29":0,"30":0,"31":0,"32":0,"33":0,"34":0,"35":0,"36":0,"37":0,"38":0,"39":0,"40":0,"41":0,"42":0,"43":0,"44":0,"45":0,"46":0,"47":0,"48":0,"49":0,"50":0,"51":0,"52":1,"53":0,"54":0,"55":0,"56":0,"57":0,"58":0,"59":0,"60":0,"61":0,"62":0,"63":0,"64":0,"65":0,"66":0,"67":0,"68":0,"69":0,"70":0,"71":0,"72":0,"73":0,"74":1,"75":1,"76":0,"77":1,"78":0,"79":0,"80":0,"81":0,"82":0,"83":0,"84":0,"85":0,"86":0,"87":0,"88":0,"89":0,"90":0,"91":0,"92":0,"93":0,"94":0,"95":0,"96":0,"97":0,"98":0,"99":1,"100":0,"101":0,"102":0,"103":0,"104":0,"105":0,"106":0,"107":0,"108":0,"109":0,"110":0,"111":0,"112":0,"113":0,"114":0,"115":0,"116":0,"117":0,"118":0,"119":0,"120":0,"121":0,"122":0,"123":0,"124":0,"125":0,"126":0,"127":0,"128":0,"129":0,"130":0,"131":0,"132":0,"133":0,"134":0,"135":0,"136":0,"137":0,"138":0,"139":0,"140":0},"f":{"0":0,"1":0,"2":0,"3":0,"4":64,"5":0,"6":0,"7":0,"8":0,"9":0,"10":0,"11":0,"12":0,"13":0,"14":0,"15":0,"16":0,"17":0,"18":0,"19":0,"20":0,"21":0,"22":0,"23":0,"24":0,"25":0,"26":0,"27":0,"28":0,"29":0,"30":0,"31":0,"32":0,"33":0,"34":0,"35":0,"36":0,"37":0},"b":{"0":[0,0],"1":[0,0],"2":[0,0],"3":[0,0],"4":[0,0],"5":[0,0],"6":[0,0,0,0,0,0,0],"7":[0,0,0,0,0,0,0],"8":[0,0,0],"9":[0,0,0],"10":[0,0],"11":[0,0],"12":[0,0],"13":[0,0],"14":[0,0],"15":[0,0],"16":[0,0],"17":[0,0]},"_coverageSchema":"1a1c01bbd47fc00a2c39e90264f33305004495a9","hash":"1932be05e90de468a0548186d71b70d26bb1f9cf"},"/Users/ysadamt/tamu/spring2024/csce331/projects/project-3-full-stack-agile-web-project-3-907-30/src/components/ui/avatar.tsx":{"path":"/Users/ysadamt/tamu/spring2024/csce331/projects/project-3-full-stack-agile-web-project-3-907-30/src/components/ui/avatar.tsx","statementMap":{"0":{"start":{"line":6,"column":15},"end":{"line":18,"column":2}},"1":{"start":{"line":10,"column":2},"end":{"line":17,"column":4}},"2":{"start":{"line":19,"column":0},"end":{"line":19,"column":53}},"3":{"start":{"line":21,"column":20},"end":{"line":30,"column":2}},"4":{"start":{"line":25,"column":2},"end":{"line":29,"column":4}},"5":{"start":{"line":31,"column":0},"end":{"line":31,"column":59}},"6":{"start":{"line":33,"column":23},"end":{"line":45,"column":2}},"7":{"start":{"line":37,"column":2},"end":{"line":44,"column":4}},"8":{"start":{"line":46,"column":0},"end":{"line":46,"column":65}}},"fnMap":{"0":{"name":"(anonymous_0)","decl":{"start":{"line":9,"column":2},"end":{"line":9,"column":3}},"loc":{"start":{"line":10,"column":2},"end":{"line":17,"column":4}},"line":10},"1":{"name":"(anonymous_1)","decl":{"start":{"line":24,"column":2},"end":{"line":24,"column":3}},"loc":{"start":{"line":25,"column":2},"end":{"line":29,"column":4}},"line":25},"2":{"name":"(anonymous_2)","decl":{"start":{"line":36,"column":2},"end":{"line":36,"column":3}},"loc":{"start":{"line":37,"column":2},"end":{"line":44,"column":4}},"line":37}},"branchMap":{},"s":{"0":1,"1":0,"2":1,"3":1,"4":0,"5":1,"6":1,"7":0,"8":1},"f":{"0":0,"1":0,"2":0},"b":{},"_coverageSchema":"1a1c01bbd47fc00a2c39e90264f33305004495a9","hash":"04e372fbd143a51284a11f3a03408942b1f65942"},"/Users/ysadamt/tamu/spring2024/csce331/projects/project-3-full-stack-agile-web-project-3-907-30/src/components/ui/dropdown-menu.tsx":{"path":"/Users/ysadamt/tamu/spring2024/csce331/projects/project-3-full-stack-agile-web-project-3-907-30/src/components/ui/dropdown-menu.tsx","statementMap":{"0":{"start":{"line":7,"column":21},"end":{"line":7,"column":47}},"1":{"start":{"line":9,"column":28},"end":{"line":9,"column":57}},"2":{"start":{"line":11,"column":26},"end":{"line":11,"column":53}},"3":{"start":{"line":13,"column":27},"end":{"line":13,"column":55}},"4":{"start":{"line":15,"column":24},"end":{"line":15,"column":49}},"5":{"start":{"line":17,"column":31},"end":{"line":17,"column":63}},"6":{"start":{"line":19,"column":31},"end":{"line":37,"column":2}},"7":{"start":{"line":25,"column":2},"end":{"line":36,"column":37}},"8":{"start":{"line":38,"column":0},"end":{"line":39,"column":46}},"9":{"start":{"line":41,"column":31},"end":{"line":53,"column":2}},"10":{"start":{"line":45,"column":2},"end":{"line":52,"column":4}},"11":{"start":{"line":54,"column":0},"end":{"line":55,"column":46}},"12":{"start":{"line":57,"column":28},"end":{"line":72,"column":2}},"13":{"start":{"line":61,"column":2},"end":{"line":71,"column":33}},"14":{"start":{"line":73,"column":0},"end":{"line":73,"column":75}},"15":{"start":{"line":75,"column":25},"end":{"line":90,"column":2}},"16":{"start":{"line":81,"column":2},"end":{"line":89,"column":4}},"17":{"start":{"line":91,"column":0},"end":{"line":91,"column":69}},"18":{"start":{"line":93,"column":33},"end":{"line":113,"column":2}},"19":{"start":{"line":97,"column":2},"end":{"line":112,"column":39}},"20":{"start":{"line":114,"column":0},"end":{"line":115,"column":48}},"21":{"start":{"line":117,"column":30},"end":{"line":136,"column":2}},"22":{"start":{"line":121,"column":2},"end":{"line":135,"column":36}},"23":{"start":{"line":137,"column":0},"end":{"line":137,"column":79}},"24":{"start":{"line":139,"column":26},"end":{"line":154,"column":2}},"25":{"start":{"line":145,"column":2},"end":{"line":153,"column":4}},"26":{"start":{"line":155,"column":0},"end":{"line":155,"column":71}},"27":{"start":{"line":157,"column":30},"end":{"line":166,"column":2}},"28":{"start":{"line":161,"column":2},"end":{"line":165,"column":4}},"29":{"start":{"line":167,"column":0},"end":{"line":167,"column":79}},"30":{"start":{"line":169,"column":29},"end":{"line":179,"column":1}},"31":{"start":{"line":173,"column":2},"end":{"line":178,"column":3}},"32":{"start":{"line":180,"column":0},"end":{"line":180,"column":57}}},"fnMap":{"0":{"name":"(anonymous_0)","decl":{"start":{"line":24,"column":2},"end":{"line":24,"column":3}},"loc":{"start":{"line":25,"column":2},"end":{"line":36,"column":37}},"line":25},"1":{"name":"(anonymous_1)","decl":{"start":{"line":44,"column":2},"end":{"line":44,"column":3}},"loc":{"start":{"line":45,"column":2},"end":{"line":52,"column":4}},"line":45},"2":{"name":"(anonymous_2)","decl":{"start":{"line":60,"column":2},"end":{"line":60,"column":3}},"loc":{"start":{"line":61,"column":2},"end":{"line":71,"column":33}},"line":61},"3":{"name":"(anonymous_3)","decl":{"start":{"line":80,"column":2},"end":{"line":80,"column":3}},"loc":{"start":{"line":81,"column":2},"end":{"line":89,"column":4}},"line":81},"4":{"name":"(anonymous_4)","decl":{"start":{"line":96,"column":2},"end":{"line":96,"column":3}},"loc":{"start":{"line":97,"column":2},"end":{"line":112,"column":39}},"line":97},"5":{"name":"(anonymous_5)","decl":{"start":{"line":120,"column":2},"end":{"line":120,"column":3}},"loc":{"start":{"line":121,"column":2},"end":{"line":135,"column":36}},"line":121},"6":{"name":"(anonymous_6)","decl":{"start":{"line":144,"column":2},"end":{"line":144,"column":3}},"loc":{"start":{"line":145,"column":2},"end":{"line":153,"column":4}},"line":145},"7":{"name":"(anonymous_7)","decl":{"start":{"line":160,"column":2},"end":{"line":160,"column":3}},"loc":{"start":{"line":161,"column":2},"end":{"line":165,"column":4}},"line":161},"8":{"name":"(anonymous_8)","decl":{"start":{"line":169,"column":29},"end":{"line":169,"column":30}},"loc":{"start":{"line":172,"column":45},"end":{"line":179,"column":1}},"line":172}},"branchMap":{"0":{"loc":{"start":{"line":29,"column":6},"end":{"line":29,"column":21}},"type":"binary-expr","locations":[{"start":{"line":29,"column":6},"end":{"line":29,"column":11}},{"start":{"line":29,"column":15},"end":{"line":29,"column":21}}],"line":29},"1":{"loc":{"start":{"line":60,"column":16},"end":{"line":60,"column":30}},"type":"default-arg","locations":[{"start":{"line":60,"column":29},"end":{"line":60,"column":30}}],"line":60},"2":{"loc":{"start":{"line":85,"column":6},"end":{"line":85,"column":21}},"type":"binary-expr","locations":[{"start":{"line":85,"column":6},"end":{"line":85,"column":11}},{"start":{"line":85,"column":15},"end":{"line":85,"column":21}}],"line":85},"3":{"loc":{"start":{"line":149,"column":6},"end":{"line":149,"column":21}},"type":"binary-expr","locations":[{"start":{"line":149,"column":6},"end":{"line":149,"column":11}},{"start":{"line":149,"column":15},"end":{"line":149,"column":21}}],"line":149}},"s":{"0":1,"1":1,"2":1,"3":1,"4":1,"5":1,"6":1,"7":0,"8":1,"9":1,"10":0,"11":1,"12":1,"13":2,"14":1,"15":1,"16":0,"17":1,"18":1,"19":0,"20":1,"21":1,"22":0,"23":1,"24":1,"25":0,"26":1,"27":1,"28":0,"29":1,"30":1,"31":0,"32":1},"f":{"0":0,"1":0,"2":2,"3":0,"4":0,"5":0,"6":0,"7":0,"8":0},"b":{"0":[0,0],"1":[2],"2":[0,0],"3":[0,0]},"_coverageSchema":"1a1c01bbd47fc00a2c39e90264f33305004495a9","hash":"aee0e7b15e60691aeb2b4c0b6683b9b5f2a392ba"},"/Users/ysadamt/tamu/spring2024/csce331/projects/project-3-full-stack-agile-web-project-3-907-30/src/components/ui/badge.tsx":{"path":"/Users/ysadamt/tamu/spring2024/csce331/projects/project-3-full-stack-agile-web-project-3-907-30/src/components/ui/badge.tsx","statementMap":{"0":{"start":{"line":6,"column":22},"end":{"line":24,"column":1}},"1":{"start":{"line":31,"column":2},"end":{"line":33,"column":3}}},"fnMap":{"0":{"name":"Badge","decl":{"start":{"line":30,"column":9},"end":{"line":30,"column":14}},"loc":{"start":{"line":30,"column":61},"end":{"line":34,"column":1}},"line":30}},"branchMap":{},"s":{"0":1,"1":0},"f":{"0":0},"b":{},"_coverageSchema":"1a1c01bbd47fc00a2c39e90264f33305004495a9","hash":"a7bbda14ec5c65787c59108cc7b25455e0c282ac"},"/Users/ysadamt/tamu/spring2024/csce331/projects/project-3-full-stack-agile-web-project-3-907-30/src/components/ui/button.tsx":{"path":"/Users/ysadamt/tamu/spring2024/csce331/projects/project-3-full-stack-agile-web-project-3-907-30/src/components/ui/button.tsx","statementMap":{"0":{"start":{"line":7,"column":23},"end":{"line":34,"column":1}},"1":{"start":{"line":42,"column":15},"end":{"line":53,"column":1}},"2":{"start":{"line":44,"column":17},"end":{"line":44,"column":42}},"3":{"start":{"line":45,"column":4},"end":{"line":51,"column":5}},"4":{"start":{"line":54,"column":0},"end":{"line":54,"column":29}}},"fnMap":{"0":{"name":"(anonymous_0)","decl":{"start":{"line":43,"column":2},"end":{"line":43,"column":3}},"loc":{"start":{"line":43,"column":68},"end":{"line":52,"column":3}},"line":43}},"branchMap":{"0":{"loc":{"start":{"line":43,"column":31},"end":{"line":43,"column":46}},"type":"default-arg","locations":[{"start":{"line":43,"column":41},"end":{"line":43,"column":46}}],"line":43},"1":{"loc":{"start":{"line":44,"column":17},"end":{"line":44,"column":42}},"type":"cond-expr","locations":[{"start":{"line":44,"column":27},"end":{"line":44,"column":31}},{"start":{"line":44,"column":34},"end":{"line":44,"column":42}}],"line":44}},"s":{"0":1,"1":1,"2":12,"3":12,"4":1},"f":{"0":12},"b":{"0":[10],"1":[2,10]},"_coverageSchema":"1a1c01bbd47fc00a2c39e90264f33305004495a9","hash":"4e7c5da9a9d8cef35ffd31170549646e5190bd5a"},"/Users/ysadamt/tamu/spring2024/csce331/projects/project-3-full-stack-agile-web-project-3-907-30/src/components/ui/navigation-menu.tsx":{"path":"/Users/ysadamt/tamu/spring2024/csce331/projects/project-3-full-stack-agile-web-project-3-907-30/src/components/ui/navigation-menu.tsx","statementMap":{"0":{"start":{"line":8,"column":23},"end":{"line":23,"column":2}},"1":{"start":{"line":12,"column":2},"end":{"line":22,"column":33}},"2":{"start":{"line":24,"column":0},"end":{"line":24,"column":69}},"3":{"start":{"line":26,"column":27},"end":{"line":38,"column":2}},"4":{"start":{"line":30,"column":2},"end":{"line":37,"column":4}},"5":{"start":{"line":39,"column":0},"end":{"line":39,"column":73}},"6":{"start":{"line":41,"column":27},"end":{"line":41,"column":55}},"7":{"start":{"line":43,"column":35},"end":{"line":45,"column":1}},"8":{"start":{"line":47,"column":30},"end":{"line":62,"column":2}},"9":{"start":{"line":51,"column":2},"end":{"line":61,"column":36}},"10":{"start":{"line":63,"column":0},"end":{"line":63,"column":79}},"11":{"start":{"line":65,"column":30},"end":{"line":77,"column":2}},"12":{"start":{"line":69,"column":2},"end":{"line":76,"column":4}},"13":{"start":{"line":78,"column":0},"end":{"line":78,"column":79}},"14":{"start":{"line":80,"column":27},"end":{"line":80,"column":55}},"15":{"start":{"line":82,"column":31},"end":{"line":96,"column":2}},"16":{"start":{"line":86,"column":2},"end":{"line":95,"column":8}},"17":{"start":{"line":97,"column":0},"end":{"line":98,"column":46}},"18":{"start":{"line":100,"column":32},"end":{"line":114,"column":2}},"19":{"start":{"line":104,"column":2},"end":{"line":113,"column":38}},"20":{"start":{"line":115,"column":0},"end":{"line":116,"column":47}}},"fnMap":{"0":{"name":"(anonymous_0)","decl":{"start":{"line":11,"column":2},"end":{"line":11,"column":3}},"loc":{"start":{"line":12,"column":2},"end":{"line":22,"column":33}},"line":12},"1":{"name":"(anonymous_1)","decl":{"start":{"line":29,"column":2},"end":{"line":29,"column":3}},"loc":{"start":{"line":30,"column":2},"end":{"line":37,"column":4}},"line":30},"2":{"name":"(anonymous_2)","decl":{"start":{"line":50,"column":2},"end":{"line":50,"column":3}},"loc":{"start":{"line":51,"column":2},"end":{"line":61,"column":36}},"line":51},"3":{"name":"(anonymous_3)","decl":{"start":{"line":68,"column":2},"end":{"line":68,"column":3}},"loc":{"start":{"line":69,"column":2},"end":{"line":76,"column":4}},"line":69},"4":{"name":"(anonymous_4)","decl":{"start":{"line":85,"column":2},"end":{"line":85,"column":3}},"loc":{"start":{"line":86,"column":2},"end":{"line":95,"column":8}},"line":86},"5":{"name":"(anonymous_5)","decl":{"start":{"line":103,"column":2},"end":{"line":103,"column":3}},"loc":{"start":{"line":104,"column":2},"end":{"line":113,"column":38}},"line":104}},"branchMap":{},"s":{"0":1,"1":0,"2":1,"3":1,"4":0,"5":1,"6":1,"7":1,"8":1,"9":0,"10":1,"11":1,"12":0,"13":1,"14":1,"15":1,"16":0,"17":1,"18":1,"19":0,"20":1},"f":{"0":0,"1":0,"2":0,"3":0,"4":0,"5":0},"b":{},"_coverageSchema":"1a1c01bbd47fc00a2c39e90264f33305004495a9","hash":"31cbed012e4b1aa4f0fa0c8f83938cc0d64ef8b3"},"/Users/ysadamt/tamu/spring2024/csce331/projects/project-3-full-stack-agile-web-project-3-907-30/src/components/ui/toast.tsx":{"path":"/Users/ysadamt/tamu/spring2024/csce331/projects/project-3-full-stack-agile-web-project-3-907-30/src/components/ui/toast.tsx","statementMap":{"0":{"start":{"line":8,"column":22},"end":{"line":8,"column":46}},"1":{"start":{"line":10,"column":22},"end":{"line":22,"column":2}},"2":{"start":{"line":14,"column":2},"end":{"line":21,"column":4}},"3":{"start":{"line":23,"column":0},"end":{"line":23,"column":64}},"4":{"start":{"line":25,"column":22},"end":{"line":39,"column":1}},"5":{"start":{"line":41,"column":14},"end":{"line":53,"column":2}},"6":{"start":{"line":46,"column":2},"end":{"line":52,"column":3}},"7":{"start":{"line":54,"column":0},"end":{"line":54,"column":52}},"8":{"start":{"line":56,"column":20},"end":{"line":68,"column":2}},"9":{"start":{"line":60,"column":2},"end":{"line":67,"column":4}},"10":{"start":{"line":69,"column":0},"end":{"line":69,"column":60}},"11":{"start":{"line":71,"column":19},"end":{"line":86,"column":2}},"12":{"start":{"line":75,"column":2},"end":{"line":85,"column":26}},"13":{"start":{"line":87,"column":0},"end":{"line":87,"column":58}},"14":{"start":{"line":89,"column":19},"end":{"line":98,"column":2}},"15":{"start":{"line":93,"column":2},"end":{"line":97,"column":4}},"16":{"start":{"line":99,"column":0},"end":{"line":99,"column":58}},"17":{"start":{"line":101,"column":25},"end":{"line":110,"column":2}},"18":{"start":{"line":105,"column":2},"end":{"line":109,"column":4}},"19":{"start":{"line":111,"column":0},"end":{"line":111,"column":70}}},"fnMap":{"0":{"name":"(anonymous_0)","decl":{"start":{"line":13,"column":2},"end":{"line":13,"column":3}},"loc":{"start":{"line":14,"column":2},"end":{"line":21,"column":4}},"line":14},"1":{"name":"(anonymous_1)","decl":{"start":{"line":45,"column":2},"end":{"line":45,"column":3}},"loc":{"start":{"line":45,"column":45},"end":{"line":53,"column":1}},"line":45},"2":{"name":"(anonymous_2)","decl":{"start":{"line":59,"column":2},"end":{"line":59,"column":3}},"loc":{"start":{"line":60,"column":2},"end":{"line":67,"column":4}},"line":60},"3":{"name":"(anonymous_3)","decl":{"start":{"line":74,"column":2},"end":{"line":74,"column":3}},"loc":{"start":{"line":75,"column":2},"end":{"line":85,"column":26}},"line":75},"4":{"name":"(anonymous_4)","decl":{"start":{"line":92,"column":2},"end":{"line":92,"column":3}},"loc":{"start":{"line":93,"column":2},"end":{"line":97,"column":4}},"line":93},"5":{"name":"(anonymous_5)","decl":{"start":{"line":104,"column":2},"end":{"line":104,"column":3}},"loc":{"start":{"line":105,"column":2},"end":{"line":109,"column":4}},"line":105}},"branchMap":{},"s":{"0":1,"1":1,"2":2,"3":1,"4":1,"5":1,"6":0,"7":1,"8":1,"9":0,"10":1,"11":1,"12":0,"13":1,"14":1,"15":0,"16":1,"17":1,"18":0,"19":1},"f":{"0":2,"1":0,"2":0,"3":0,"4":0,"5":0},"b":{},"_coverageSchema":"1a1c01bbd47fc00a2c39e90264f33305004495a9","hash":"3bbe5fdb217c2dbd20a68415ba60d6bcdf866e0e"},"/Users/ysadamt/tamu/spring2024/csce331/projects/project-3-full-stack-agile-web-project-3-907-30/src/components/ui/use-toast.ts":{"path":"/Users/ysadamt/tamu/spring2024/csce331/projects/project-3-full-stack-agile-web-project-3-907-30/src/components/ui/use-toast.ts","statementMap":{"0":{"start":{"line":9,"column":20},"end":{"line":9,"column":21}},"1":{"start":{"line":10,"column":27},"end":{"line":10,"column":34}},"2":{"start":{"line":19,"column":20},"end":{"line":24,"column":10}},"3":{"start":{"line":26,"column":12},"end":{"line":26,"column":13}},"4":{"start":{"line":29,"column":2},"end":{"line":29,"column":47}},"5":{"start":{"line":30,"column":2},"end":{"line":30,"column":25}},"6":{"start":{"line":57,"column":22},"end":{"line":57,"column":70}},"7":{"start":{"line":59,"column":25},"end":{"line":73,"column":1}},"8":{"start":{"line":60,"column":2},"end":{"line":62,"column":3}},"9":{"start":{"line":61,"column":4},"end":{"line":61,"column":10}},"10":{"start":{"line":64,"column":18},"end":{"line":70,"column":24}},"11":{"start":{"line":65,"column":4},"end":{"line":65,"column":33}},"12":{"start":{"line":66,"column":4},"end":{"line":69,"column":6}},"13":{"start":{"line":72,"column":2},"end":{"line":72,"column":37}},"14":{"start":{"line":75,"column":23},"end":{"line":128,"column":1}},"15":{"start":{"line":76,"column":2},"end":{"line":127,"column":3}},"16":{"start":{"line":78,"column":6},"end":{"line":81,"column":7}},"17":{"start":{"line":84,"column":6},"end":{"line":89,"column":7}},"18":{"start":{"line":87,"column":10},"end":{"line":87,"column":66}},"19":{"start":{"line":92,"column":26},"end":{"line":92,"column":32}},"20":{"start":{"line":96,"column":6},"end":{"line":102,"column":7}},"21":{"start":{"line":97,"column":8},"end":{"line":97,"column":33}},"22":{"start":{"line":99,"column":8},"end":{"line":101,"column":10}},"23":{"start":{"line":100,"column":10},"end":{"line":100,"column":36}},"24":{"start":{"line":104,"column":6},"end":{"line":114,"column":7}},"25":{"start":{"line":107,"column":10},"end":{"line":112,"column":15}},"26":{"start":{"line":117,"column":6},"end":{"line":122,"column":7}},"27":{"start":{"line":118,"column":8},"end":{"line":121,"column":9}},"28":{"start":{"line":123,"column":6},"end":{"line":126,"column":7}},"29":{"start":{"line":125,"column":43},"end":{"line":125,"column":66}},"30":{"start":{"line":130,"column":49},"end":{"line":130,"column":51}},"31":{"start":{"line":132,"column":25},"end":{"line":132,"column":39}},"32":{"start":{"line":135,"column":2},"end":{"line":135,"column":44}},"33":{"start":{"line":136,"column":2},"end":{"line":138,"column":4}},"34":{"start":{"line":137,"column":4},"end":{"line":137,"column":25}},"35":{"start":{"line":144,"column":13},"end":{"line":144,"column":20}},"36":{"start":{"line":146,"column":17},"end":{"line":150,"column":6}},"37":{"start":{"line":147,"column":4},"end":{"line":150,"column":6}},"38":{"start":{"line":151,"column":18},"end":{"line":151,"column":72}},"39":{"start":{"line":151,"column":24},"end":{"line":151,"column":72}},"40":{"start":{"line":153,"column":2},"end":{"line":163,"column":4}},"41":{"start":{"line":160,"column":8},"end":{"line":160,"column":28}},"42":{"start":{"line":160,"column":19},"end":{"line":160,"column":28}},"43":{"start":{"line":165,"column":2},"end":{"line":169,"column":3}},"44":{"start":{"line":173,"column":28},"end":{"line":173,"column":62}},"45":{"start":{"line":175,"column":2},"end":{"line":183,"column":13}},"46":{"start":{"line":176,"column":4},"end":{"line":176,"column":28}},"47":{"start":{"line":177,"column":4},"end":{"line":182,"column":5}},"48":{"start":{"line":178,"column":20},"end":{"line":178,"column":47}},"49":{"start":{"line":179,"column":6},"end":{"line":181,"column":7}},"50":{"start":{"line":180,"column":8},"end":{"line":180,"column":34}},"51":{"start":{"line":185,"column":2},"end":{"line":189,"column":3}},"52":{"start":{"line":188,"column":35},"end":{"line":188,"column":79}}},"fnMap":{"0":{"name":"genId","decl":{"start":{"line":28,"column":9},"end":{"line":28,"column":14}},"loc":{"start":{"line":28,"column":17},"end":{"line":31,"column":1}},"line":28},"1":{"name":"(anonymous_1)","decl":{"start":{"line":59,"column":25},"end":{"line":59,"column":26}},"loc":{"start":{"line":59,"column":46},"end":{"line":73,"column":1}},"line":59},"2":{"name":"(anonymous_2)","decl":{"start":{"line":64,"column":29},"end":{"line":64,"column":30}},"loc":{"start":{"line":64,"column":35},"end":{"line":70,"column":3}},"line":64},"3":{"name":"(anonymous_3)","decl":{"start":{"line":75,"column":23},"end":{"line":75,"column":24}},"loc":{"start":{"line":75,"column":64},"end":{"line":128,"column":1}},"line":75},"4":{"name":"(anonymous_4)","decl":{"start":{"line":86,"column":33},"end":{"line":86,"column":34}},"loc":{"start":{"line":87,"column":10},"end":{"line":87,"column":66}},"line":87},"5":{"name":"(anonymous_5)","decl":{"start":{"line":99,"column":29},"end":{"line":99,"column":30}},"loc":{"start":{"line":99,"column":40},"end":{"line":101,"column":9}},"line":99},"6":{"name":"(anonymous_6)","decl":{"start":{"line":106,"column":33},"end":{"line":106,"column":34}},"loc":{"start":{"line":107,"column":10},"end":{"line":112,"column":15}},"line":107},"7":{"name":"(anonymous_7)","decl":{"start":{"line":125,"column":36},"end":{"line":125,"column":37}},"loc":{"start":{"line":125,"column":43},"end":{"line":125,"column":66}},"line":125},"8":{"name":"dispatch","decl":{"start":{"line":134,"column":9},"end":{"line":134,"column":17}},"loc":{"start":{"line":134,"column":34},"end":{"line":139,"column":1}},"line":134},"9":{"name":"(anonymous_9)","decl":{"start":{"line":136,"column":20},"end":{"line":136,"column":21}},"loc":{"start":{"line":136,"column":34},"end":{"line":138,"column":3}},"line":136},"10":{"name":"toast","decl":{"start":{"line":143,"column":9},"end":{"line":143,"column":14}},"loc":{"start":{"line":143,"column":36},"end":{"line":170,"column":1}},"line":143},"11":{"name":"(anonymous_11)","decl":{"start":{"line":146,"column":17},"end":{"line":146,"column":18}},"loc":{"start":{"line":147,"column":4},"end":{"line":150,"column":6}},"line":147},"12":{"name":"(anonymous_12)","decl":{"start":{"line":151,"column":18},"end":{"line":151,"column":19}},"loc":{"start":{"line":151,"column":24},"end":{"line":151,"column":72}},"line":151},"13":{"name":"(anonymous_13)","decl":{"start":{"line":159,"column":20},"end":{"line":159,"column":21}},"loc":{"start":{"line":159,"column":30},"end":{"line":161,"column":7}},"line":159},"14":{"name":"useToast","decl":{"start":{"line":172,"column":9},"end":{"line":172,"column":17}},"loc":{"start":{"line":172,"column":20},"end":{"line":190,"column":1}},"line":172},"15":{"name":"(anonymous_15)","decl":{"start":{"line":175,"column":18},"end":{"line":175,"column":19}},"loc":{"start":{"line":175,"column":24},"end":{"line":183,"column":3}},"line":175},"16":{"name":"(anonymous_16)","decl":{"start":{"line":177,"column":11},"end":{"line":177,"column":12}},"loc":{"start":{"line":177,"column":17},"end":{"line":182,"column":5}},"line":177},"17":{"name":"(anonymous_17)","decl":{"start":{"line":188,"column":13},"end":{"line":188,"column":14}},"loc":{"start":{"line":188,"column":35},"end":{"line":188,"column":79}},"line":188}},"branchMap":{"0":{"loc":{"start":{"line":60,"column":2},"end":{"line":62,"column":3}},"type":"if","locations":[{"start":{"line":60,"column":2},"end":{"line":62,"column":3}},{"start":{},"end":{}}],"line":60},"1":{"loc":{"start":{"line":76,"column":2},"end":{"line":127,"column":3}},"type":"switch","locations":[{"start":{"line":77,"column":4},"end":{"line":81,"column":7}},{"start":{"line":83,"column":4},"end":{"line":89,"column":7}},{"start":{"line":91,"column":4},"end":{"line":115,"column":5}},{"start":{"line":116,"column":4},"end":{"line":126,"column":7}}],"line":76},"2":{"loc":{"start":{"line":87,"column":10},"end":{"line":87,"column":66}},"type":"cond-expr","locations":[{"start":{"line":87,"column":37},"end":{"line":87,"column":62}},{"start":{"line":87,"column":65},"end":{"line":87,"column":66}}],"line":87},"3":{"loc":{"start":{"line":96,"column":6},"end":{"line":102,"column":7}},"type":"if","locations":[{"start":{"line":96,"column":6},"end":{"line":102,"column":7}},{"start":{"line":98,"column":13},"end":{"line":102,"column":7}}],"line":96},"4":{"loc":{"start":{"line":107,"column":10},"end":{"line":112,"column":15}},"type":"cond-expr","locations":[{"start":{"line":108,"column":14},"end":{"line":111,"column":15}},{"start":{"line":112,"column":14},"end":{"line":112,"column":15}}],"line":107},"5":{"loc":{"start":{"line":107,"column":10},"end":{"line":107,"column":51}},"type":"binary-expr","locations":[{"start":{"line":107,"column":10},"end":{"line":107,"column":26}},{"start":{"line":107,"column":30},"end":{"line":107,"column":51}}],"line":107},"6":{"loc":{"start":{"line":117,"column":6},"end":{"line":122,"column":7}},"type":"if","locations":[{"start":{"line":117,"column":6},"end":{"line":122,"column":7}},{"start":{},"end":{}}],"line":117},"7":{"loc":{"start":{"line":160,"column":8},"end":{"line":160,"column":28}},"type":"if","locations":[{"start":{"line":160,"column":8},"end":{"line":160,"column":28}},{"start":{},"end":{}}],"line":160},"8":{"loc":{"start":{"line":179,"column":6},"end":{"line":181,"column":7}},"type":"if","locations":[{"start":{"line":179,"column":6},"end":{"line":181,"column":7}},{"start":{},"end":{}}],"line":179}},"s":{"0":1,"1":1,"2":1,"3":1,"4":0,"5":0,"6":1,"7":1,"8":0,"9":0,"10":0,"11":0,"12":0,"13":0,"14":1,"15":0,"16":0,"17":0,"18":0,"19":0,"20":0,"21":0,"22":0,"23":0,"24":0,"25":0,"26":0,"27":0,"28":0,"29":0,"30":1,"31":1,"32":0,"33":0,"34":0,"35":0,"36":0,"37":0,"38":0,"39":0,"40":0,"41":0,"42":0,"43":0,"44":4,"45":4,"46":4,"47":4,"48":2,"49":2,"50":2,"51":4,"52":0},"f":{"0":0,"1":0,"2":0,"3":0,"4":0,"5":0,"6":0,"7":0,"8":0,"9":0,"10":0,"11":0,"12":0,"13":0,"14":4,"15":4,"16":2,"17":0},"b":{"0":[0,0],"1":[0,0,0,0],"2":[0,0],"3":[0,0],"4":[0,0],"5":[0,0],"6":[0,0],"7":[0,0],"8":[2,0]},"_coverageSchema":"1a1c01bbd47fc00a2c39e90264f33305004495a9","hash":"60b5f48eabb048561a686adcfdc5da0f3be98062"},"/Users/ysadamt/tamu/spring2024/csce331/projects/project-3-full-stack-agile-web-project-3-907-30/src/components/ui/toaster.tsx":{"path":"/Users/ysadamt/tamu/spring2024/csce331/projects/project-3-full-stack-agile-web-project-3-907-30/src/components/ui/toaster.tsx","statementMap":{"0":{"start":{"line":12,"column":21},"end":{"line":12,"column":31}},"1":{"start":{"line":14,"column":2},"end":{"line":32,"column":3}},"2":{"start":{"line":17,"column":8},"end":{"line":28,"column":9}}},"fnMap":{"0":{"name":"Toaster","decl":{"start":{"line":11,"column":16},"end":{"line":11,"column":23}},"loc":{"start":{"line":11,"column":26},"end":{"line":33,"column":1}},"line":11},"1":{"name":"(anonymous_1)","decl":{"start":{"line":16,"column":18},"end":{"line":16,"column":19}},"loc":{"start":{"line":16,"column":74},"end":{"line":29,"column":7}},"line":16}},"branchMap":{"0":{"loc":{"start":{"line":20,"column":15},"end":{"line":20,"column":56}},"type":"binary-expr","locations":[{"start":{"line":20,"column":15},"end":{"line":20,"column":20}},{"start":{"line":20,"column":24},"end":{"line":20,"column":56}}],"line":20},"1":{"loc":{"start":{"line":21,"column":15},"end":{"line":23,"column":15}},"type":"binary-expr","locations":[{"start":{"line":21,"column":15},"end":{"line":21,"column":26}},{"start":{"line":22,"column":16},"end":{"line":22,"column":66}}],"line":21}},"s":{"0":2,"1":2,"2":0},"f":{"0":2,"1":0},"b":{"0":[0,0],"1":[0,0]},"_coverageSchema":"1a1c01bbd47fc00a2c39e90264f33305004495a9","hash":"f27db7cc7a3a6912a592c572356bc227560c75c5"},"/Users/ysadamt/tamu/spring2024/csce331/projects/project-3-full-stack-agile-web-project-3-907-30/src/components/ui/skeleton.tsx":{"path":"/Users/ysadamt/tamu/spring2024/csce331/projects/project-3-full-stack-agile-web-project-3-907-30/src/components/ui/skeleton.tsx","statementMap":{"0":{"start":{"line":7,"column":2},"end":{"line":12,"column":3}}},"fnMap":{"0":{"name":"Skeleton","decl":{"start":{"line":3,"column":9},"end":{"line":3,"column":17}},"loc":{"start":{"line":6,"column":41},"end":{"line":13,"column":1}},"line":6}},"branchMap":{},"s":{"0":0},"f":{"0":0},"b":{},"_coverageSchema":"1a1c01bbd47fc00a2c39e90264f33305004495a9","hash":"dde87e06765f66f7b86df2e5374ed2f05750f0c7"},"/Users/ysadamt/tamu/spring2024/csce331/projects/project-3-full-stack-agile-web-project-3-907-30/src/components/ui/dialog.tsx":{"path":"/Users/ysadamt/tamu/spring2024/csce331/projects/project-3-full-stack-agile-web-project-3-907-30/src/components/ui/dialog.tsx","statementMap":{"0":{"start":{"line":7,"column":15},"end":{"line":7,"column":35}},"1":{"start":{"line":9,"column":22},"end":{"line":9,"column":45}},"2":{"start":{"line":11,"column":21},"end":{"line":11,"column":43}},"3":{"start":{"line":13,"column":20},"end":{"line":13,"column":41}},"4":{"start":{"line":15,"column":22},"end":{"line":27,"column":2}},"5":{"start":{"line":19,"column":2},"end":{"line":26,"column":4}},"6":{"start":{"line":28,"column":0},"end":{"line":28,"column":63}},"7":{"start":{"line":30,"column":22},"end":{"line":51,"column":2}},"8":{"start":{"line":34,"column":2},"end":{"line":50,"column":17}},"9":{"start":{"line":52,"column":0},"end":{"line":52,"column":63}},"10":{"start":{"line":54,"column":21},"end":{"line":65,"column":1}},"11":{"start":{"line":58,"column":2},"end":{"line":64,"column":4}},"12":{"start":{"line":66,"column":0},"end":{"line":66,"column":41}},"13":{"start":{"line":68,"column":21},"end":{"line":79,"column":1}},"14":{"start":{"line":72,"column":2},"end":{"line":78,"column":4}},"15":{"start":{"line":80,"column":0},"end":{"line":80,"column":41}},"16":{"start":{"line":82,"column":20},"end":{"line":94,"column":2}},"17":{"start":{"line":86,"column":2},"end":{"line":93,"column":4}},"18":{"start":{"line":95,"column":0},"end":{"line":95,"column":59}},"19":{"start":{"line":97,"column":26},"end":{"line":106,"column":2}},"20":{"start":{"line":101,"column":2},"end":{"line":105,"column":4}},"21":{"start":{"line":107,"column":0},"end":{"line":107,"column":71}}},"fnMap":{"0":{"name":"(anonymous_0)","decl":{"start":{"line":18,"column":2},"end":{"line":18,"column":3}},"loc":{"start":{"line":19,"column":2},"end":{"line":26,"column":4}},"line":19},"1":{"name":"(anonymous_1)","decl":{"start":{"line":33,"column":2},"end":{"line":33,"column":3}},"loc":{"start":{"line":34,"column":2},"end":{"line":50,"column":17}},"line":34},"2":{"name":"(anonymous_2)","decl":{"start":{"line":54,"column":21},"end":{"line":54,"column":22}},"loc":{"start":{"line":58,"column":2},"end":{"line":64,"column":4}},"line":58},"3":{"name":"(anonymous_3)","decl":{"start":{"line":68,"column":21},"end":{"line":68,"column":22}},"loc":{"start":{"line":72,"column":2},"end":{"line":78,"column":4}},"line":72},"4":{"name":"(anonymous_4)","decl":{"start":{"line":85,"column":2},"end":{"line":85,"column":3}},"loc":{"start":{"line":86,"column":2},"end":{"line":93,"column":4}},"line":86},"5":{"name":"(anonymous_5)","decl":{"start":{"line":100,"column":2},"end":{"line":100,"column":3}},"loc":{"start":{"line":101,"column":2},"end":{"line":105,"column":4}},"line":101}},"branchMap":{},"s":{"0":1,"1":1,"2":1,"3":1,"4":1,"5":0,"6":1,"7":1,"8":4,"9":1,"10":1,"11":0,"12":1,"13":1,"14":0,"15":1,"16":1,"17":0,"18":1,"19":1,"20":0,"21":1},"f":{"0":0,"1":4,"2":0,"3":0,"4":0,"5":0},"b":{},"_coverageSchema":"1a1c01bbd47fc00a2c39e90264f33305004495a9","hash":"da8c2d6c3aca7f90c97e053a2fb8a3e6b89867d9"},"/Users/ysadamt/tamu/spring2024/csce331/projects/project-3-full-stack-agile-web-project-3-907-30/src/components/ui/input-otp.tsx":{"path":"/Users/ysadamt/tamu/spring2024/csce331/projects/project-3-full-stack-agile-web-project-3-907-30/src/components/ui/input-otp.tsx","statementMap":{"0":{"start":{"line":7,"column":17},"end":{"line":20,"column":2}},"1":{"start":{"line":11,"column":2},"end":{"line":19,"column":4}},"2":{"start":{"line":21,"column":0},"end":{"line":21,"column":33}},"3":{"start":{"line":23,"column":22},"end":{"line":28,"column":2}},"4":{"start":{"line":27,"column":2},"end":{"line":27,"column":77}},"5":{"start":{"line":29,"column":0},"end":{"line":29,"column":43}},"6":{"start":{"line":31,"column":21},"end":{"line":56,"column":2}},"7":{"start":{"line":35,"column":26},"end":{"line":35,"column":59}},"8":{"start":{"line":36,"column":43},"end":{"line":36,"column":71}},"9":{"start":{"line":38,"column":2},"end":{"line":55,"column":3}},"10":{"start":{"line":57,"column":0},"end":{"line":57,"column":41}},"11":{"start":{"line":59,"column":26},"end":{"line":66,"column":2}},"12":{"start":{"line":63,"column":2},"end":{"line":65,"column":8}},"13":{"start":{"line":67,"column":0},"end":{"line":67,"column":51}}},"fnMap":{"0":{"name":"(anonymous_0)","decl":{"start":{"line":10,"column":2},"end":{"line":10,"column":3}},"loc":{"start":{"line":11,"column":2},"end":{"line":19,"column":4}},"line":11},"1":{"name":"(anonymous_1)","decl":{"start":{"line":26,"column":2},"end":{"line":26,"column":3}},"loc":{"start":{"line":27,"column":2},"end":{"line":27,"column":77}},"line":27},"2":{"name":"(anonymous_2)","decl":{"start":{"line":34,"column":2},"end":{"line":34,"column":3}},"loc":{"start":{"line":34,"column":43},"end":{"line":56,"column":1}},"line":34},"3":{"name":"(anonymous_3)","decl":{"start":{"line":62,"column":2},"end":{"line":62,"column":3}},"loc":{"start":{"line":63,"column":2},"end":{"line":65,"column":8}},"line":63}},"branchMap":{"0":{"loc":{"start":{"line":43,"column":8},"end":{"line":43,"column":66}},"type":"binary-expr","locations":[{"start":{"line":43,"column":8},"end":{"line":43,"column":16}},{"start":{"line":43,"column":20},"end":{"line":43,"column":66}}],"line":43},"1":{"loc":{"start":{"line":49,"column":7},"end":{"line":53,"column":7}},"type":"binary-expr","locations":[{"start":{"line":49,"column":7},"end":{"line":49,"column":19}},{"start":{"line":50,"column":8},"end":{"line":52,"column":14}}],"line":49}},"s":{"0":1,"1":0,"2":1,"3":1,"4":0,"5":1,"6":1,"7":0,"8":0,"9":0,"10":1,"11":1,"12":0,"13":1},"f":{"0":0,"1":0,"2":0,"3":0},"b":{"0":[0,0],"1":[0,0]},"_coverageSchema":"1a1c01bbd47fc00a2c39e90264f33305004495a9","hash":"4fe4182abee138e0f8d31af9a910e597f45efdab"},"/Users/ysadamt/tamu/spring2024/csce331/projects/project-3-full-stack-agile-web-project-3-907-30/src/components/ui/label.tsx":{"path":"/Users/ysadamt/tamu/spring2024/csce331/projects/project-3-full-stack-agile-web-project-3-907-30/src/components/ui/label.tsx","statementMap":{"0":{"start":{"line":7,"column":22},"end":{"line":9,"column":1}},"1":{"start":{"line":11,"column":14},"end":{"line":21,"column":2}},"2":{"start":{"line":16,"column":2},"end":{"line":20,"column":4}},"3":{"start":{"line":22,"column":0},"end":{"line":22,"column":51}}},"fnMap":{"0":{"name":"(anonymous_0)","decl":{"start":{"line":15,"column":2},"end":{"line":15,"column":3}},"loc":{"start":{"line":16,"column":2},"end":{"line":20,"column":4}},"line":16}},"branchMap":{},"s":{"0":1,"1":1,"2":0,"3":1},"f":{"0":0},"b":{},"_coverageSchema":"1a1c01bbd47fc00a2c39e90264f33305004495a9","hash":"d5adbee5e8cb67967bf2771daf62cef6693027e9"},"/Users/ysadamt/tamu/spring2024/csce331/projects/project-3-full-stack-agile-web-project-3-907-30/src/components/ui/form.tsx":{"path":"/Users/ysadamt/tamu/spring2024/csce331/projects/project-3-full-stack-agile-web-project-3-907-30/src/components/ui/form.tsx","statementMap":{"0":{"start":{"line":16,"column":13},"end":{"line":16,"column":25}},"1":{"start":{"line":25,"column":25},"end":{"line":27,"column":1}},"2":{"start":{"line":29,"column":18},"end":{"line":40,"column":1}},"3":{"start":{"line":35,"column":2},"end":{"line":39,"column":3}},"4":{"start":{"line":42,"column":21},"end":{"line":63,"column":1}},"5":{"start":{"line":43,"column":23},"end":{"line":43,"column":57}},"6":{"start":{"line":44,"column":22},"end":{"line":44,"column":55}},"7":{"start":{"line":45,"column":39},"end":{"line":45,"column":55}},"8":{"start":{"line":47,"column":21},"end":{"line":47,"column":64}},"9":{"start":{"line":49,"column":2},"end":{"line":51,"column":3}},"10":{"start":{"line":50,"column":4},"end":{"line":50,"column":69}},"11":{"start":{"line":53,"column":17},"end":{"line":53,"column":28}},"12":{"start":{"line":55,"column":2},"end":{"line":62,"column":3}},"13":{"start":{"line":69,"column":24},"end":{"line":71,"column":1}},"14":{"start":{"line":73,"column":17},"end":{"line":84,"column":2}},"15":{"start":{"line":77,"column":13},"end":{"line":77,"column":26}},"16":{"start":{"line":79,"column":2},"end":{"line":83,"column":3}},"17":{"start":{"line":85,"column":0},"end":{"line":85,"column":33}},"18":{"start":{"line":87,"column":18},"end":{"line":101,"column":2}},"19":{"start":{"line":91,"column":32},"end":{"line":91,"column":46}},"20":{"start":{"line":93,"column":2},"end":{"line":100,"column":3}},"21":{"start":{"line":102,"column":0},"end":{"line":102,"column":35}},"22":{"start":{"line":104,"column":20},"end":{"line":123,"column":2}},"23":{"start":{"line":108,"column":66},"end":{"line":108,"column":80}},"24":{"start":{"line":110,"column":2},"end":{"line":122,"column":3}},"25":{"start":{"line":124,"column":0},"end":{"line":124,"column":39}},"26":{"start":{"line":126,"column":24},"end":{"line":140,"column":2}},"27":{"start":{"line":130,"column":32},"end":{"line":130,"column":46}},"28":{"start":{"line":132,"column":2},"end":{"line":139,"column":3}},"29":{"start":{"line":141,"column":0},"end":{"line":141,"column":47}},"30":{"start":{"line":143,"column":20},"end":{"line":164,"column":2}},"31":{"start":{"line":147,"column":35},"end":{"line":147,"column":49}},"32":{"start":{"line":148,"column":15},"end":{"line":148,"column":56}},"33":{"start":{"line":150,"column":2},"end":{"line":152,"column":3}},"34":{"start":{"line":151,"column":4},"end":{"line":151,"column":15}},"35":{"start":{"line":154,"column":2},"end":{"line":163,"column":3}},"36":{"start":{"line":165,"column":0},"end":{"line":165,"column":39}}},"fnMap":{"0":{"name":"(anonymous_0)","decl":{"start":{"line":29,"column":18},"end":{"line":29,"column":19}},"loc":{"start":{"line":34,"column":44},"end":{"line":40,"column":1}},"line":34},"1":{"name":"(anonymous_1)","decl":{"start":{"line":42,"column":21},"end":{"line":42,"column":22}},"loc":{"start":{"line":42,"column":27},"end":{"line":63,"column":1}},"line":42},"2":{"name":"(anonymous_2)","decl":{"start":{"line":76,"column":2},"end":{"line":76,"column":3}},"loc":{"start":{"line":76,"column":36},"end":{"line":84,"column":1}},"line":76},"3":{"name":"(anonymous_3)","decl":{"start":{"line":90,"column":2},"end":{"line":90,"column":3}},"loc":{"start":{"line":90,"column":36},"end":{"line":101,"column":1}},"line":90},"4":{"name":"(anonymous_4)","decl":{"start":{"line":107,"column":2},"end":{"line":107,"column":3}},"loc":{"start":{"line":107,"column":25},"end":{"line":123,"column":1}},"line":107},"5":{"name":"(anonymous_5)","decl":{"start":{"line":129,"column":2},"end":{"line":129,"column":3}},"loc":{"start":{"line":129,"column":36},"end":{"line":140,"column":1}},"line":129},"6":{"name":"(anonymous_6)","decl":{"start":{"line":146,"column":2},"end":{"line":146,"column":3}},"loc":{"start":{"line":146,"column":46},"end":{"line":164,"column":1}},"line":146}},"branchMap":{"0":{"loc":{"start":{"line":49,"column":2},"end":{"line":51,"column":3}},"type":"if","locations":[{"start":{"line":49,"column":2},"end":{"line":51,"column":3}},{"start":{},"end":{}}],"line":49},"1":{"loc":{"start":{"line":96,"column":20},"end":{"line":96,"column":47}},"type":"binary-expr","locations":[{"start":{"line":96,"column":20},"end":{"line":96,"column":25}},{"start":{"line":96,"column":29},"end":{"line":96,"column":47}}],"line":96},"2":{"loc":{"start":{"line":115,"column":8},"end":{"line":117,"column":51}},"type":"cond-expr","locations":[{"start":{"line":116,"column":12},"end":{"line":116,"column":34}},{"start":{"line":117,"column":12},"end":{"line":117,"column":51}}],"line":115},"3":{"loc":{"start":{"line":148,"column":15},"end":{"line":148,"column":56}},"type":"cond-expr","locations":[{"start":{"line":148,"column":23},"end":{"line":148,"column":45}},{"start":{"line":148,"column":48},"end":{"line":148,"column":56}}],"line":148},"4":{"loc":{"start":{"line":150,"column":2},"end":{"line":152,"column":3}},"type":"if","locations":[{"start":{"line":150,"column":2},"end":{"line":152,"column":3}},{"start":{},"end":{}}],"line":150}},"s":{"0":1,"1":1,"2":1,"3":0,"4":1,"5":0,"6":0,"7":0,"8":0,"9":0,"10":0,"11":0,"12":0,"13":1,"14":1,"15":0,"16":0,"17":1,"18":1,"19":0,"20":0,"21":1,"22":1,"23":0,"24":0,"25":1,"26":1,"27":0,"28":0,"29":1,"30":1,"31":0,"32":0,"33":0,"34":0,"35":0,"36":1},"f":{"0":0,"1":0,"2":0,"3":0,"4":0,"5":0,"6":0},"b":{"0":[0,0],"1":[0,0],"2":[0,0],"3":[0,0],"4":[0,0]},"_coverageSchema":"1a1c01bbd47fc00a2c39e90264f33305004495a9","hash":"d6ec39b9b00c48f20ed29a0887863c2ed9b36030"},"/Users/ysadamt/tamu/spring2024/csce331/projects/project-3-full-stack-agile-web-project-3-907-30/src/components/ui/input.tsx":{"path":"/Users/ysadamt/tamu/spring2024/csce331/projects/project-3-full-stack-agile-web-project-3-907-30/src/components/ui/input.tsx","statementMap":{"0":{"start":{"line":8,"column":14},"end":{"line":22,"column":1}},"1":{"start":{"line":10,"column":4},"end":{"line":20,"column":5}},"2":{"start":{"line":23,"column":0},"end":{"line":23,"column":27}}},"fnMap":{"0":{"name":"(anonymous_0)","decl":{"start":{"line":9,"column":2},"end":{"line":9,"column":3}},"loc":{"start":{"line":9,"column":42},"end":{"line":21,"column":3}},"line":9}},"branchMap":{},"s":{"0":1,"1":0,"2":1},"f":{"0":0},"b":{},"_coverageSchema":"1a1c01bbd47fc00a2c39e90264f33305004495a9","hash":"a5aab2738a5385fd5446c9d5c9e477dbafd41d1d"},"/Users/ysadamt/tamu/spring2024/csce331/projects/project-3-full-stack-agile-web-project-3-907-30/src/components/customer/customer-sign-up.tsx":{"path":"/Users/ysadamt/tamu/spring2024/csce331/projects/project-3-full-stack-agile-web-project-3-907-30/src/components/customer/customer-sign-up.tsx","statementMap":{"0":{"start":{"line":22,"column":19},"end":{"line":32,"column":2}},"1":{"start":{"line":49,"column":23},"end":{"line":169,"column":1}},"2":{"start":{"line":50,"column":37},"end":{"line":50,"column":52}},"3":{"start":{"line":52,"column":14},"end":{"line":59,"column":3}},"4":{"start":{"line":62,"column":19},"end":{"line":62,"column":55}},"5":{"start":{"line":64,"column":18},"end":{"line":64,"column":57}},"6":{"start":{"line":66,"column":2},"end":{"line":81,"column":3}},"7":{"start":{"line":67,"column":3},"end":{"line":71,"column":6}},"8":{"start":{"line":74,"column":3},"end":{"line":77,"column":6}},"9":{"start":{"line":79,"column":3},"end":{"line":79,"column":16}},"10":{"start":{"line":80,"column":3},"end":{"line":80,"column":24}},"11":{"start":{"line":84,"column":1},"end":{"line":168,"column":2}},"12":{"start":{"line":103,"column":9},"end":{"line":109,"column":20}},"13":{"start":{"line":116,"column":9},"end":{"line":122,"column":20}},"14":{"start":{"line":129,"column":9},"end":{"line":157,"column":20}}},"fnMap":{"0":{"name":"(anonymous_0)","decl":{"start":{"line":49,"column":23},"end":{"line":49,"column":24}},"loc":{"start":{"line":49,"column":29},"end":{"line":169,"column":1}},"line":49},"1":{"name":"onSubmit","decl":{"start":{"line":61,"column":16},"end":{"line":61,"column":24}},"loc":{"start":{"line":61,"column":59},"end":{"line":82,"column":2}},"line":61},"2":{"name":"(anonymous_2)","decl":{"start":{"line":102,"column":16},"end":{"line":102,"column":17}},"loc":{"start":{"line":103,"column":9},"end":{"line":109,"column":20}},"line":103},"3":{"name":"(anonymous_3)","decl":{"start":{"line":115,"column":16},"end":{"line":115,"column":17}},"loc":{"start":{"line":116,"column":9},"end":{"line":122,"column":20}},"line":116},"4":{"name":"(anonymous_4)","decl":{"start":{"line":128,"column":16},"end":{"line":128,"column":17}},"loc":{"start":{"line":129,"column":9},"end":{"line":157,"column":20}},"line":129}},"branchMap":{"0":{"loc":{"start":{"line":66,"column":2},"end":{"line":81,"column":3}},"type":"if","locations":[{"start":{"line":66,"column":2},"end":{"line":81,"column":3}},{"start":{"line":73,"column":7},"end":{"line":81,"column":3}}],"line":66}},"s":{"0":1,"1":1,"2":0,"3":0,"4":0,"5":0,"6":0,"7":0,"8":0,"9":0,"10":0,"11":0,"12":0,"13":0,"14":0},"f":{"0":0,"1":0,"2":0,"3":0,"4":0},"b":{"0":[0,0]},"_coverageSchema":"1a1c01bbd47fc00a2c39e90264f33305004495a9","hash":"6d47fb63a721cd900fa289004fdecb1c5e6a241c"},"/Users/ysadamt/tamu/spring2024/csce331/projects/project-3-full-stack-agile-web-project-3-907-30/src/components/customer/rewards-button.tsx":{"path":"/Users/ysadamt/tamu/spring2024/csce331/projects/project-3-full-stack-agile-web-project-3-907-30/src/components/customer/rewards-button.tsx","statementMap":{"0":{"start":{"line":28,"column":19},"end":{"line":32,"column":2}},"1":{"start":{"line":41,"column":22},"end":{"line":144,"column":1}},"2":{"start":{"line":42,"column":37},"end":{"line":42,"column":52}},"3":{"start":{"line":44,"column":14},"end":{"line":49,"column":3}},"4":{"start":{"line":53,"column":19},"end":{"line":53,"column":60}},"5":{"start":{"line":55,"column":2},"end":{"line":55,"column":45}},"6":{"start":{"line":57,"column":29},"end":{"line":57,"column":66}},"7":{"start":{"line":58,"column":2},"end":{"line":74,"column":3}},"8":{"start":{"line":59,"column":3},"end":{"line":62,"column":6}},"9":{"start":{"line":65,"column":3},"end":{"line":65,"column":16}},"10":{"start":{"line":66,"column":3},"end":{"line":66,"column":25}},"11":{"start":{"line":67,"column":3},"end":{"line":67,"column":24}},"12":{"start":{"line":69,"column":3},"end":{"line":73,"column":6}},"13":{"start":{"line":77,"column":1},"end":{"line":143,"column":3}},"14":{"start":{"line":103,"column":9},"end":{"line":131,"column":20}}},"fnMap":{"0":{"name":"(anonymous_0)","decl":{"start":{"line":41,"column":22},"end":{"line":41,"column":23}},"loc":{"start":{"line":41,"column":63},"end":{"line":144,"column":1}},"line":41},"1":{"name":"onSubmit","decl":{"start":{"line":51,"column":16},"end":{"line":51,"column":24}},"loc":{"start":{"line":51,"column":59},"end":{"line":75,"column":2}},"line":51},"2":{"name":"(anonymous_2)","decl":{"start":{"line":102,"column":16},"end":{"line":102,"column":17}},"loc":{"start":{"line":103,"column":9},"end":{"line":131,"column":20}},"line":103}},"branchMap":{"0":{"loc":{"start":{"line":58,"column":2},"end":{"line":74,"column":3}},"type":"if","locations":[{"start":{"line":58,"column":2},"end":{"line":74,"column":3}},{"start":{"line":68,"column":9},"end":{"line":74,"column":3}}],"line":58}},"s":{"0":1,"1":1,"2":4,"3":4,"4":0,"5":0,"6":0,"7":0,"8":0,"9":0,"10":0,"11":0,"12":0,"13":4,"14":0},"f":{"0":4,"1":0,"2":0},"b":{"0":[0,0]},"_coverageSchema":"1a1c01bbd47fc00a2c39e90264f33305004495a9","hash":"7bb09029f2bd4608a19468109f069f2fa62c3aff"},"/Users/ysadamt/tamu/spring2024/csce331/projects/project-3-full-stack-agile-web-project-3-907-30/src/components/customer/customer-weather.tsx":{"path":"/Users/ysadamt/tamu/spring2024/csce331/projects/project-3-full-stack-agile-web-project-3-907-30/src/components/customer/customer-weather.tsx","statementMap":{"0":{"start":{"line":12,"column":33},"end":{"line":20,"column":1}},"1":{"start":{"line":13,"column":18},"end":{"line":13,"column":53}},"2":{"start":{"line":14,"column":1},"end":{"line":16,"column":2}},"3":{"start":{"line":15,"column":2},"end":{"line":15,"column":44}},"4":{"start":{"line":18,"column":23},"end":{"line":18,"column":44}},"5":{"start":{"line":19,"column":1},"end":{"line":19,"column":13}},"6":{"start":{"line":34,"column":16},"end":{"line":60,"column":1}},"7":{"start":{"line":36,"column":1},"end":{"line":58,"column":2}},"8":{"start":{"line":38,"column":3},"end":{"line":38,"column":15}},"9":{"start":{"line":39,"column":3},"end":{"line":39,"column":9}},"10":{"start":{"line":41,"column":3},"end":{"line":41,"column":16}},"11":{"start":{"line":42,"column":3},"end":{"line":42,"column":9}},"12":{"start":{"line":44,"column":3},"end":{"line":44,"column":15}},"13":{"start":{"line":45,"column":3},"end":{"line":45,"column":9}},"14":{"start":{"line":47,"column":3},"end":{"line":47,"column":14}},"15":{"start":{"line":48,"column":3},"end":{"line":48,"column":9}},"16":{"start":{"line":50,"column":3},"end":{"line":50,"column":14}},"17":{"start":{"line":51,"column":3},"end":{"line":51,"column":9}},"18":{"start":{"line":53,"column":3},"end":{"line":53,"column":14}},"19":{"start":{"line":54,"column":3},"end":{"line":54,"column":9}},"20":{"start":{"line":56,"column":3},"end":{"line":56,"column":35}},"21":{"start":{"line":57,"column":3},"end":{"line":57,"column":9}},"22":{"start":{"line":59,"column":1},"end":{"line":59,"column":13}},"23":{"start":{"line":68,"column":24},"end":{"line":77,"column":1}},"24":{"start":{"line":70,"column":23},"end":{"line":70,"column":71}},"25":{"start":{"line":72,"column":1},"end":{"line":76,"column":3}}},"fnMap":{"0":{"name":"(anonymous_0)","decl":{"start":{"line":12,"column":33},"end":{"line":12,"column":34}},"loc":{"start":{"line":12,"column":45},"end":{"line":20,"column":1}},"line":12},"1":{"name":"(anonymous_1)","decl":{"start":{"line":34,"column":16},"end":{"line":34,"column":17}},"loc":{"start":{"line":34,"column":43},"end":{"line":60,"column":1}},"line":34},"2":{"name":"(anonymous_2)","decl":{"start":{"line":68,"column":24},"end":{"line":68,"column":25}},"loc":{"start":{"line":68,"column":57},"end":{"line":77,"column":1}},"line":68}},"branchMap":{"0":{"loc":{"start":{"line":14,"column":1},"end":{"line":16,"column":2}},"type":"if","locations":[{"start":{"line":14,"column":1},"end":{"line":16,"column":2}},{"start":{},"end":{}}],"line":14},"1":{"loc":{"start":{"line":36,"column":1},"end":{"line":58,"column":2}},"type":"switch","locations":[{"start":{"line":37,"column":2},"end":{"line":39,"column":9}},{"start":{"line":40,"column":2},"end":{"line":42,"column":9}},{"start":{"line":43,"column":2},"end":{"line":45,"column":9}},{"start":{"line":46,"column":2},"end":{"line":48,"column":9}},{"start":{"line":49,"column":2},"end":{"line":51,"column":9}},{"start":{"line":52,"column":2},"end":{"line":54,"column":9}},{"start":{"line":55,"column":2},"end":{"line":57,"column":9}}],"line":36},"2":{"loc":{"start":{"line":56,"column":10},"end":{"line":56,"column":34}},"type":"cond-expr","locations":[{"start":{"line":56,"column":25},"end":{"line":56,"column":28}},{"start":{"line":56,"column":31},"end":{"line":56,"column":34}}],"line":56},"3":{"loc":{"start":{"line":70,"column":23},"end":{"line":70,"column":71}},"type":"cond-expr","locations":[{"start":{"line":70,"column":38},"end":{"line":70,"column":53}},{"start":{"line":70,"column":56},"end":{"line":70,"column":71}}],"line":70}},"s":{"0":1,"1":4,"2":0,"3":0,"4":0,"5":0,"6":1,"7":0,"8":0,"9":0,"10":0,"11":0,"12":0,"13":0,"14":0,"15":0,"16":0,"17":0,"18":0,"19":0,"20":0,"21":0,"22":0,"23":1,"24":0,"25":0},"f":{"0":4,"1":0,"2":0},"b":{"0":[0,0],"1":[0,0,0,0,0,0,0],"2":[0,0],"3":[0,0]},"_coverageSchema":"1a1c01bbd47fc00a2c39e90264f33305004495a9","hash":"7dccf4e11bd67956c4d6981965fefce37493d7ae"},"/Users/ysadamt/tamu/spring2024/csce331/projects/project-3-full-stack-agile-web-project-3-907-30/src/components/customer/customer-info.tsx":{"path":"/Users/ysadamt/tamu/spring2024/csce331/projects/project-3-full-stack-agile-web-project-3-907-30/src/components/customer/customer-info.tsx","statementMap":{"0":{"start":{"line":16,"column":38},"end":{"line":68,"column":1}},"1":{"start":{"line":17,"column":57},"end":{"line":17,"column":72}},"2":{"start":{"line":20,"column":2},"end":{"line":24,"column":3}},"3":{"start":{"line":21,"column":4},"end":{"line":21,"column":76}},"4":{"start":{"line":22,"column":4},"end":{"line":22,"column":80}},"5":{"start":{"line":23,"column":4},"end":{"line":23,"column":72}},"6":{"start":{"line":27,"column":2},"end":{"line":65,"column":9}},"7":{"start":{"line":28,"column":27},"end":{"line":58,"column":5}},"8":{"start":{"line":35,"column":6},"end":{"line":50,"column":7}},"9":{"start":{"line":36,"column":8},"end":{"line":36,"column":59}},"10":{"start":{"line":37,"column":8},"end":{"line":37,"column":63}},"11":{"start":{"line":38,"column":8},"end":{"line":38,"column":55}},"12":{"start":{"line":39,"column":8},"end":{"line":39,"column":52}},"13":{"start":{"line":40,"column":8},"end":{"line":40,"column":56}},"14":{"start":{"line":41,"column":8},"end":{"line":41,"column":48}},"15":{"start":{"line":44,"column":8},"end":{"line":44,"column":27}},"16":{"start":{"line":45,"column":8},"end":{"line":45,"column":29}},"17":{"start":{"line":46,"column":8},"end":{"line":46,"column":25}},"18":{"start":{"line":47,"column":8},"end":{"line":47,"column":24}},"19":{"start":{"line":48,"column":8},"end":{"line":48,"column":26}},"20":{"start":{"line":49,"column":8},"end":{"line":49,"column":22}},"21":{"start":{"line":51,"column":6},"end":{"line":57,"column":7}},"22":{"start":{"line":52,"colum
[...]
}},"loc":{"start":{"line":267,"column":50},"end":{"line":267,"column":63}},"line":267},"21":{"name":"(anonymous_21)","decl":{"start":{"line":292,"column":15},"end":{"line":292,"column":16}},"loc":{"start":{"line":292,"column":25},"end":{"line":292,"column":61}},"line":292},"22":{"name":"(anonymous_22)","decl":{"start":{"line":358,"column":25},"end":{"line":358,"column":26}},"loc":{"start":{"line":358,"column":37},"end":{"line":362,"column":3}},"line":358},"23":{"name":"(anonymous_23)","decl":{"start":{"line":376,"column":31},"end":{"line":376,"column":32}},"loc":{"start":{"line":376,"column":77},"end":{"line":389,"column":3}},"line":376},"24":{"name":"(anonymous_24)","decl":{"start":{"line":403,"column":38},"end":{"line":403,"column":39}},"loc":{"start":{"line":403,"column":50},"end":{"line":432,"column":3}},"line":403},"25":{"name":"(anonymous_25)","decl":{"start":{"line":406,"column":11},"end":{"line":406,"column":12}},"loc":{"start":{"line":406,"column":21},"end":{"line":406,"column":57}},"line":406},"26":{"name":"(anonymous_26)","decl":{"start":{"line":434,"column":30},"end":{"line":434,"column":31}},"loc":{"start":{"line":434,"column":53},"end":{"line":451,"column":3}},"line":434},"27":{"name":"(anonymous_27)","decl":{"start":{"line":435,"column":18},"end":{"line":435,"column":19}},"loc":{"start":{"line":435,"column":38},"end":{"line":439,"column":5}},"line":435},"28":{"name":"(anonymous_28)","decl":{"start":{"line":454,"column":12},"end":{"line":454,"column":13}},"loc":{"start":{"line":454,"column":18},"end":{"line":461,"column":3}},"line":454},"29":{"name":"(anonymous_29)","decl":{"start":{"line":455,"column":29},"end":{"line":455,"column":30}},"loc":{"start":{"line":455,"column":41},"end":{"line":458,"column":5}},"line":455},"30":{"name":"(anonymous_30)","decl":{"start":{"line":463,"column":12},"end":{"line":463,"column":13}},"loc":{"start":{"line":463,"column":18},"end":{"line":472,"column":3}},"line":463},"31":{"name":"(anonymous_31)","decl":{"start":{"line":523,"column":39},"end":{"line":523,"column":40}},"loc":{"start":{"line":523,"column":54},"end":{"line":526,"column":23}},"line":523},"32":{"name":"(anonymous_32)","decl":{"start":{"line":535,"column":36},"end":{"line":535,"column":37}},"loc":{"start":{"line":536,"column":22},"end":{"line":596,"column":27}},"line":536},"33":{"name":"(anonymous_33)","decl":{"start":{"line":546,"column":41},"end":{"line":546,"column":42}},"loc":{"start":{"line":546,"column":47},"end":{"line":546,"column":73}},"line":546},"34":{"name":"(anonymous_34)","decl":{"start":{"line":554,"column":41},"end":{"line":554,"column":42}},"loc":{"start":{"line":554,"column":47},"end":{"line":554,"column":73}},"line":554},"35":{"name":"(anonymous_35)","decl":{"start":{"line":562,"column":38},"end":{"line":562,"column":39}},"loc":{"start":{"line":563,"column":30},"end":{"line":563,"column":94}},"line":563},"36":{"name":"(anonymous_36)","decl":{"start":{"line":570,"column":40},"end":{"line":570,"column":41}},"loc":{"start":{"line":570,"column":54},"end":{"line":570,"column":81}},"line":570},"37":{"name":"(anonymous_37)","decl":{"start":{"line":571,"column":52},"end":{"line":571,"column":53}},"loc":{"start":{"line":572,"column":36},"end":{"line":591,"column":42}},"line":572},"38":{"name":"(anonymous_38)","decl":{"start":{"line":580,"column":50},"end":{"line":580,"column":51}},"loc":{"start":{"line":581,"column":42},"end":{"line":587,"column":44}},"line":581},"39":{"name":"(anonymous_39)","decl":{"start":{"line":616,"column":29},"end":{"line":616,"column":30}},"loc":{"start":{"line":616,"column":41},"end":{"line":618,"column":21}},"line":616},"40":{"name":"(anonymous_40)","decl":{"start":{"line":640,"column":28},"end":{"line":640,"column":29}},"loc":{"start":{"line":640,"column":34},"end":{"line":640,"column":50}},"line":640},"41":{"name":"(anonymous_41)","decl":{"start":{"line":641,"column":28},"end":{"line":641,"column":29}},"loc":{"start":{"line":641,"column":34},"end":{"line":641,"column":53}},"line":641},"42":{"name":"(anonymous_42)","decl":{"start":{"line":650,"column":28},"end":{"line":650,"column":29}},"loc":{"start":{"line":651,"column":14},"end":{"line":664,"column":28}},"line":651},"43":{"name":"(anonymous_43)","decl":{"start":{"line":655,"column":30},"end":{"line":655,"column":31}},"loc":{"start":{"line":655,"column":36},"end":{"line":655,"column":56}},"line":655},"44":{"name":"(anonymous_44)","decl":{"start":{"line":656,"column":30},"end":{"line":656,"column":31}},"loc":{"start":{"line":656,"column":36},"end":{"line":656,"column":55}},"line":656},"45":{"name":"(anonymous_45)","decl":{"start":{"line":669,"column":28},"end":{"line":669,"column":29}},"loc":{"start":{"line":669,"column":34},"end":{"line":669,"column":50}},"line":669},"46":{"name":"(anonymous_46)","decl":{"start":{"line":670,"column":28},"end":{"line":670,"column":29}},"loc":{"start":{"line":670,"column":34},"end":{"line":670,"column":53}},"line":670},"47":{"name":"(anonymous_47)","decl":{"start":{"line":683,"column":24},"end":{"line":683,"column":25}},"loc":{"start":{"line":684,"column":10},"end":{"line":768,"column":24}},"line":684},"48":{"name":"(anonymous_48)","decl":{"start":{"line":688,"column":26},"end":{"line":688,"column":27}},"loc":{"start":{"line":688,"column":36},"end":{"line":688,"column":86}},"line":688},"49":{"name":"(anonymous_49)","decl":{"start":{"line":689,"column":23},"end":{"line":689,"column":24}},"loc":{"start":{"line":689,"column":38},"end":{"line":765,"column":19}},"line":689},"50":{"name":"(anonymous_50)","decl":{"start":{"line":693,"column":38},"end":{"line":693,"column":39}},"loc":{"start":{"line":693,"column":44},"end":{"line":693,"column":69}},"line":693},"51":{"name":"(anonymous_51)","decl":{"start":{"line":694,"column":38},"end":{"line":694,"column":39}},"loc":{"start":{"line":694,"column":44},"end":{"line":694,"column":64}},"line":694},"52":{"name":"(anonymous_52)","decl":{"start":{"line":697,"column":137},"end":{"line":697,"column":138}},"loc":{"start":{"line":697,"column":143},"end":{"line":697,"column":160}},"line":697},"53":{"name":"(anonymous_53)","decl":{"start":{"line":746,"column":44},"end":{"line":746,"column":45}},"loc":{"start":{"line":746,"column":51},"end":{"line":746,"column":96}},"line":746},"54":{"name":"(anonymous_54)","decl":{"start":{"line":752,"column":43},"end":{"line":752,"column":44}},"loc":{"start":{"line":752,"column":49},"end":{"line":755,"column":35}},"line":752}},"branchMap":{"0":{"loc":{"start":{"line":190,"column":6},"end":{"line":192,"column":7}},"type":"if","locations":[{"start":{"line":190,"column":6},"end":{"line":192,"column":7}},{"start":{},"end":{}}],"line":190},"1":{"loc":{"start":{"line":227,"column":9},"end":{"line":227,"column":42}},"type":"cond-expr","locations":[{"start":{"line":227,"column":27},"end":{"line":227,"column":38}},{"start":{"line":227,"column":41},"end":{"line":227,"column":42}}],"line":227},"2":{"loc":{"start":{"line":229,"column":6},"end":{"line":233,"column":7}},"type":"if","locations":[{"start":{"line":229,"column":6},"end":{"line":233,"column":7}},{"start":{"line":231,"column":13},"end":{"line":233,"column":7}}],"line":229},"3":{"loc":{"start":{"line":229,"column":10},"end":{"line":229,"column":58}},"type":"binary-expr","locations":[{"start":{"line":229,"column":10},"end":{"line":229,"column":25}},{"start":{"line":229,"column":29},"end":{"line":229,"column":58}}],"line":229},"4":{"loc":{"start":{"line":231,"column":13},"end":{"line":233,"column":7}},"type":"if","locations":[{"start":{"line":231,"column":13},"end":{"line":233,"column":7}},{"start":{},"end":{}}],"line":231},"5":{"loc":{"start":{"line":231,"column":17},"end":{"line":231,"column":65}},"type":"binary-expr","locations":[{"start":{"line":231,"column":17},"end":{"line":231,"column":32}},{"start":{"line":231,"column":36},"end":{"line":231,"column":65}}],"line":231},"6":{"loc":{"start":{"line":268,"column":36},"end":{"line":268,"column":69}},"type":"cond-expr","locations":[{"start":{"line":268,"column":54},"end":{"line":268,"column":65}},{"start":{"line":268,"column":68},"end":{"line":268,"column":69}}],"line":268},"7":{"loc":{"start":{"line":270,"column":6},"end":{"line":274,"column":7}},"type":"if","locations":[{"start":{"line":270,"column":6},"end":{"line":274,"column":7}},{"start":{"line":272,"column":13},"end":{"line":274,"column":7}}],"line":270},"8":{"loc":{"start":{"line":270,"column":10},"end":{"line":270,"column":48}},"type":"binary-expr","locations":[{"start":{"line":270,"column":10},"end":{"line":270,"column":25}},{"start":{"line":270,"column":29},"end":{"line":270,"column":48}}],"line":270},"9":{"loc":{"start":{"line":272,"column":13},"end":{"line":274,"column":7}},"type":"if","locations":[{"start":{"line":272,"column":13},"end":{"line":274,"column":7}},{"start":{},"end":{}}],"line":272},"10":{"loc":{"start":{"line":272,"column":17},"end":{"line":272,"column":55}},"type":"binary-expr","locations":[{"start":{"line":272,"column":17},"end":{"line":272,"column":32}},{"start":{"line":272,"column":36},"end":{"line":272,"column":55}}],"line":272},"11":{"loc":{"start":{"line":288,"column":6},"end":{"line":312,"column":7}},"type":"if","locations":[{"start":{"line":288,"column":6},"end":{"line":312,"column":7}},{"start":{},"end":{}}],"line":288},"12":{"loc":{"start":{"line":288,"column":10},"end":{"line":288,"column":55}},"type":"binary-expr","locations":[{"start":{"line":288,"column":10},"end":{"line":288,"column":26}},{"start":{"line":288,"column":30},"end":{"line":288,"column":33}},{"start":{"line":288,"column":37},"end":{"line":288,"column":55}}],"line":288},"13":{"loc":{"start":{"line":289,"column":28},"end":{"line":289,"column":85}},"type":"cond-expr","locations":[{"start":{"line":289,"column":45},"end":{"line":289,"column":81}},{"start":{"line":289,"column":84},"end":{"line":289,"column":85}}],"line":289},"14":{"loc":{"start":{"line":308,"column":8},"end":{"line":311,"column":9}},"type":"if","locations":[{"start":{"line":308,"column":8},"end":{"line":311,"column":9}},{"start":{},"end":{}}],"line":308},"15":{"loc":{"start":{"line":308,"column":12},"end":{"line":308,"column":44}},"type":"binary-expr","locations":[{"start":{"line":308,"column":12},"end":{"line":308,"column":22}},{"start":{"line":308,"column":26},"end":{"line":308,"column":44}}],"line":308},"16":{"loc":{"start":{"line":314,"column":6},"end":{"line":336,"column":7}},"type":"if","locations":[{"start":{"line":314,"column":6},"end":{"line":336,"column":7}},{"start":{"line":334,"column":13},"end":{"line":336,"column":7}}],"line":314},"17":{"loc":{"start":{"line":314,"column":10},"end":{"line":314,"column":35}},"type":"binary-expr","locations":[{"start":{"line":314,"column":10},"end":{"line":314,"column":13}},{"start":{"line":314,"column":17},"end":{"line":314,"column":35}}],"line":314},"18":{"loc":{"start":{"line":328,"column":25},"end":{"line":328,"column":55}},"type":"cond-expr","locations":[{"start":{"line":328,"column":43},"end":{"line":328,"column":47}},{"start":{"line":328,"column":50},"end":{"line":328,"column":55}}],"line":328},"19":{"loc":{"start":{"line":422,"column":4},"end":{"line":431,"column":5}},"type":"if","locations":[{"start":{"line":422,"column":4},"end":{"line":431,"column":5}},{"start":{"line":424,"column":11},"end":{"line":431,"column":5}}],"line":422},"20":{"loc":{"start":{"line":422,"column":8},"end":{"line":422,"column":71}},"type":"binary-expr","locations":[{"start":{"line":422,"column":8},"end":{"line":422,"column":23}},{"start":{"line":422,"column":27},"end":{"line":422,"column":71}}],"line":422},"21":{"loc":{"start":{"line":447,"column":4},"end":{"line":449,"column":5}},"type":"if","locations":[{"start":{"line":447,"column":4},"end":{"line":449,"column":5}},{"start":{},"end":{}}],"line":447},"22":{"loc":{"start":{"line":467,"column":4},"end":{"line":471,"column":5}},"type":"if","locations":[{"start":{"line":467,"column":4},"end":{"line":471,"column":5}},{"start":{},"end":{}}],"line":467},"23":{"loc":{"start":{"line":563,"column":30},"end":{"line":563,"column":94}},"type":"cond-expr","locations":[{"start":{"line":563,"column":39},"end":{"line":563,"column":65}},{"start":{"line":563,"column":68},"end":{"line":563,"column":94}}],"line":563},"24":{"loc":{"start":{"line":568,"column":31},"end":{"line":592,"column":36}},"type":"binary-expr","locations":[{"start":{"line":568,"column":31},"end":{"line":568,"column":40}},{"start":{"line":569,"column":32},"end":{"line":592,"column":36}}],"line":568},"25":{"loc":{"start":{"line":578,"column":42},"end":{"line":578,"column":98}},"type":"binary-expr","locations":[{"start":{"line":578,"column":42},"end":{"line":578,"column":93}},{"start":{"line":578,"column":97},"end":{"line":578,"column":98}}],"line":578},"26":{"loc":{"start":{"line":578,"column":43},"end":{"line":578,"column":80}},"type":"binary-expr","locations":[{"start":{"line":578,"column":43},"end":{"line":578,"column":74}},{"start":{"line":578,"column":78},"end":{"line":578,"column":80}}],"line":578},"27":{"loc":{"start":{"line":584,"column":50},"end":{"line":584,"column":87}},"type":"binary-expr","locations":[{"start":{"line":584,"column":50},"end":{"line":584,"column":81}},{"start":{"line":584,"column":85},"end":{"line":584,"column":87}}],"line":584},"28":{"loc":{"start":{"line":585,"column":60},"end":{"line":585,"column":93}},"type":"binary-expr","locations":[{"start":{"line":585,"column":60},"end":{"line":585,"column":88}},{"start":{"line":585,"column":92},"end":{"line":585,"column":93}}],"line":585},"29":{"loc":{"start":{"line":646,"column":15},"end":{"line":648,"column":15}},"type":"binary-expr","locations":[{"start":{"line":646,"column":15},"end":{"line":646,"column":31}},{"start":{"line":647,"column":16},"end":{"line":647,"column":137}}],"line":646},"30":{"loc":{"start":{"line":661,"column":17},"end":{"line":663,"column":17}},"type":"binary-expr","locations":[{"start":{"line":661,"column":17},"end":{"line":661,"column":37}},{"start":{"line":662,"column":18},"end":{"line":662,"column":139}}],"line":661},"31":{"loc":{"start":{"line":675,"column":15},"end":{"line":677,"column":15}},"type":"binary-expr","locations":[{"start":{"line":675,"column":15},"end":{"line":675,"column":31}},{"start":{"line":676,"column":16},"end":{"line":676,"column":137}}],"line":675},"32":{"loc":{"start":{"line":692,"column":118},"end":{"line":692,"column":193}},"type":"cond-expr","locations":[{"start":{"line":692,"column":146},"end":{"line":692,"column":188}},{"start":{"line":692,"column":191},"end":{"line":692,"column":193}}],"line":692},"33":{"loc":{"start":{"line":709,"column":31},"end":{"line":710,"column":156}},"type":"binary-expr","locations":[{"start":{"line":709,"column":31},"end":{"line":709,"column":43}},{"start":{"line":710,"column":32},"end":{"line":710,"column":156}}],"line":709},"34":{"loc":{"start":{"line":729,"column":33},"end":{"line":729,"column":101}},"type":"binary-expr","locations":[{"start":{"line":729,"column":33},"end":{"line":729,"column":60}},{"start":{"line":729,"column":64},"end":{"line":729,"column":101}}],"line":729},"35":{"loc":{"start":{"line":730,"column":33},"end":{"line":730,"column":99}},"type":"binary-expr","locations":[{"start":{"line":730,"column":33},"end":{"line":730,"column":59}},{"start":{"line":730,"column":63},"end":{"line":730,"column":99}}],"line":730},"36":{"loc":{"start":{"line":731,"column":33},"end":{"line":731,"column":99}},"type":"binary-expr","locations":[{"start":{"line":731,"column":33},"end":{"line":731,"column":59}},{"start":{"line":731,"column":63},"end":{"line":731,"column":99}}],"line":731},"37":{"loc":{"start":{"line":732,"column":33},"end":{"line":732,"column":100}},"type":"binary-expr","locations":[{"start":{"line":732,"column":33},"end":{"line":732,"column":59}},{"start":{"line":732,"column":63},"end":{"line":732,"column":100}}],"line":732},"38":{"loc":{"start":{"line":733,"column":33},"end":{"line":733,"column":100}},"type":"binary-expr","locations":[{"start":{"line":733,"column":33},"end":{"line":733,"column":59}},{"start":{"line":733,"column":63},"end":{"line":733,"column":100}}],"line":733},"39":{"loc":{"start":{"line":775,"column":16},"end":{"line":777,"column":17}},"type":"binary-expr","locations":[{"start":{"line":775,"column":16},"end":{"line":775,"column":45}},{"start":{"line":775,"column":49},"end":{"line":775,"column":92}},{"start":{"line":776,"column":18},"end":{"line":776,"column":92}}],"line":775}},"s":{"0":1,"1":2,"2":2,"3":2,"4":2,"5":2,"6":2,"7":2,"8":2,"9":2,"10":2,"11":2,"12":2,"13":2,"14":2,"15":2,"16":2,"17":2,"18":2,"19":2,"20":2,"21":2,"22":2,"23":2,"24":0,"25":0,"26":2,"27":0,"28":0,"29":0,"30":0,"31":0,"32":2,"33":2,"34":0,"35":0,"36":0,"37":0,"38":0,"39":0,"40":0,"41":0,"42":2,"43":0,"44":2,"45":0,"46":2,"47":0,"48":0,"49":0,"50":0,"51":0,"52":0,"53":0,"54":2,"55":0,"56":0,"57":2,"58":0,"59":0,"60":2,"61":2,"62":2,"63":0,"64":2,"65":2,"66":2,"67":0,"68":2,"69":0,"70":2,"71":2,"72":2,"73":2,"74":2,"75":0,"76":0,"77":0,"78":0,"79":0,"80":0,"81":0,"82":0,"83":0,"84":0,"85":0,"86":0,"87":0,"88":0,"89":0,"90":0,"91":0,"92":0,"93":0,"94":0,"95":0,"96":0,"97":0,"98":0,"99":0,"100":0,"101":0,"102":0,"103":0,"104":0,"105":0,"106":0,"107":0,"108":0,"109":0,"110":0,"111":0,"112":0,"113":2,"114":2,"115":0,"116":0,"117":2,"118":0,"119":0,"120":0,"121":2,"122":0,"123":0,"124":0,"125":0,"126":0,"127":0,"128":0,"129":0,"130":0,"131":0,"132":0,"133":0,"134":2,"135":0,"136":0,"137":0,"138":0,"139":0,"140":0,"141":0,"142":0,"143":0,"144":0,"145":0,"146":2,"147":2,"148":2,"149":0,"150":2,"151":2,"152":2,"153":2,"154":2,"155":2,"156":0,"157":0,"158":0,"159":2,"160":0,"161":0,"162":0,"163":0,"164":0,"165":0,"166":0,"167":0,"168":0,"169":0,"170":0,"171":0,"172":12,"173":0,"174":0,"175":0,"176":0,"177":12,"178":0,"179":0,"180":0,"181":0,"182":0,"183":0,"184":0,"185":0},"f":{"0":2,"1":0,"2":0,"3":0,"4":2,"5":0,"6":0,"7":0,"8":0,"9":0,"10":0,"11":0,"12":0,"13":0,"14":0,"15":2,"16":2,"17":0,"18":0,"19":0,"20":0,"21":0,"22":2,"23":0,"24":0,"25":0,"26":0,"27":0,"28":2,"29":2,"30":2,"31":0,"32":0,"33":0,"34":0,"35":0,"36":0,"37":0,"38":0,"39":0,"40":0,"41":0,"42":12,"43":0,"44":0,"45":0,"46":0,"47":12,"48":0,"49":0,"50":0,"51":0,"52":0,"53":0,"54":0},"b":{"0":[0,0],"1":[0,2],"2":[0,2],"3":[2,0],"4":[0,2],"5":[2,0],"6":[0,0],"7":[0,0],"8":[0,0],"9":[0,0],"10":[0,0],"11":[0,0],"12":[0,0,0],"13":[0,0],"14":[0,0],"15":[0,0],"16":[0,0],"17":[0,0],"18":[0,0],"19":[0,0],"20":[0,0],"21":[0,0],"22":[0,2],"23":[0,0],"24":[0,0],"25":[0,0],"26":[0,0],"27":[0,0],"28":[0,0],"29":[2,0],"30":[12,0],"31":[2,0],"32":[0,0],"33":[0,0],"34":[0,0],"35":[0,0],"36":[0,0],"37":[0,0],"38":[0,0],"39":[2,2,0]},"_coverageSchema":"1a1c01bbd47fc00a2c39e90264f33305004495a9","hash":"a4b6bf84dcf629fa8926ee154f6bfba2f9becaac"},"/Users/ysadamt/tamu/spring2024/csce331/projects/project-3-full-stack-agile-web-project-3-907-30/src/pages/index.tsx":{"path":"/Users/ysadamt/tamu/spring2024/csce331/projects/project-3-full-stack-agile-web-project-3-907-30/src/pages/index.tsx","statementMap":{"0":{"start":{"line":10,"column":2},"end":{"line":16,"column":3}},"1":{"start":{"line":11,"column":4},"end":{"line":15,"column":6}},"2":{"start":{"line":18,"column":2},"end":{"line":20,"column":4}},"3":{"start":{"line":30,"column":2},"end":{"line":34,"column":4}}},"fnMap":{"0":{"name":"getServerSideProps","decl":{"start":{"line":9,"column":22},"end":{"line":9,"column":40}},"loc":{"start":{"line":9,"column":55},"end":{"line":21,"column":1}},"line":9},"1":{"name":"Home","decl":{"start":{"line":29,"column":24},"end":{"line":29,"column":28}},"loc":{"start":{"line":29,"column":31},"end":{"line":35,"column":1}},"line":29}},"branchMap":{"0":{"loc":{"start":{"line":10,"column":2},"end":{"line":16,"column":3}},"type":"if","locations":[{"start":{"line":10,"column":2},"end":{"line":16,"column":3}},{"start":{},"end":{}}],"line":10}},"s":{"0":0,"1":0,"2":0,"3":2},"f":{"0":0,"1":2},"b":{"0":[0,0]},"_coverageSchema":"1a1c01bbd47fc00a2c39e90264f33305004495a9","hash":"488bf8bb6fd6d3015cf1abfd02383203faa6e502"}}